<?xml version="1.0" encoding="UTF-8"?>
<testsuite name="com.allsser.book.springboot.web.HelloControllerTest" tests="2" skipped="0" failures="0" errors="0" timestamp="2021-01-20T07:55:50" hostname="DESKTOP-DI7T465" time="0.131">
  <properties/>
  <testcase name="hello가_리턴된다()" classname="com.allsser.book.springboot.web.HelloControllerTest" time="0.044"/>
  <testcase name="helloDto가_리턴된다()" classname="com.allsser.book.springboot.web.HelloControllerTest" time="0.086"/>
  <system-out><![CDATA[2021-01-20 16:55:49.938  INFO 27808 --- [    Test worker] .b.t.a.w.s.WebMvcTestContextBootstrapper : Neither @ContextConfiguration nor @ContextHierarchy found for test class [com.allsser.book.springboot.web.HelloControllerTest], using SpringBootContextLoader
2021-01-20 16:55:49.939  INFO 27808 --- [    Test worker] o.s.t.c.support.AbstractContextLoader    : Could not detect default resource locations for test class [com.allsser.book.springboot.web.HelloControllerTest]: no resource found for suffixes {-context.xml, Context.groovy}.
2021-01-20 16:55:49.939  INFO 27808 --- [    Test worker] t.c.s.AnnotationConfigContextLoaderUtils : Could not detect default configuration classes for test class [com.allsser.book.springboot.web.HelloControllerTest]: HelloControllerTest does not declare any static, non-private, non-final, nested classes annotated with @Configuration.
2021-01-20 16:55:49.951  INFO 27808 --- [    Test worker] .b.t.c.SpringBootTestContextBootstrapper : Found @SpringBootConfiguration com.allsser.book.springboot.Application for test class com.allsser.book.springboot.web.HelloControllerTest
2021-01-20 16:55:49.952  INFO 27808 --- [    Test worker] .b.t.a.w.s.WebMvcTestContextBootstrapper : Loaded default TestExecutionListener class names from location [META-INF/spring.factories]: [org.springframework.security.test.context.support.WithSecurityContextTestExecutionListener, org.springframework.security.test.context.support.ReactorContextTestExecutionListener, org.springframework.boot.test.autoconfigure.restdocs.RestDocsTestExecutionListener, org.springframework.boot.test.autoconfigure.web.client.MockRestServiceServerResetTestExecutionListener, org.springframework.boot.test.autoconfigure.web.servlet.MockMvcPrintOnlyOnFailureTestExecutionListener, org.springframework.boot.test.autoconfigure.web.servlet.WebDriverTestExecutionListener, org.springframework.boot.test.autoconfigure.webservices.client.MockWebServiceServerTestExecutionListener, org.springframework.boot.test.mock.mockito.MockitoTestExecutionListener, org.springframework.boot.test.mock.mockito.ResetMocksTestExecutionListener, org.springframework.test.context.web.ServletTestExecutionListener, org.springframework.test.context.support.DirtiesContextBeforeModesTestExecutionListener, org.springframework.test.context.support.DependencyInjectionTestExecutionListener, org.springframework.test.context.support.DirtiesContextTestExecutionListener, org.springframework.test.context.transaction.TransactionalTestExecutionListener, org.springframework.test.context.jdbc.SqlScriptsTestExecutionListener, org.springframework.test.context.event.EventPublishingTestExecutionListener]
2021-01-20 16:55:49.953  INFO 27808 --- [    Test worker] .b.t.a.w.s.WebMvcTestContextBootstrapper : Using TestExecutionListeners: [org.springframework.test.context.web.ServletTestExecutionListener@3341a6d3, org.springframework.test.context.support.DirtiesContextBeforeModesTestExecutionListener@168b60f4, org.springframework.boot.test.mock.mockito.MockitoTestExecutionListener@7179984a, org.springframework.boot.test.autoconfigure.SpringBootDependencyInjectionTestExecutionListener@11b0fb9c, org.springframework.test.context.support.DirtiesContextTestExecutionListener@2f79b047, org.springframework.test.context.transaction.TransactionalTestExecutionListener@62b8e99c, org.springframework.test.context.jdbc.SqlScriptsTestExecutionListener@5f3e8649, org.springframework.security.test.context.support.WithSecurityContextTestExecutionListener@49c4ea29, org.springframework.test.context.event.EventPublishingTestExecutionListener@2b5d90de, org.springframework.security.test.context.support.ReactorContextTestExecutionListener@e8c6820, org.springframework.boot.test.autoconfigure.restdocs.RestDocsTestExecutionListener@25abab76, org.springframework.boot.test.autoconfigure.web.client.MockRestServiceServerResetTestExecutionListener@4b509848, org.springframework.boot.test.autoconfigure.web.servlet.MockMvcPrintOnlyOnFailureTestExecutionListener@c4c2a9c, org.springframework.boot.test.autoconfigure.web.servlet.WebDriverTestExecutionListener@61ec9e5d, org.springframework.boot.test.autoconfigure.webservices.client.MockWebServiceServerTestExecutionListener@1964690d, org.springframework.boot.test.mock.mockito.ResetMocksTestExecutionListener@563930b1]

  .   ____          _            __ _ _
 /\\ / ___'_ __ _ _(_)_ __  __ _ \ \ \ \
( ( )\___ | '_ | '_| | '_ \/ _` | \ \ \ \
 \\/  ___)| |_)| | | | | || (_| |  ) ) ) )
  '  |____| .__|_| |_|_| |_\__, | / / / /
 =========|_|==============|___/=/_/_/_/
 :: Spring Boot ::                (v2.4.1)

2021-01-20 16:55:49.978  INFO 27808 --- [    Test worker] c.a.b.s.web.HelloControllerTest          : Starting HelloControllerTest using Java 1.8.0_211 on DESKTOP-DI7T465 with PID 27808 (started by Chan in C:\Users\Chan\Desktop\springboot)
2021-01-20 16:55:49.979  INFO 27808 --- [    Test worker] c.a.b.s.web.HelloControllerTest          : No active profile set, falling back to default profiles: default
2021-01-20 16:55:50.351  INFO 27808 --- [    Test worker] o.s.s.concurrent.ThreadPoolTaskExecutor  : Initializing ExecutorService 'applicationTaskExecutor'
2021-01-20 16:55:50.383  INFO 27808 --- [    Test worker] o.s.b.a.w.s.WelcomePageHandlerMapping    : Adding welcome page template: index
2021-01-20 16:55:50.727  INFO 27808 --- [    Test worker] o.s.s.web.DefaultSecurityFilterChain     : Will secure any request with [org.springframework.security.web.context.request.async.WebAsyncManagerIntegrationFilter@ec6e9e1, org.springframework.security.web.context.SecurityContextPersistenceFilter@73da5c9, org.springframework.security.web.header.HeaderWriterFilter@2dbeec51, org.springframework.security.web.csrf.CsrfFilter@117eded5, org.springframework.security.web.authentication.logout.LogoutFilter@7e45ad04, org.springframework.security.oauth2.client.web.OAuth2AuthorizationRequestRedirectFilter@1a4882, org.springframework.security.oauth2.client.web.OAuth2AuthorizationRequestRedirectFilter@8bfa5a1, org.springframework.security.oauth2.client.web.OAuth2LoginAuthenticationFilter@74ae53c1, org.springframework.security.web.authentication.ui.DefaultLoginPageGeneratingFilter@6ff27212, org.springframework.security.web.authentication.ui.DefaultLogoutPageGeneratingFilter@65766b36, org.springframework.security.web.savedrequest.RequestCacheAwareFilter@c93a6b8, org.springframework.security.web.servletapi.SecurityContextHolderAwareRequestFilter@56950f1f, org.springframework.security.web.authentication.AnonymousAuthenticationFilter@3bbd5de1, org.springframework.security.oauth2.client.web.OAuth2AuthorizationCodeGrantFilter@22ef9f56, org.springframework.security.web.session.SessionManagementFilter@4ad11745, org.springframework.security.web.access.ExceptionTranslationFilter@e10a6b0, org.springframework.security.web.access.intercept.FilterSecurityInterceptor@48c69560]
2021-01-20 16:55:50.805  INFO 27808 --- [    Test worker] o.s.b.t.m.w.SpringBootMockServletContext : Initializing Spring TestDispatcherServlet ''
2021-01-20 16:55:50.805  INFO 27808 --- [    Test worker] o.s.t.web.servlet.TestDispatcherServlet  : Initializing Servlet ''
2021-01-20 16:55:50.806  INFO 27808 --- [    Test worker] o.s.t.web.servlet.TestDispatcherServlet  : Completed initialization in 1 ms
2021-01-20 16:55:50.821  INFO 27808 --- [    Test worker] c.a.b.s.web.HelloControllerTest          : Started HelloControllerTest in 0.864 seconds (JVM running for 11.345)
]]></system-out>
  <system-err><![CDATA[]]></system-err>
</testsuite>
