<?xml version="1.0" encoding="UTF-8"?>
<testsuite name="com.allsser.book.springboot.web.PostsApiControllerTest" tests="2" skipped="0" failures="0" errors="0" timestamp="2021-02-22T14:57:28" hostname="DESKTOP-DI7T465" time="0.088">
  <properties/>
  <testcase name="Posts_등록된다()" classname="com.allsser.book.springboot.web.PostsApiControllerTest" time="0.062"/>
  <testcase name="Posts_수정된다()" classname="com.allsser.book.springboot.web.PostsApiControllerTest" time="0.025"/>
  <system-out><![CDATA[2021-02-22 23:57:28.658  INFO 20252 --- [    Test worker] .b.t.c.SpringBootTestContextBootstrapper : Neither @ContextConfiguration nor @ContextHierarchy found for test class [com.allsser.book.springboot.web.PostsApiControllerTest], using SpringBootContextLoader
2021-02-22 23:57:28.659  INFO 20252 --- [    Test worker] o.s.t.c.support.AbstractContextLoader    : Could not detect default resource locations for test class [com.allsser.book.springboot.web.PostsApiControllerTest]: no resource found for suffixes {-context.xml, Context.groovy}.
2021-02-22 23:57:28.659  INFO 20252 --- [    Test worker] t.c.s.AnnotationConfigContextLoaderUtils : Could not detect default configuration classes for test class [com.allsser.book.springboot.web.PostsApiControllerTest]: PostsApiControllerTest does not declare any static, non-private, non-final, nested classes annotated with @Configuration.
2021-02-22 23:57:28.661  INFO 20252 --- [    Test worker] .b.t.c.SpringBootTestContextBootstrapper : Found @SpringBootConfiguration com.allsser.book.springboot.Application for test class com.allsser.book.springboot.web.PostsApiControllerTest
2021-02-22 23:57:28.662  INFO 20252 --- [    Test worker] .b.t.c.SpringBootTestContextBootstrapper : Loaded default TestExecutionListener class names from location [META-INF/spring.factories]: [org.springframework.security.test.context.support.WithSecurityContextTestExecutionListener, org.springframework.security.test.context.support.ReactorContextTestExecutionListener, org.springframework.boot.test.autoconfigure.restdocs.RestDocsTestExecutionListener, org.springframework.boot.test.autoconfigure.web.client.MockRestServiceServerResetTestExecutionListener, org.springframework.boot.test.autoconfigure.web.servlet.MockMvcPrintOnlyOnFailureTestExecutionListener, org.springframework.boot.test.autoconfigure.web.servlet.WebDriverTestExecutionListener, org.springframework.boot.test.autoconfigure.webservices.client.MockWebServiceServerTestExecutionListener, org.springframework.boot.test.mock.mockito.MockitoTestExecutionListener, org.springframework.boot.test.mock.mockito.ResetMocksTestExecutionListener, org.springframework.test.context.web.ServletTestExecutionListener, org.springframework.test.context.support.DirtiesContextBeforeModesTestExecutionListener, org.springframework.test.context.support.DependencyInjectionTestExecutionListener, org.springframework.test.context.support.DirtiesContextTestExecutionListener, org.springframework.test.context.transaction.TransactionalTestExecutionListener, org.springframework.test.context.jdbc.SqlScriptsTestExecutionListener, org.springframework.test.context.event.EventPublishingTestExecutionListener]
2021-02-22 23:57:28.663  INFO 20252 --- [    Test worker] .b.t.c.SpringBootTestContextBootstrapper : Using TestExecutionListeners: [org.springframework.test.context.web.ServletTestExecutionListener@34c92593, org.springframework.test.context.support.DirtiesContextBeforeModesTestExecutionListener@6760898c, org.springframework.boot.test.mock.mockito.MockitoTestExecutionListener@1ee645c6, org.springframework.boot.test.autoconfigure.SpringBootDependencyInjectionTestExecutionListener@130a6f73, org.springframework.test.context.support.DirtiesContextTestExecutionListener@6e12353c, org.springframework.test.context.transaction.TransactionalTestExecutionListener@ddded9b, org.springframework.test.context.jdbc.SqlScriptsTestExecutionListener@21b95193, org.springframework.security.test.context.support.WithSecurityContextTestExecutionListener@6188c320, org.springframework.test.context.event.EventPublishingTestExecutionListener@1e4cb1f8, org.springframework.security.test.context.support.ReactorContextTestExecutionListener@7c1f269f, org.springframework.boot.test.autoconfigure.restdocs.RestDocsTestExecutionListener@1741d546, org.springframework.boot.test.autoconfigure.web.client.MockRestServiceServerResetTestExecutionListener@3077854d, org.springframework.boot.test.autoconfigure.web.servlet.MockMvcPrintOnlyOnFailureTestExecutionListener@4b4f21ca, org.springframework.boot.test.autoconfigure.web.servlet.WebDriverTestExecutionListener@4ee1dde2, org.springframework.boot.test.autoconfigure.webservices.client.MockWebServiceServerTestExecutionListener@5713ca9d, org.springframework.boot.test.mock.mockito.ResetMocksTestExecutionListener@5b4260df]
2021-02-22 23:57:28.673  INFO 20252 --- [    Test worker] o.a.c.c.C.[Tomcat].[localhost].[/]       : Initializing Spring TestDispatcherServlet ''
2021-02-22 23:57:28.673  INFO 20252 --- [    Test worker] o.s.t.web.servlet.TestDispatcherServlet  : Initializing Servlet ''
2021-02-22 23:57:28.673  INFO 20252 --- [    Test worker] o.s.t.web.servlet.TestDispatcherServlet  : Completed initialization in 0 ms
Hibernate: insert into posts (created_date, modified_date, author, content, title) values (?, ?, ?, ?, ?)
Hibernate: select posts0_.id as id1_0_, posts0_.created_date as created_2_0_, posts0_.modified_date as modified3_0_, posts0_.author as author4_0_, posts0_.content as content5_0_, posts0_.title as title6_0_ from posts posts0_
Hibernate: select posts0_.id as id1_0_, posts0_.created_date as created_2_0_, posts0_.modified_date as modified3_0_, posts0_.author as author4_0_, posts0_.content as content5_0_, posts0_.title as title6_0_ from posts posts0_
Hibernate: delete from posts where id=?
2021-02-22 23:57:28.733  INFO 20252 --- [    Test worker] o.a.c.c.C.[Tomcat].[localhost].[/]       : Initializing Spring TestDispatcherServlet ''
2021-02-22 23:57:28.733  INFO 20252 --- [    Test worker] o.s.t.web.servlet.TestDispatcherServlet  : Initializing Servlet ''
2021-02-22 23:57:28.733  INFO 20252 --- [    Test worker] o.s.t.web.servlet.TestDispatcherServlet  : Completed initialization in 0 ms
Hibernate: insert into posts (created_date, modified_date, author, content, title) values (?, ?, ?, ?, ?)
Hibernate: select posts0_.id as id1_0_0_, posts0_.created_date as created_2_0_0_, posts0_.modified_date as modified3_0_0_, posts0_.author as author4_0_0_, posts0_.content as content5_0_0_, posts0_.title as title6_0_0_ from posts posts0_ where posts0_.id=?
Hibernate: update posts set created_date=?, modified_date=?, author=?, content=?, title=? where id=?
Hibernate: select posts0_.id as id1_0_, posts0_.created_date as created_2_0_, posts0_.modified_date as modified3_0_, posts0_.author as author4_0_, posts0_.content as content5_0_, posts0_.title as title6_0_ from posts posts0_
Hibernate: select posts0_.id as id1_0_, posts0_.created_date as created_2_0_, posts0_.modified_date as modified3_0_, posts0_.author as author4_0_, posts0_.content as content5_0_, posts0_.title as title6_0_ from posts posts0_
Hibernate: delete from posts where id=?
]]></system-out>
  <system-err><![CDATA[]]></system-err>
</testsuite>
