<?xml version="1.0" encoding="UTF-8"?>
<testsuite name="com.allsser.book.springboot.domain.posts.PostsRepositoryTest" tests="2" skipped="0" failures="0" errors="0" timestamp="2021-02-22T10:46:48" hostname="choechanjong-ui-MacBookPro.local" time="0.031">
  <properties/>
  <testcase name="게시글저장_불러오기()" classname="com.allsser.book.springboot.domain.posts.PostsRepositoryTest" time="0.016"/>
  <testcase name="BaseTimeEntity_등록()" classname="com.allsser.book.springboot.domain.posts.PostsRepositoryTest" time="0.014"/>
  <system-out><![CDATA[2021-02-22 19:46:47.801  INFO 1864 --- [    Test worker] .b.t.c.SpringBootTestContextBootstrapper : Neither @ContextConfiguration nor @ContextHierarchy found for test class [com.allsser.book.springboot.domain.posts.PostsRepositoryTest], using SpringBootContextLoader
2021-02-22 19:46:47.801  INFO 1864 --- [    Test worker] o.s.t.c.support.AbstractContextLoader    : Could not detect default resource locations for test class [com.allsser.book.springboot.domain.posts.PostsRepositoryTest]: no resource found for suffixes {-context.xml, Context.groovy}.
2021-02-22 19:46:47.801  INFO 1864 --- [    Test worker] t.c.s.AnnotationConfigContextLoaderUtils : Could not detect default configuration classes for test class [com.allsser.book.springboot.domain.posts.PostsRepositoryTest]: PostsRepositoryTest does not declare any static, non-private, non-final, nested classes annotated with @Configuration.
2021-02-22 19:46:47.805  INFO 1864 --- [    Test worker] .b.t.c.SpringBootTestContextBootstrapper : Found @SpringBootConfiguration com.allsser.book.springboot.Application for test class com.allsser.book.springboot.domain.posts.PostsRepositoryTest
2021-02-22 19:46:47.806  INFO 1864 --- [    Test worker] .b.t.c.SpringBootTestContextBootstrapper : Loaded default TestExecutionListener class names from location [META-INF/spring.factories]: [org.springframework.security.test.context.support.WithSecurityContextTestExecutionListener, org.springframework.security.test.context.support.ReactorContextTestExecutionListener, org.springframework.boot.test.autoconfigure.restdocs.RestDocsTestExecutionListener, org.springframework.boot.test.autoconfigure.web.client.MockRestServiceServerResetTestExecutionListener, org.springframework.boot.test.autoconfigure.web.servlet.MockMvcPrintOnlyOnFailureTestExecutionListener, org.springframework.boot.test.autoconfigure.web.servlet.WebDriverTestExecutionListener, org.springframework.boot.test.autoconfigure.webservices.client.MockWebServiceServerTestExecutionListener, org.springframework.boot.test.mock.mockito.MockitoTestExecutionListener, org.springframework.boot.test.mock.mockito.ResetMocksTestExecutionListener, org.springframework.test.context.web.ServletTestExecutionListener, org.springframework.test.context.support.DirtiesContextBeforeModesTestExecutionListener, org.springframework.test.context.support.DependencyInjectionTestExecutionListener, org.springframework.test.context.support.DirtiesContextTestExecutionListener, org.springframework.test.context.transaction.TransactionalTestExecutionListener, org.springframework.test.context.jdbc.SqlScriptsTestExecutionListener, org.springframework.test.context.event.EventPublishingTestExecutionListener]
2021-02-22 19:46:47.807  INFO 1864 --- [    Test worker] .b.t.c.SpringBootTestContextBootstrapper : Using TestExecutionListeners: [org.springframework.test.context.web.ServletTestExecutionListener@6d376945, org.springframework.test.context.support.DirtiesContextBeforeModesTestExecutionListener@140823, org.springframework.boot.test.mock.mockito.MockitoTestExecutionListener@4fb5a1ae, org.springframework.boot.test.autoconfigure.SpringBootDependencyInjectionTestExecutionListener@5789b15a, org.springframework.test.context.support.DirtiesContextTestExecutionListener@12287af, org.springframework.test.context.transaction.TransactionalTestExecutionListener@2157d2b8, org.springframework.test.context.jdbc.SqlScriptsTestExecutionListener@438dafed, org.springframework.security.test.context.support.WithSecurityContextTestExecutionListener@5994d5a7, org.springframework.test.context.event.EventPublishingTestExecutionListener@4c1e2ec5, org.springframework.security.test.context.support.ReactorContextTestExecutionListener@53c3f7ec, org.springframework.boot.test.autoconfigure.restdocs.RestDocsTestExecutionListener@7d9fc8be, org.springframework.boot.test.autoconfigure.web.client.MockRestServiceServerResetTestExecutionListener@2d90347, org.springframework.boot.test.autoconfigure.web.servlet.MockMvcPrintOnlyOnFailureTestExecutionListener@3f0c7ddf, org.springframework.boot.test.autoconfigure.web.servlet.WebDriverTestExecutionListener@733c9145, org.springframework.boot.test.autoconfigure.webservices.client.MockWebServiceServerTestExecutionListener@70e57da4, org.springframework.boot.test.mock.mockito.ResetMocksTestExecutionListener@3a6c8bc4]

  .   ____          _            __ _ _
 /\\ / ___'_ __ _ _(_)_ __  __ _ \ \ \ \
( ( )\___ | '_ | '_| | '_ \/ _` | \ \ \ \
 \\/  ___)| |_)| | | | | || (_| |  ) ) ) )
  '  |____| .__|_| |_|_| |_\__, | / / / /
 =========|_|==============|___/=/_/_/_/
 :: Spring Boot ::                (v2.4.1)

2021-02-22 19:46:47.819  INFO 1864 --- [    Test worker] c.a.b.s.d.posts.PostsRepositoryTest      : Starting PostsRepositoryTest using Java 1.8.0_281 on choechanjong-ui-MacBookPro.local with PID 1864 (started by choichanjong in /Users/choichanjong/IntelliJ)
2021-02-22 19:46:47.819  INFO 1864 --- [    Test worker] c.a.b.s.d.posts.PostsRepositoryTest      : No active profile set, falling back to default profiles: default
2021-02-22 19:46:47.955  INFO 1864 --- [    Test worker] .s.d.r.c.RepositoryConfigurationDelegate : Bootstrapping Spring Data JPA repositories in DEFAULT mode.
2021-02-22 19:46:47.969  INFO 1864 --- [    Test worker] .s.d.r.c.RepositoryConfigurationDelegate : Finished Spring Data repository scanning in 14 ms. Found 2 JPA repository interfaces.
2021-02-22 19:46:48.094  INFO 1864 --- [    Test worker] com.zaxxer.hikari.HikariDataSource       : HikariPool-2 - Starting...
2021-02-22 19:46:48.096  INFO 1864 --- [    Test worker] com.zaxxer.hikari.HikariDataSource       : HikariPool-2 - Start completed.
2021-02-22 19:46:48.108  INFO 1864 --- [    Test worker] o.hibernate.jpa.internal.util.LogHelper  : HHH000204: Processing PersistenceUnitInfo [name: default]
2021-02-22 19:46:48.112  INFO 1864 --- [    Test worker] org.hibernate.dialect.Dialect            : HHH000400: Using dialect: org.hibernate.dialect.MySQL57Dialect
Hibernate: drop table if exists posts
Hibernate: drop table if exists user
Hibernate: create table posts (id bigint not null auto_increment, created_date datetime(6), modified_date datetime(6), author varchar(255), content TEXT not null, title varchar(500) not null, primary key (id)) engine=InnoDB
Hibernate: create table user (id bigint not null auto_increment, created_date datetime(6), modified_date datetime(6), email varchar(255) not null, name varchar(255) not null, picture varchar(255), role varchar(255) not null, primary key (id)) engine=InnoDB
2021-02-22 19:46:48.151  INFO 1864 --- [    Test worker] o.h.e.t.j.p.i.JtaPlatformInitiator       : HHH000490: Using JtaPlatform implementation: [org.hibernate.engine.transaction.jta.platform.internal.NoJtaPlatform]
2021-02-22 19:46:48.152  INFO 1864 --- [    Test worker] j.LocalContainerEntityManagerFactoryBean : Initialized JPA EntityManagerFactory for persistence unit 'default'
2021-02-22 19:46:48.238  WARN 1864 --- [    Test worker] JpaBaseConfiguration$JpaWebConfiguration : spring.jpa.open-in-view is enabled by default. Therefore, database queries may be performed during view rendering. Explicitly configure spring.jpa.open-in-view to disable this warning
2021-02-22 19:46:48.372  INFO 1864 --- [    Test worker] o.s.s.web.DefaultSecurityFilterChain     : Will secure any request with [org.springframework.security.web.context.request.async.WebAsyncManagerIntegrationFilter@5ae6eba, org.springframework.security.web.context.SecurityContextPersistenceFilter@6846c175, org.springframework.security.web.header.HeaderWriterFilter@729ce0, org.springframework.security.web.authentication.logout.LogoutFilter@2f28c702, org.springframework.security.oauth2.client.web.OAuth2AuthorizationRequestRedirectFilter@18985649, org.springframework.security.oauth2.client.web.OAuth2LoginAuthenticationFilter@1f9589e6, org.springframework.security.web.authentication.ui.DefaultLoginPageGeneratingFilter@428f8aa3, org.springframework.security.web.authentication.ui.DefaultLogoutPageGeneratingFilter@76c61dd0, org.springframework.security.web.savedrequest.RequestCacheAwareFilter@6aab259a, org.springframework.security.web.servletapi.SecurityContextHolderAwareRequestFilter@7e2a31b3, org.springframework.security.web.authentication.AnonymousAuthenticationFilter@2c36275f, org.springframework.security.web.session.SessionManagementFilter@f767de8, org.springframework.security.web.access.ExceptionTranslationFilter@46189ef1, org.springframework.security.web.access.intercept.FilterSecurityInterceptor@59ed0b7]
2021-02-22 19:46:48.524  INFO 1864 --- [    Test worker] o.s.s.concurrent.ThreadPoolTaskExecutor  : Initializing ExecutorService 'applicationTaskExecutor'
2021-02-22 19:46:48.539  INFO 1864 --- [    Test worker] o.s.b.a.h2.H2ConsoleAutoConfiguration    : H2 console available at '/h2-console'. Database available at 'jdbc:h2:mem:testdb'
2021-02-22 19:46:48.559  INFO 1864 --- [    Test worker] o.s.b.a.w.s.WelcomePageHandlerMapping    : Adding welcome page template: index
2021-02-22 19:46:48.779  INFO 1864 --- [    Test worker] s.a.ScheduledAnnotationBeanPostProcessor : No TaskScheduler/ScheduledExecutorService bean found for scheduled processing
2021-02-22 19:46:48.780  INFO 1864 --- [    Test worker] c.a.b.s.d.posts.PostsRepositoryTest      : Started PostsRepositoryTest in 0.972 seconds (JVM running for 8.775)
Hibernate: insert into posts (created_date, modified_date, author, content, title) values (?, ?, ?, ?, ?)
Hibernate: select posts0_.id as id1_0_, posts0_.created_date as created_2_0_, posts0_.modified_date as modified3_0_, posts0_.author as author4_0_, posts0_.content as content5_0_, posts0_.title as title6_0_ from posts posts0_
Hibernate: select posts0_.id as id1_0_, posts0_.created_date as created_2_0_, posts0_.modified_date as modified3_0_, posts0_.author as author4_0_, posts0_.content as content5_0_, posts0_.title as title6_0_ from posts posts0_
Hibernate: delete from posts where id=?
Hibernate: insert into posts (created_date, modified_date, author, content, title) values (?, ?, ?, ?, ?)
Hibernate: select posts0_.id as id1_0_, posts0_.created_date as created_2_0_, posts0_.modified_date as modified3_0_, posts0_.author as author4_0_, posts0_.content as content5_0_, posts0_.title as title6_0_ from posts posts0_
>>>>>>>>>>>>>>> createDate=2021-02-22T19:46:48.804, modifiedDate=2021-02-22T19:46:48.804
Hibernate: select posts0_.id as id1_0_, posts0_.created_date as created_2_0_, posts0_.modified_date as modified3_0_, posts0_.author as author4_0_, posts0_.content as content5_0_, posts0_.title as title6_0_ from posts posts0_
Hibernate: delete from posts where id=?
]]></system-out>
  <system-err><![CDATA[]]></system-err>
</testsuite>
