<?xml version="1.0" encoding="UTF-8"?>
<testsuite name="com.allsser.book.springboot.web.dto.HelloResponseDtoTest" tests="1" skipped="0" failures="0" errors="0" timestamp="2021-02-18T09:34:43" hostname="choechanjong-ui-MacBookPro.local" time="0.055">
  <properties/>
  <testcase name="롬복_기능_테스트()" classname="com.allsser.book.springboot.web.dto.HelloResponseDtoTest" time="0.055"/>
  <system-out><![CDATA[]]></system-out>
  <system-err><![CDATA[]]></system-err>
</testsuite>
