<?xml version="1.0" encoding="UTF-8"?>
<testsuite name="com.allsser.book.springboot.web.HelloControllerTest" tests="2" skipped="0" failures="0" errors="0" timestamp="2021-02-04T09:12:52" hostname="DESKTOP-A9CQPTQ" time="0.377">
  <properties/>
  <testcase name="hello가_리턴된다()" classname="com.allsser.book.springboot.web.HelloControllerTest" time="0.119"/>
  <testcase name="helloDto가_리턴된다()" classname="com.allsser.book.springboot.web.HelloControllerTest" time="0.256"/>
  <system-out><![CDATA[2021-02-04 18:12:51.081  INFO 17752 --- [    Test worker] .b.t.a.w.s.WebMvcTestContextBootstrapper : Neither @ContextConfiguration nor @ContextHierarchy found for test class [com.allsser.book.springboot.web.HelloControllerTest], using SpringBootContextLoader
2021-02-04 18:12:51.081  INFO 17752 --- [    Test worker] o.s.t.c.support.AbstractContextLoader    : Could not detect default resource locations for test class [com.allsser.book.springboot.web.HelloControllerTest]: no resource found for suffixes {-context.xml, Context.groovy}.
2021-02-04 18:12:51.081  INFO 17752 --- [    Test worker] t.c.s.AnnotationConfigContextLoaderUtils : Could not detect default configuration classes for test class [com.allsser.book.springboot.web.HelloControllerTest]: HelloControllerTest does not declare any static, non-private, non-final, nested classes annotated with @Configuration.
2021-02-04 18:12:51.232  INFO 17752 --- [    Test worker] .b.t.c.SpringBootTestContextBootstrapper : Found @SpringBootConfiguration com.allsser.book.springboot.Application for test class com.allsser.book.springboot.web.HelloControllerTest
2021-02-04 18:12:51.232  INFO 17752 --- [    Test worker] .b.t.a.w.s.WebMvcTestContextBootstrapper : Loaded default TestExecutionListener class names from location [META-INF/spring.factories]: [org.springframework.security.test.context.support.WithSecurityContextTestExecutionListener, org.springframework.security.test.context.support.ReactorContextTestExecutionListener, org.springframework.boot.test.autoconfigure.restdocs.RestDocsTestExecutionListener, org.springframework.boot.test.autoconfigure.web.client.MockRestServiceServerResetTestExecutionListener, org.springframework.boot.test.autoconfigure.web.servlet.MockMvcPrintOnlyOnFailureTestExecutionListener, org.springframework.boot.test.autoconfigure.web.servlet.WebDriverTestExecutionListener, org.springframework.boot.test.autoconfigure.webservices.client.MockWebServiceServerTestExecutionListener, org.springframework.boot.test.mock.mockito.MockitoTestExecutionListener, org.springframework.boot.test.mock.mockito.ResetMocksTestExecutionListener, org.springframework.test.context.web.ServletTestExecutionListener, org.springframework.test.context.support.DirtiesContextBeforeModesTestExecutionListener, org.springframework.test.context.support.DependencyInjectionTestExecutionListener, org.springframework.test.context.support.DirtiesContextTestExecutionListener, org.springframework.test.context.transaction.TransactionalTestExecutionListener, org.springframework.test.context.jdbc.SqlScriptsTestExecutionListener, org.springframework.test.context.event.EventPublishingTestExecutionListener]
2021-02-04 18:12:51.240  INFO 17752 --- [    Test worker] .b.t.a.w.s.WebMvcTestContextBootstrapper : Using TestExecutionListeners: [org.springframework.test.context.web.ServletTestExecutionListener@345e5f57, org.springframework.test.context.support.DirtiesContextBeforeModesTestExecutionListener@417e4ee0, org.springframework.boot.test.mock.mockito.MockitoTestExecutionListener@2ac6a724, org.springframework.boot.test.autoconfigure.SpringBootDependencyInjectionTestExecutionListener@70005ffc, org.springframework.test.context.support.DirtiesContextTestExecutionListener@36e2024c, org.springframework.test.context.transaction.TransactionalTestExecutionListener@558533e, org.springframework.test.context.jdbc.SqlScriptsTestExecutionListener@1ab82b36, org.springframework.security.test.context.support.WithSecurityContextTestExecutionListener@68b56822, org.springframework.test.context.event.EventPublishingTestExecutionListener@4ee3e71a, org.springframework.security.test.context.support.ReactorContextTestExecutionListener@9e58c5b, org.springframework.boot.test.autoconfigure.restdocs.RestDocsTestExecutionListener@52dfe7ca, org.springframework.boot.test.autoconfigure.web.client.MockRestServiceServerResetTestExecutionListener@116861cb, org.springframework.boot.test.autoconfigure.web.servlet.MockMvcPrintOnlyOnFailureTestExecutionListener@40e28fcb, org.springframework.boot.test.autoconfigure.web.servlet.WebDriverTestExecutionListener@65c054d8, org.springframework.boot.test.autoconfigure.webservices.client.MockWebServiceServerTestExecutionListener@488c1e1d, org.springframework.boot.test.mock.mockito.ResetMocksTestExecutionListener@1ab848fe]

  .   ____          _            __ _ _
 /\\ / ___'_ __ _ _(_)_ __  __ _ \ \ \ \
( ( )\___ | '_ | '_| | '_ \/ _` | \ \ \ \
 \\/  ___)| |_)| | | | | || (_| |  ) ) ) )
  '  |____| .__|_| |_|_| |_\__, | / / / /
 =========|_|==============|___/=/_/_/_/
 :: Spring Boot ::                (v2.4.1)

2021-02-04 18:12:51.353  INFO 17752 --- [    Test worker] c.a.b.s.web.HelloControllerTest          : Starting HelloControllerTest using Java 1.8.0_211 on DESKTOP-A9CQPTQ with PID 17752 (started by 최찬종 in C:\java\springboot-webservice)
2021-02-04 18:12:51.383  INFO 17752 --- [    Test worker] c.a.b.s.web.HelloControllerTest          : No active profile set, falling back to default profiles: default
2021-02-04 18:12:52.136  INFO 17752 --- [    Test worker] o.s.s.concurrent.ThreadPoolTaskExecutor  : Initializing ExecutorService 'applicationTaskExecutor'
2021-02-04 18:12:52.188  INFO 17752 --- [    Test worker] o.s.b.a.w.s.WelcomePageHandlerMapping    : Adding welcome page template: index
2021-02-04 18:12:52.672  INFO 17752 --- [    Test worker] o.s.s.web.DefaultSecurityFilterChain     : Will secure any request with [org.springframework.security.web.context.request.async.WebAsyncManagerIntegrationFilter@67c5dc79, org.springframework.security.web.context.SecurityContextPersistenceFilter@3fa26934, org.springframework.security.web.header.HeaderWriterFilter@4a6e95e, org.springframework.security.web.csrf.CsrfFilter@14a9f20b, org.springframework.security.web.authentication.logout.LogoutFilter@fed5a64, org.springframework.security.oauth2.client.web.OAuth2AuthorizationRequestRedirectFilter@14c32fcc, org.springframework.security.oauth2.client.web.OAuth2AuthorizationRequestRedirectFilter@4a9455f2, org.springframework.security.oauth2.client.web.OAuth2LoginAuthenticationFilter@955df78, org.springframework.security.web.authentication.ui.DefaultLoginPageGeneratingFilter@123af3f2, org.springframework.security.web.authentication.ui.DefaultLogoutPageGeneratingFilter@6fddd7b6, org.springframework.security.web.savedrequest.RequestCacheAwareFilter@6c9e3a99, org.springframework.security.web.servletapi.SecurityContextHolderAwareRequestFilter@5fc1c24d, org.springframework.security.web.authentication.AnonymousAuthenticationFilter@c794958, org.springframework.security.oauth2.client.web.OAuth2AuthorizationCodeGrantFilter@6da1dcc1, org.springframework.security.web.session.SessionManagementFilter@5fc46a6b, org.springframework.security.web.access.ExceptionTranslationFilter@52303bf2, org.springframework.security.web.access.intercept.FilterSecurityInterceptor@13be5ff1]
2021-02-04 18:12:52.782  INFO 17752 --- [    Test worker] o.s.b.t.m.w.SpringBootMockServletContext : Initializing Spring TestDispatcherServlet ''
2021-02-04 18:12:52.782  INFO 17752 --- [    Test worker] o.s.t.web.servlet.TestDispatcherServlet  : Initializing Servlet ''
2021-02-04 18:12:52.790  INFO 17752 --- [    Test worker] o.s.t.web.servlet.TestDispatcherServlet  : Completed initialization in 0 ms
2021-02-04 18:12:52.812  INFO 17752 --- [    Test worker] c.a.b.s.web.HelloControllerTest          : Started HelloControllerTest in 1.565 seconds (JVM running for 15.259)
]]></system-out>
  <system-err><![CDATA[]]></system-err>
</testsuite>
