<?xml version="1.0" encoding="UTF-8"?>
<testsuite name="com.allsser.book.springboot.web.HelloControllerTest" tests="2" skipped="0" failures="0" errors="0" timestamp="2021-02-22T08:12:04" hostname="choechanjong-ui-MacBookPro.local" time="0.109">
  <properties/>
  <testcase name="hello가_리턴된다()" classname="com.allsser.book.springboot.web.HelloControllerTest" time="0.034"/>
  <testcase name="helloDto가_리턴된다()" classname="com.allsser.book.springboot.web.HelloControllerTest" time="0.074"/>
  <system-out><![CDATA[2021-02-22 17:12:03.884  INFO 1241 --- [    Test worker] .b.t.a.w.s.WebMvcTestContextBootstrapper : Neither @ContextConfiguration nor @ContextHierarchy found for test class [com.allsser.book.springboot.web.HelloControllerTest], using SpringBootContextLoader
2021-02-22 17:12:03.884  INFO 1241 --- [    Test worker] o.s.t.c.support.AbstractContextLoader    : Could not detect default resource locations for test class [com.allsser.book.springboot.web.HelloControllerTest]: no resource found for suffixes {-context.xml, Context.groovy}.
2021-02-22 17:12:03.885  INFO 1241 --- [    Test worker] t.c.s.AnnotationConfigContextLoaderUtils : Could not detect default configuration classes for test class [com.allsser.book.springboot.web.HelloControllerTest]: HelloControllerTest does not declare any static, non-private, non-final, nested classes annotated with @Configuration.
2021-02-22 17:12:03.897  INFO 1241 --- [    Test worker] .b.t.c.SpringBootTestContextBootstrapper : Found @SpringBootConfiguration com.allsser.book.springboot.Application for test class com.allsser.book.springboot.web.HelloControllerTest
2021-02-22 17:12:03.898  INFO 1241 --- [    Test worker] .b.t.a.w.s.WebMvcTestContextBootstrapper : Loaded default TestExecutionListener class names from location [META-INF/spring.factories]: [org.springframework.security.test.context.support.WithSecurityContextTestExecutionListener, org.springframework.security.test.context.support.ReactorContextTestExecutionListener, org.springframework.boot.test.autoconfigure.restdocs.RestDocsTestExecutionListener, org.springframework.boot.test.autoconfigure.web.client.MockRestServiceServerResetTestExecutionListener, org.springframework.boot.test.autoconfigure.web.servlet.MockMvcPrintOnlyOnFailureTestExecutionListener, org.springframework.boot.test.autoconfigure.web.servlet.WebDriverTestExecutionListener, org.springframework.boot.test.autoconfigure.webservices.client.MockWebServiceServerTestExecutionListener, org.springframework.boot.test.mock.mockito.MockitoTestExecutionListener, org.springframework.boot.test.mock.mockito.ResetMocksTestExecutionListener, org.springframework.test.context.web.ServletTestExecutionListener, org.springframework.test.context.support.DirtiesContextBeforeModesTestExecutionListener, org.springframework.test.context.support.DependencyInjectionTestExecutionListener, org.springframework.test.context.support.DirtiesContextTestExecutionListener, org.springframework.test.context.transaction.TransactionalTestExecutionListener, org.springframework.test.context.jdbc.SqlScriptsTestExecutionListener, org.springframework.test.context.event.EventPublishingTestExecutionListener]
2021-02-22 17:12:03.899  INFO 1241 --- [    Test worker] .b.t.a.w.s.WebMvcTestContextBootstrapper : Using TestExecutionListeners: [org.springframework.test.context.web.ServletTestExecutionListener@49d89928, org.springframework.test.context.support.DirtiesContextBeforeModesTestExecutionListener@2b178ca, org.springframework.boot.test.mock.mockito.MockitoTestExecutionListener@203d262c, org.springframework.boot.test.autoconfigure.SpringBootDependencyInjectionTestExecutionListener@5fb7cb0f, org.springframework.test.context.support.DirtiesContextTestExecutionListener@52ab0808, org.springframework.test.context.transaction.TransactionalTestExecutionListener@5b555dbf, org.springframework.test.context.jdbc.SqlScriptsTestExecutionListener@12100cbf, org.springframework.security.test.context.support.WithSecurityContextTestExecutionListener@731e4241, org.springframework.test.context.event.EventPublishingTestExecutionListener@79ffef62, org.springframework.security.test.context.support.ReactorContextTestExecutionListener@836fd47, org.springframework.boot.test.autoconfigure.restdocs.RestDocsTestExecutionListener@1a517d0a, org.springframework.boot.test.autoconfigure.web.client.MockRestServiceServerResetTestExecutionListener@1bdc384b, org.springframework.boot.test.autoconfigure.web.servlet.MockMvcPrintOnlyOnFailureTestExecutionListener@1dde50ad, org.springframework.boot.test.autoconfigure.web.servlet.WebDriverTestExecutionListener@22bd4a94, org.springframework.boot.test.autoconfigure.webservices.client.MockWebServiceServerTestExecutionListener@3395cae4, org.springframework.boot.test.mock.mockito.ResetMocksTestExecutionListener@49f1b2bd]

  .   ____          _            __ _ _
 /\\ / ___'_ __ _ _(_)_ __  __ _ \ \ \ \
( ( )\___ | '_ | '_| | '_ \/ _` | \ \ \ \
 \\/  ___)| |_)| | | | | || (_| |  ) ) ) )
  '  |____| .__|_| |_|_| |_\__, | / / / /
 =========|_|==============|___/=/_/_/_/
 :: Spring Boot ::                (v2.4.1)

2021-02-22 17:12:03.922  INFO 1241 --- [    Test worker] c.a.b.s.web.HelloControllerTest          : Starting HelloControllerTest using Java 1.8.0_281 on choechanjong-ui-MacBookPro.local with PID 1241 (started by choichanjong in /Users/choichanjong/IntelliJ)
2021-02-22 17:12:03.923  INFO 1241 --- [    Test worker] c.a.b.s.web.HelloControllerTest          : No active profile set, falling back to default profiles: default
2021-02-22 17:12:04.162  INFO 1241 --- [    Test worker] o.s.s.concurrent.ThreadPoolTaskExecutor  : Initializing ExecutorService 'applicationTaskExecutor'
2021-02-22 17:12:04.186  INFO 1241 --- [    Test worker] o.s.b.a.w.s.WelcomePageHandlerMapping    : Adding welcome page template: index
2021-02-22 17:12:04.392  INFO 1241 --- [    Test worker] o.s.s.web.DefaultSecurityFilterChain     : Will secure any request with [org.springframework.security.web.context.request.async.WebAsyncManagerIntegrationFilter@94e0808, org.springframework.security.web.context.SecurityContextPersistenceFilter@651a77dd, org.springframework.security.web.header.HeaderWriterFilter@63e4e613, org.springframework.security.web.csrf.CsrfFilter@559690ea, org.springframework.security.web.authentication.logout.LogoutFilter@54ad0918, org.springframework.security.oauth2.client.web.OAuth2AuthorizationRequestRedirectFilter@3b662af0, org.springframework.security.oauth2.client.web.OAuth2AuthorizationRequestRedirectFilter@4ea2d9b7, org.springframework.security.oauth2.client.web.OAuth2LoginAuthenticationFilter@47c66542, org.springframework.security.web.authentication.ui.DefaultLoginPageGeneratingFilter@47f1bdd8, org.springframework.security.web.authentication.ui.DefaultLogoutPageGeneratingFilter@56d0b5af, org.springframework.security.web.savedrequest.RequestCacheAwareFilter@5c2d1a4, org.springframework.security.web.servletapi.SecurityContextHolderAwareRequestFilter@41527b71, org.springframework.security.web.authentication.AnonymousAuthenticationFilter@3983b20d, org.springframework.security.oauth2.client.web.OAuth2AuthorizationCodeGrantFilter@5876e959, org.springframework.security.web.session.SessionManagementFilter@2943b45, org.springframework.security.web.access.ExceptionTranslationFilter@122e52c8, org.springframework.security.web.access.intercept.FilterSecurityInterceptor@78721db5]
2021-02-22 17:12:04.456  INFO 1241 --- [    Test worker] o.s.b.t.m.w.SpringBootMockServletContext : Initializing Spring TestDispatcherServlet ''
2021-02-22 17:12:04.456  INFO 1241 --- [    Test worker] o.s.t.web.servlet.TestDispatcherServlet  : Initializing Servlet ''
2021-02-22 17:12:04.457  INFO 1241 --- [    Test worker] o.s.t.web.servlet.TestDispatcherServlet  : Completed initialization in 1 ms
2021-02-22 17:12:04.471  INFO 1241 --- [    Test worker] c.a.b.s.web.HelloControllerTest          : Started HelloControllerTest in 0.564 seconds (JVM running for 8.257)
]]></system-out>
  <system-err><![CDATA[]]></system-err>
</testsuite>
