<?xml version="1.0" encoding="UTF-8"?>
<testsuite name="com.allsser.book.springboot.web.HelloControllerTest" tests="2" skipped="0" failures="0" errors="0" timestamp="2021-02-24T09:03:12" hostname="DESKTOP-A9CQPTQ" time="0.317">
  <properties/>
  <testcase name="hello가_리턴된다()" classname="com.allsser.book.springboot.web.HelloControllerTest" time="0.165"/>
  <testcase name="helloDto가_리턴된다()" classname="com.allsser.book.springboot.web.HelloControllerTest" time="0.151"/>
  <system-out><![CDATA[2021-02-24 18:03:10.457  INFO 13384 --- [    Test worker] .b.t.a.w.s.WebMvcTestContextBootstrapper : Neither @ContextConfiguration nor @ContextHierarchy found for test class [com.allsser.book.springboot.web.HelloControllerTest], using SpringBootContextLoader
2021-02-24 18:03:10.458  INFO 13384 --- [    Test worker] o.s.t.c.support.AbstractContextLoader    : Could not detect default resource locations for test class [com.allsser.book.springboot.web.HelloControllerTest]: no resource found for suffixes {-context.xml, Context.groovy}.
2021-02-24 18:03:10.458  INFO 13384 --- [    Test worker] t.c.s.AnnotationConfigContextLoaderUtils : Could not detect default configuration classes for test class [com.allsser.book.springboot.web.HelloControllerTest]: HelloControllerTest does not declare any static, non-private, non-final, nested classes annotated with @Configuration.
2021-02-24 18:03:10.521  INFO 13384 --- [    Test worker] .b.t.c.SpringBootTestContextBootstrapper : Found @SpringBootConfiguration com.allsser.book.springboot.Application for test class com.allsser.book.springboot.web.HelloControllerTest
2021-02-24 18:03:10.522  INFO 13384 --- [    Test worker] .b.t.a.w.s.WebMvcTestContextBootstrapper : Loaded default TestExecutionListener class names from location [META-INF/spring.factories]: [org.springframework.security.test.context.support.WithSecurityContextTestExecutionListener, org.springframework.security.test.context.support.ReactorContextTestExecutionListener, org.springframework.boot.test.autoconfigure.restdocs.RestDocsTestExecutionListener, org.springframework.boot.test.autoconfigure.web.client.MockRestServiceServerResetTestExecutionListener, org.springframework.boot.test.autoconfigure.web.servlet.MockMvcPrintOnlyOnFailureTestExecutionListener, org.springframework.boot.test.autoconfigure.web.servlet.WebDriverTestExecutionListener, org.springframework.boot.test.autoconfigure.webservices.client.MockWebServiceServerTestExecutionListener, org.springframework.boot.test.mock.mockito.MockitoTestExecutionListener, org.springframework.boot.test.mock.mockito.ResetMocksTestExecutionListener, org.springframework.test.context.web.ServletTestExecutionListener, org.springframework.test.context.support.DirtiesContextBeforeModesTestExecutionListener, org.springframework.test.context.support.DependencyInjectionTestExecutionListener, org.springframework.test.context.support.DirtiesContextTestExecutionListener, org.springframework.test.context.transaction.TransactionalTestExecutionListener, org.springframework.test.context.jdbc.SqlScriptsTestExecutionListener, org.springframework.test.context.event.EventPublishingTestExecutionListener]
2021-02-24 18:03:10.525  INFO 13384 --- [    Test worker] .b.t.a.w.s.WebMvcTestContextBootstrapper : Using TestExecutionListeners: [org.springframework.test.context.web.ServletTestExecutionListener@29f1fb37, org.springframework.test.context.support.DirtiesContextBeforeModesTestExecutionListener@1a564e2, org.springframework.boot.test.mock.mockito.MockitoTestExecutionListener@59823390, org.springframework.boot.test.autoconfigure.SpringBootDependencyInjectionTestExecutionListener@1739e5bd, org.springframework.test.context.support.DirtiesContextTestExecutionListener@31379c2e, org.springframework.test.context.transaction.TransactionalTestExecutionListener@1b1f7c9e, org.springframework.test.context.jdbc.SqlScriptsTestExecutionListener@5349d2de, org.springframework.security.test.context.support.WithSecurityContextTestExecutionListener@b05c107, org.springframework.test.context.event.EventPublishingTestExecutionListener@6defaa5, org.springframework.security.test.context.support.ReactorContextTestExecutionListener@66c58d6c, org.springframework.boot.test.autoconfigure.restdocs.RestDocsTestExecutionListener@7b076c48, org.springframework.boot.test.autoconfigure.web.client.MockRestServiceServerResetTestExecutionListener@5e2f87d6, org.springframework.boot.test.autoconfigure.web.servlet.MockMvcPrintOnlyOnFailureTestExecutionListener@2fd54564, org.springframework.boot.test.autoconfigure.web.servlet.WebDriverTestExecutionListener@65b1031f, org.springframework.boot.test.autoconfigure.webservices.client.MockWebServiceServerTestExecutionListener@251456cd, org.springframework.boot.test.mock.mockito.ResetMocksTestExecutionListener@7a7748e]

  .   ____          _            __ _ _
 /\\ / ___'_ __ _ _(_)_ __  __ _ \ \ \ \
( ( )\___ | '_ | '_| | '_ \/ _` | \ \ \ \
 \\/  ___)| |_)| | | | | || (_| |  ) ) ) )
  '  |____| .__|_| |_|_| |_\__, | / / / /
 =========|_|==============|___/=/_/_/_/
 :: Spring Boot ::                (v2.4.1)

2021-02-24 18:03:10.644  INFO 13384 --- [    Test worker] c.a.b.s.web.HelloControllerTest          : Starting HelloControllerTest using Java 1.8.0_211 on DESKTOP-A9CQPTQ with PID 13384 (started by 최찬종 in C:\java\springboot-webservice)
2021-02-24 18:03:10.647  INFO 13384 --- [    Test worker] c.a.b.s.web.HelloControllerTest          : No active profile set, falling back to default profiles: default
2021-02-24 18:03:11.469  INFO 13384 --- [    Test worker] o.s.s.concurrent.ThreadPoolTaskExecutor  : Initializing ExecutorService 'applicationTaskExecutor'
2021-02-24 18:03:11.533  INFO 13384 --- [    Test worker] o.s.b.a.w.s.WelcomePageHandlerMapping    : Adding welcome page template: index
2021-02-24 18:03:12.139  INFO 13384 --- [    Test worker] o.s.s.web.DefaultSecurityFilterChain     : Will secure any request with [org.springframework.security.web.context.request.async.WebAsyncManagerIntegrationFilter@3f1fff32, org.springframework.security.web.context.SecurityContextPersistenceFilter@6fddd7b6, org.springframework.security.web.header.HeaderWriterFilter@5f23f42, org.springframework.security.web.csrf.CsrfFilter@47a4be23, org.springframework.security.web.authentication.logout.LogoutFilter@506b533b, org.springframework.security.oauth2.client.web.OAuth2AuthorizationRequestRedirectFilter@46ddc9cc, org.springframework.security.oauth2.client.web.OAuth2AuthorizationRequestRedirectFilter@52d8a0d4, org.springframework.security.oauth2.client.web.OAuth2LoginAuthenticationFilter@31a6b5a5, org.springframework.security.web.authentication.ui.DefaultLoginPageGeneratingFilter@161ef3e7, org.springframework.security.web.authentication.ui.DefaultLogoutPageGeneratingFilter@21a1a136, org.springframework.security.web.savedrequest.RequestCacheAwareFilter@c794958, org.springframework.security.web.servletapi.SecurityContextHolderAwareRequestFilter@18657fba, org.springframework.security.web.authentication.AnonymousAuthenticationFilter@4ba67798, org.springframework.security.oauth2.client.web.OAuth2AuthorizationCodeGrantFilter@4ed49725, org.springframework.security.web.session.SessionManagementFilter@67c5dc79, org.springframework.security.web.access.ExceptionTranslationFilter@6da1dcc1, org.springframework.security.web.access.intercept.FilterSecurityInterceptor@4dd20a19]
2021-02-24 18:03:12.302  INFO 13384 --- [    Test worker] o.s.b.t.m.w.SpringBootMockServletContext : Initializing Spring TestDispatcherServlet ''
2021-02-24 18:03:12.302  INFO 13384 --- [    Test worker] o.s.t.web.servlet.TestDispatcherServlet  : Initializing Servlet ''
2021-02-24 18:03:12.303  INFO 13384 --- [    Test worker] o.s.t.web.servlet.TestDispatcherServlet  : Completed initialization in 1 ms
2021-02-24 18:03:12.327  INFO 13384 --- [    Test worker] c.a.b.s.web.HelloControllerTest          : Started HelloControllerTest in 1.797 seconds (JVM running for 15.754)
]]></system-out>
  <system-err><![CDATA[]]></system-err>
</testsuite>
