<?xml version="1.0" encoding="UTF-8"?>
<testsuite name="com.allsser.book.springboot.web.IndexControllerTeset" tests="1" skipped="0" failures="0" errors="0" timestamp="2021-01-20T07:55:47" hostname="DESKTOP-DI7T465" time="0.468">
  <properties/>
  <testcase name="메인페이지_로딩()" classname="com.allsser.book.springboot.web.IndexControllerTeset" time="0.468"/>
  <system-out><![CDATA[16:55:40.445 [Test worker] DEBUG org.springframework.test.context.BootstrapUtils - Instantiating CacheAwareContextLoaderDelegate from class [org.springframework.test.context.cache.DefaultCacheAwareContextLoaderDelegate]
16:55:40.462 [Test worker] DEBUG org.springframework.test.context.BootstrapUtils - Instantiating BootstrapContext using constructor [public org.springframework.test.context.support.DefaultBootstrapContext(java.lang.Class,org.springframework.test.context.CacheAwareContextLoaderDelegate)]
16:55:40.503 [Test worker] DEBUG org.springframework.test.context.BootstrapUtils - Instantiating TestContextBootstrapper for test class [com.allsser.book.springboot.web.IndexControllerTeset] from class [org.springframework.boot.test.context.SpringBootTestContextBootstrapper]
16:55:40.518 [Test worker] INFO org.springframework.boot.test.context.SpringBootTestContextBootstrapper - Neither @ContextConfiguration nor @ContextHierarchy found for test class [com.allsser.book.springboot.web.IndexControllerTeset], using SpringBootContextLoader
16:55:40.523 [Test worker] DEBUG org.springframework.test.context.support.AbstractContextLoader - Did not detect default resource location for test class [com.allsser.book.springboot.web.IndexControllerTeset]: class path resource [com/allsser/book/springboot/web/IndexControllerTeset-context.xml] does not exist
16:55:40.524 [Test worker] DEBUG org.springframework.test.context.support.AbstractContextLoader - Did not detect default resource location for test class [com.allsser.book.springboot.web.IndexControllerTeset]: class path resource [com/allsser/book/springboot/web/IndexControllerTesetContext.groovy] does not exist
16:55:40.524 [Test worker] INFO org.springframework.test.context.support.AbstractContextLoader - Could not detect default resource locations for test class [com.allsser.book.springboot.web.IndexControllerTeset]: no resource found for suffixes {-context.xml, Context.groovy}.
16:55:40.525 [Test worker] INFO org.springframework.test.context.support.AnnotationConfigContextLoaderUtils - Could not detect default configuration classes for test class [com.allsser.book.springboot.web.IndexControllerTeset]: IndexControllerTeset does not declare any static, non-private, non-final, nested classes annotated with @Configuration.
16:55:40.579 [Test worker] DEBUG org.springframework.test.context.support.ActiveProfilesUtils - Could not find an 'annotation declaring class' for annotation type [org.springframework.test.context.ActiveProfiles] and class [com.allsser.book.springboot.web.IndexControllerTeset]
16:55:40.673 [Test worker] DEBUG org.springframework.context.annotation.ClassPathScanningCandidateComponentProvider - Identified candidate component class: file [C:\Users\Chan\Desktop\springboot\build\classes\java\main\com\allsser\book\springboot\Application.class]
16:55:40.675 [Test worker] INFO org.springframework.boot.test.context.SpringBootTestContextBootstrapper - Found @SpringBootConfiguration com.allsser.book.springboot.Application for test class com.allsser.book.springboot.web.IndexControllerTeset
16:55:40.800 [Test worker] DEBUG org.springframework.boot.test.context.SpringBootTestContextBootstrapper - @TestExecutionListeners is not present for class [com.allsser.book.springboot.web.IndexControllerTeset]: using defaults.
16:55:40.800 [Test worker] INFO org.springframework.boot.test.context.SpringBootTestContextBootstrapper - Loaded default TestExecutionListener class names from location [META-INF/spring.factories]: [org.springframework.security.test.context.support.WithSecurityContextTestExecutionListener, org.springframework.security.test.context.support.ReactorContextTestExecutionListener, org.springframework.boot.test.autoconfigure.restdocs.RestDocsTestExecutionListener, org.springframework.boot.test.autoconfigure.web.client.MockRestServiceServerResetTestExecutionListener, org.springframework.boot.test.autoconfigure.web.servlet.MockMvcPrintOnlyOnFailureTestExecutionListener, org.springframework.boot.test.autoconfigure.web.servlet.WebDriverTestExecutionListener, org.springframework.boot.test.autoconfigure.webservices.client.MockWebServiceServerTestExecutionListener, org.springframework.boot.test.mock.mockito.MockitoTestExecutionListener, org.springframework.boot.test.mock.mockito.ResetMocksTestExecutionListener, org.springframework.test.context.web.ServletTestExecutionListener, org.springframework.test.context.support.DirtiesContextBeforeModesTestExecutionListener, org.springframework.test.context.support.DependencyInjectionTestExecutionListener, org.springframework.test.context.support.DirtiesContextTestExecutionListener, org.springframework.test.context.transaction.TransactionalTestExecutionListener, org.springframework.test.context.jdbc.SqlScriptsTestExecutionListener, org.springframework.test.context.event.EventPublishingTestExecutionListener]
16:55:40.827 [Test worker] INFO org.springframework.boot.test.context.SpringBootTestContextBootstrapper - Using TestExecutionListeners: [org.springframework.test.context.web.ServletTestExecutionListener@3b86679b, org.springframework.test.context.support.DirtiesContextBeforeModesTestExecutionListener@7bb2dd7e, org.springframework.boot.test.mock.mockito.MockitoTestExecutionListener@169e228f, org.springframework.boot.test.autoconfigure.SpringBootDependencyInjectionTestExecutionListener@26ff0705, org.springframework.test.context.support.DirtiesContextTestExecutionListener@2ecd06fe, org.springframework.test.context.transaction.TransactionalTestExecutionListener@43796774, org.springframework.test.context.jdbc.SqlScriptsTestExecutionListener@2494bfce, org.springframework.security.test.context.support.WithSecurityContextTestExecutionListener@7a8d5376, org.springframework.test.context.event.EventPublishingTestExecutionListener@3cb1402f, org.springframework.security.test.context.support.ReactorContextTestExecutionListener@347bc20a, org.springframework.boot.test.autoconfigure.restdocs.RestDocsTestExecutionListener@35907184, org.springframework.boot.test.autoconfigure.web.client.MockRestServiceServerResetTestExecutionListener@251682a3, org.springframework.boot.test.autoconfigure.web.servlet.MockMvcPrintOnlyOnFailureTestExecutionListener@13101e16, org.springframework.boot.test.autoconfigure.web.servlet.WebDriverTestExecutionListener@7911e5ec, org.springframework.boot.test.autoconfigure.webservices.client.MockWebServiceServerTestExecutionListener@4fbba71b, org.springframework.boot.test.mock.mockito.ResetMocksTestExecutionListener@5ea927d5]
16:55:40.832 [Test worker] DEBUG org.springframework.test.context.support.AbstractDirtiesContextTestExecutionListener - Before test class: context [DefaultTestContext@29737fa1 testClass = IndexControllerTeset, testInstance = [null], testMethod = [null], testException = [null], mergedContextConfiguration = [WebMergedContextConfiguration@40a26bac testClass = IndexControllerTeset, locations = '{}', classes = '{class com.allsser.book.springboot.Application}', contextInitializerClasses = '[]', activeProfiles = '{}', propertySourceLocations = '{}', propertySourceProperties = '{org.springframework.boot.test.context.SpringBootTestContextBootstrapper=true, server.port=0}', contextCustomizers = set[org.springframework.boot.test.autoconfigure.actuate.metrics.MetricsExportContextCustomizerFactory$DisableMetricExportContextCustomizer@555b612c, org.springframework.boot.test.autoconfigure.properties.PropertyMappingContextCustomizer@0, org.springframework.boot.test.autoconfigure.web.servlet.WebDriverContextCustomizerFactory$Customizer@32bffe00, org.springframework.boot.test.context.filter.ExcludeFilterContextCustomizer@1e81ea2f, org.springframework.boot.test.json.DuplicateJsonObjectContextCustomizerFactory$DuplicateJsonObjectContextCustomizer@1787d7a9, org.springframework.boot.test.mock.mockito.MockitoContextCustomizer@0, org.springframework.boot.test.web.client.TestRestTemplateContextCustomizer@43a9fc6b, org.springframework.boot.test.context.SpringBootTestArgs@1, org.springframework.boot.test.context.SpringBootTestWebEnvironment@34fca0e1], resourceBasePath = 'src/main/webapp', contextLoader = 'org.springframework.boot.test.context.SpringBootContextLoader', parent = [null]], attributes = map['org.springframework.test.context.web.ServletTestExecutionListener.activateListener' -> false]], class annotated with @DirtiesContext [false] with mode [null].
16:55:40.843 [Test worker] DEBUG org.springframework.test.context.support.DependencyInjectionTestExecutionListener - Performing dependency injection for test context [[DefaultTestContext@29737fa1 testClass = IndexControllerTeset, testInstance = com.allsser.book.springboot.web.IndexControllerTeset@4d9ef187, testMethod = [null], testException = [null], mergedContextConfiguration = [WebMergedContextConfiguration@40a26bac testClass = IndexControllerTeset, locations = '{}', classes = '{class com.allsser.book.springboot.Application}', contextInitializerClasses = '[]', activeProfiles = '{}', propertySourceLocations = '{}', propertySourceProperties = '{org.springframework.boot.test.context.SpringBootTestContextBootstrapper=true, server.port=0}', contextCustomizers = set[org.springframework.boot.test.autoconfigure.actuate.metrics.MetricsExportContextCustomizerFactory$DisableMetricExportContextCustomizer@555b612c, org.springframework.boot.test.autoconfigure.properties.PropertyMappingContextCustomizer@0, org.springframework.boot.test.autoconfigure.web.servlet.WebDriverContextCustomizerFactory$Customizer@32bffe00, org.springframework.boot.test.context.filter.ExcludeFilterContextCustomizer@1e81ea2f, org.springframework.boot.test.json.DuplicateJsonObjectContextCustomizerFactory$DuplicateJsonObjectContextCustomizer@1787d7a9, org.springframework.boot.test.mock.mockito.MockitoContextCustomizer@0, org.springframework.boot.test.web.client.TestRestTemplateContextCustomizer@43a9fc6b, org.springframework.boot.test.context.SpringBootTestArgs@1, org.springframework.boot.test.context.SpringBootTestWebEnvironment@34fca0e1], resourceBasePath = 'src/main/webapp', contextLoader = 'org.springframework.boot.test.context.SpringBootContextLoader', parent = [null]], attributes = map['org.springframework.test.context.web.ServletTestExecutionListener.activateListener' -> false]]].
16:55:40.869 [Test worker] DEBUG org.springframework.test.context.support.TestPropertySourceUtils - Adding inlined properties to environment: {spring.jmx.enabled=false, org.springframework.boot.test.context.SpringBootTestContextBootstrapper=true, server.port=0}

  .   ____          _            __ _ _
 /\\ / ___'_ __ _ _(_)_ __  __ _ \ \ \ \
( ( )\___ | '_ | '_| | '_ \/ _` | \ \ \ \
 \\/  ___)| |_)| | | | | || (_| |  ) ) ) )
  '  |____| .__|_| |_|_| |_\__, | / / / /
 =========|_|==============|___/=/_/_/_/
 :: Spring Boot ::                (v2.4.1)

2021-01-20 16:55:41.202  INFO 27808 --- [    Test worker] c.a.b.s.web.IndexControllerTeset         : Starting IndexControllerTeset using Java 1.8.0_211 on DESKTOP-DI7T465 with PID 27808 (started by Chan in C:\Users\Chan\Desktop\springboot)
2021-01-20 16:55:41.204  INFO 27808 --- [    Test worker] c.a.b.s.web.IndexControllerTeset         : No active profile set, falling back to default profiles: default
2021-01-20 16:55:42.109  INFO 27808 --- [    Test worker] .s.d.r.c.RepositoryConfigurationDelegate : Bootstrapping Spring Data JPA repositories in DEFAULT mode.
2021-01-20 16:55:42.201  INFO 27808 --- [    Test worker] .s.d.r.c.RepositoryConfigurationDelegate : Finished Spring Data repository scanning in 83 ms. Found 2 JPA repository interfaces.
2021-01-20 16:55:43.160  INFO 27808 --- [    Test worker] o.s.b.w.embedded.tomcat.TomcatWebServer  : Tomcat initialized with port(s): 0 (http)
2021-01-20 16:55:43.175  INFO 27808 --- [    Test worker] o.apache.catalina.core.StandardService   : Starting service [Tomcat]
2021-01-20 16:55:43.176  INFO 27808 --- [    Test worker] org.apache.catalina.core.StandardEngine  : Starting Servlet engine: [Apache Tomcat/9.0.41]
2021-01-20 16:55:43.327  INFO 27808 --- [    Test worker] o.a.c.c.C.[Tomcat].[localhost].[/]       : Initializing Spring embedded WebApplicationContext
2021-01-20 16:55:43.327  INFO 27808 --- [    Test worker] w.s.c.ServletWebServerApplicationContext : Root WebApplicationContext: initialization completed in 2096 ms
2021-01-20 16:55:43.418  INFO 27808 --- [    Test worker] com.zaxxer.hikari.HikariDataSource       : HikariPool-1 - Starting...
2021-01-20 16:55:43.682  INFO 27808 --- [    Test worker] com.zaxxer.hikari.HikariDataSource       : HikariPool-1 - Start completed.
2021-01-20 16:55:43.692  INFO 27808 --- [    Test worker] o.s.b.a.h2.H2ConsoleAutoConfiguration    : H2 console available at '/h2-console'. Database available at 'jdbc:h2:mem:testdb'
2021-01-20 16:55:44.077  INFO 27808 --- [    Test worker] o.hibernate.jpa.internal.util.LogHelper  : HHH000204: Processing PersistenceUnitInfo [name: default]
2021-01-20 16:55:44.181  INFO 27808 --- [    Test worker] org.hibernate.Version                    : HHH000412: Hibernate ORM core version 5.4.25.Final
2021-01-20 16:55:44.382  INFO 27808 --- [    Test worker] o.hibernate.annotations.common.Version   : HCANN000001: Hibernate Commons Annotations {5.1.2.Final}
2021-01-20 16:55:44.556  INFO 27808 --- [    Test worker] org.hibernate.dialect.Dialect            : HHH000400: Using dialect: org.hibernate.dialect.MySQL57Dialect
Hibernate: drop table if exists posts
Hibernate: drop table if exists user
Hibernate: create table posts (id bigint not null auto_increment, created_date datetime(6), modified_date datetime(6), author varchar(255), content TEXT not null, title varchar(500) not null, primary key (id)) engine=InnoDB
Hibernate: create table user (id bigint not null auto_increment, created_date datetime(6), modified_date datetime(6), email varchar(255) not null, name varchar(255) not null, picture varchar(255), role varchar(255) not null, primary key (id)) engine=InnoDB
2021-01-20 16:55:45.377  INFO 27808 --- [    Test worker] o.h.e.t.j.p.i.JtaPlatformInitiator       : HHH000490: Using JtaPlatform implementation: [org.hibernate.engine.transaction.jta.platform.internal.NoJtaPlatform]
2021-01-20 16:55:45.388  INFO 27808 --- [    Test worker] j.LocalContainerEntityManagerFactoryBean : Initialized JPA EntityManagerFactory for persistence unit 'default'
2021-01-20 16:55:46.225  WARN 27808 --- [    Test worker] JpaBaseConfiguration$JpaWebConfiguration : spring.jpa.open-in-view is enabled by default. Therefore, database queries may be performed during view rendering. Explicitly configure spring.jpa.open-in-view to disable this warning
2021-01-20 16:55:46.862  INFO 27808 --- [    Test worker] o.s.s.web.DefaultSecurityFilterChain     : Will secure any request with [org.springframework.security.web.context.request.async.WebAsyncManagerIntegrationFilter@6d0546cc, org.springframework.security.web.context.SecurityContextPersistenceFilter@55ff89e9, org.springframework.security.web.header.HeaderWriterFilter@13492c37, org.springframework.security.web.authentication.logout.LogoutFilter@5356d86d, org.springframework.security.oauth2.client.web.OAuth2AuthorizationRequestRedirectFilter@2bbf6238, org.springframework.security.oauth2.client.web.OAuth2LoginAuthenticationFilter@5938c438, org.springframework.security.web.authentication.ui.DefaultLoginPageGeneratingFilter@6795ce59, org.springframework.security.web.authentication.ui.DefaultLogoutPageGeneratingFilter@792db008, org.springframework.security.web.savedrequest.RequestCacheAwareFilter@716359b2, org.springframework.security.web.servletapi.SecurityContextHolderAwareRequestFilter@49d5d952, org.springframework.security.web.authentication.AnonymousAuthenticationFilter@f74aef2, org.springframework.security.web.session.SessionManagementFilter@28c2fedb, org.springframework.security.web.access.ExceptionTranslationFilter@33a54245, org.springframework.security.web.access.intercept.FilterSecurityInterceptor@4262c508]
2021-01-20 16:55:47.172  INFO 27808 --- [    Test worker] o.s.s.concurrent.ThreadPoolTaskExecutor  : Initializing ExecutorService 'applicationTaskExecutor'
2021-01-20 16:55:47.300  INFO 27808 --- [    Test worker] o.s.b.a.w.s.WelcomePageHandlerMapping    : Adding welcome page template: index
2021-01-20 16:55:47.656  INFO 27808 --- [    Test worker] o.s.b.w.embedded.tomcat.TomcatWebServer  : Tomcat started on port(s): 54943 (http) with context path ''
2021-01-20 16:55:47.670  INFO 27808 --- [    Test worker] s.a.ScheduledAnnotationBeanPostProcessor : No TaskScheduler/ScheduledExecutorService bean found for scheduled processing
2021-01-20 16:55:47.681  INFO 27808 --- [    Test worker] c.a.b.s.web.IndexControllerTeset         : Started IndexControllerTeset in 6.809 seconds (JVM running for 8.206)
2021-01-20 16:55:47.883  INFO 27808 --- [o-auto-1-exec-1] o.a.c.c.C.[Tomcat].[localhost].[/]       : Initializing Spring DispatcherServlet 'dispatcherServlet'
2021-01-20 16:55:47.884  INFO 27808 --- [o-auto-1-exec-1] o.s.web.servlet.DispatcherServlet        : Initializing Servlet 'dispatcherServlet'
2021-01-20 16:55:47.885  INFO 27808 --- [o-auto-1-exec-1] o.s.web.servlet.DispatcherServlet        : Completed initialization in 1 ms
Hibernate: select posts0_.id as id1_0_, posts0_.created_date as created_2_0_, posts0_.modified_date as modified3_0_, posts0_.author as author4_0_, posts0_.content as content5_0_, posts0_.title as title6_0_ from posts posts0_ order by posts0_.id DESC
]]></system-out>
  <system-err><![CDATA[]]></system-err>
</testsuite>
