<?xml version="1.0" encoding="UTF-8"?>
<testsuite name="com.allsser.book.springboot.web.PostsApiControllerTest" tests="2" skipped="0" failures="0" errors="0" timestamp="2021-02-22T15:02:48" hostname="DESKTOP-DI7T465" time="0.087">
  <properties/>
  <testcase name="Posts_등록된다()" classname="com.allsser.book.springboot.web.PostsApiControllerTest" time="0.063"/>
  <testcase name="Posts_수정된다()" classname="com.allsser.book.springboot.web.PostsApiControllerTest" time="0.024"/>
  <system-out><![CDATA[2021-02-23 00:02:48.644  INFO 15068 --- [    Test worker] .b.t.c.SpringBootTestContextBootstrapper : Neither @ContextConfiguration nor @ContextHierarchy found for test class [com.allsser.book.springboot.web.PostsApiControllerTest], using SpringBootContextLoader
2021-02-23 00:02:48.644  INFO 15068 --- [    Test worker] o.s.t.c.support.AbstractContextLoader    : Could not detect default resource locations for test class [com.allsser.book.springboot.web.PostsApiControllerTest]: no resource found for suffixes {-context.xml, Context.groovy}.
2021-02-23 00:02:48.645  INFO 15068 --- [    Test worker] t.c.s.AnnotationConfigContextLoaderUtils : Could not detect default configuration classes for test class [com.allsser.book.springboot.web.PostsApiControllerTest]: PostsApiControllerTest does not declare any static, non-private, non-final, nested classes annotated with @Configuration.
2021-02-23 00:02:48.646  INFO 15068 --- [    Test worker] .b.t.c.SpringBootTestContextBootstrapper : Found @SpringBootConfiguration com.allsser.book.springboot.Application for test class com.allsser.book.springboot.web.PostsApiControllerTest
2021-02-23 00:02:48.648  INFO 15068 --- [    Test worker] .b.t.c.SpringBootTestContextBootstrapper : Loaded default TestExecutionListener class names from location [META-INF/spring.factories]: [org.springframework.security.test.context.support.WithSecurityContextTestExecutionListener, org.springframework.security.test.context.support.ReactorContextTestExecutionListener, org.springframework.boot.test.autoconfigure.restdocs.RestDocsTestExecutionListener, org.springframework.boot.test.autoconfigure.web.client.MockRestServiceServerResetTestExecutionListener, org.springframework.boot.test.autoconfigure.web.servlet.MockMvcPrintOnlyOnFailureTestExecutionListener, org.springframework.boot.test.autoconfigure.web.servlet.WebDriverTestExecutionListener, org.springframework.boot.test.autoconfigure.webservices.client.MockWebServiceServerTestExecutionListener, org.springframework.boot.test.mock.mockito.MockitoTestExecutionListener, org.springframework.boot.test.mock.mockito.ResetMocksTestExecutionListener, org.springframework.test.context.web.ServletTestExecutionListener, org.springframework.test.context.support.DirtiesContextBeforeModesTestExecutionListener, org.springframework.test.context.support.DependencyInjectionTestExecutionListener, org.springframework.test.context.support.DirtiesContextTestExecutionListener, org.springframework.test.context.transaction.TransactionalTestExecutionListener, org.springframework.test.context.jdbc.SqlScriptsTestExecutionListener, org.springframework.test.context.event.EventPublishingTestExecutionListener]
2021-02-23 00:02:48.648  INFO 15068 --- [    Test worker] .b.t.c.SpringBootTestContextBootstrapper : Using TestExecutionListeners: [org.springframework.test.context.web.ServletTestExecutionListener@72fe7e60, org.springframework.test.context.support.DirtiesContextBeforeModesTestExecutionListener@3878b715, org.springframework.boot.test.mock.mockito.MockitoTestExecutionListener@317436f8, org.springframework.boot.test.autoconfigure.SpringBootDependencyInjectionTestExecutionListener@84bbcca, org.springframework.test.context.support.DirtiesContextTestExecutionListener@9c7dedd, org.springframework.test.context.transaction.TransactionalTestExecutionListener@747a00ef, org.springframework.test.context.jdbc.SqlScriptsTestExecutionListener@64293b6e, org.springframework.security.test.context.support.WithSecurityContextTestExecutionListener@315166cd, org.springframework.test.context.event.EventPublishingTestExecutionListener@657670c, org.springframework.security.test.context.support.ReactorContextTestExecutionListener@228e6251, org.springframework.boot.test.autoconfigure.restdocs.RestDocsTestExecutionListener@fd1cf25, org.springframework.boot.test.autoconfigure.web.client.MockRestServiceServerResetTestExecutionListener@350ca71c, org.springframework.boot.test.autoconfigure.web.servlet.MockMvcPrintOnlyOnFailureTestExecutionListener@8ded9b6, org.springframework.boot.test.autoconfigure.web.servlet.WebDriverTestExecutionListener@5993ae16, org.springframework.boot.test.autoconfigure.webservices.client.MockWebServiceServerTestExecutionListener@58bafae6, org.springframework.boot.test.mock.mockito.ResetMocksTestExecutionListener@85e82aa]
2021-02-23 00:02:48.657  INFO 15068 --- [    Test worker] o.a.c.c.C.[Tomcat].[localhost].[/]       : Initializing Spring TestDispatcherServlet ''
2021-02-23 00:02:48.657  INFO 15068 --- [    Test worker] o.s.t.web.servlet.TestDispatcherServlet  : Initializing Servlet ''
2021-02-23 00:02:48.657  INFO 15068 --- [    Test worker] o.s.t.web.servlet.TestDispatcherServlet  : Completed initialization in 0 ms
Hibernate: insert into posts (created_date, modified_date, author, content, title) values (?, ?, ?, ?, ?)
Hibernate: select posts0_.id as id1_0_, posts0_.created_date as created_2_0_, posts0_.modified_date as modified3_0_, posts0_.author as author4_0_, posts0_.content as content5_0_, posts0_.title as title6_0_ from posts posts0_
Hibernate: select posts0_.id as id1_0_, posts0_.created_date as created_2_0_, posts0_.modified_date as modified3_0_, posts0_.author as author4_0_, posts0_.content as content5_0_, posts0_.title as title6_0_ from posts posts0_
Hibernate: delete from posts where id=?
2021-02-23 00:02:48.716  INFO 15068 --- [    Test worker] o.a.c.c.C.[Tomcat].[localhost].[/]       : Initializing Spring TestDispatcherServlet ''
2021-02-23 00:02:48.716  INFO 15068 --- [    Test worker] o.s.t.web.servlet.TestDispatcherServlet  : Initializing Servlet ''
2021-02-23 00:02:48.716  INFO 15068 --- [    Test worker] o.s.t.web.servlet.TestDispatcherServlet  : Completed initialization in 0 ms
Hibernate: insert into posts (created_date, modified_date, author, content, title) values (?, ?, ?, ?, ?)
Hibernate: select posts0_.id as id1_0_0_, posts0_.created_date as created_2_0_0_, posts0_.modified_date as modified3_0_0_, posts0_.author as author4_0_0_, posts0_.content as content5_0_0_, posts0_.title as title6_0_0_ from posts posts0_ where posts0_.id=?
Hibernate: update posts set created_date=?, modified_date=?, author=?, content=?, title=? where id=?
Hibernate: select posts0_.id as id1_0_, posts0_.created_date as created_2_0_, posts0_.modified_date as modified3_0_, posts0_.author as author4_0_, posts0_.content as content5_0_, posts0_.title as title6_0_ from posts posts0_
Hibernate: select posts0_.id as id1_0_, posts0_.created_date as created_2_0_, posts0_.modified_date as modified3_0_, posts0_.author as author4_0_, posts0_.content as content5_0_, posts0_.title as title6_0_ from posts posts0_
Hibernate: delete from posts where id=?
]]></system-out>
  <system-err><![CDATA[]]></system-err>
</testsuite>
