<?xml version="1.0" encoding="UTF-8"?>
<testsuite name="com.allsser.book.springboot.web.HelloControllerTest" tests="2" skipped="0" failures="0" errors="0" timestamp="2021-02-22T14:06:47" hostname="DESKTOP-DI7T465" time="0.156">
  <properties/>
  <testcase name="hello가_리턴된다()" classname="com.allsser.book.springboot.web.HelloControllerTest" time="0.073"/>
  <testcase name="helloDto가_리턴된다()" classname="com.allsser.book.springboot.web.HelloControllerTest" time="0.083"/>
  <system-out><![CDATA[2021-02-22 23:06:46.633  INFO 7148 --- [    Test worker] .b.t.a.w.s.WebMvcTestContextBootstrapper : Neither @ContextConfiguration nor @ContextHierarchy found for test class [com.allsser.book.springboot.web.HelloControllerTest], using SpringBootContextLoader
2021-02-22 23:06:46.633  INFO 7148 --- [    Test worker] o.s.t.c.support.AbstractContextLoader    : Could not detect default resource locations for test class [com.allsser.book.springboot.web.HelloControllerTest]: no resource found for suffixes {-context.xml, Context.groovy}.
2021-02-22 23:06:46.634  INFO 7148 --- [    Test worker] t.c.s.AnnotationConfigContextLoaderUtils : Could not detect default configuration classes for test class [com.allsser.book.springboot.web.HelloControllerTest]: HelloControllerTest does not declare any static, non-private, non-final, nested classes annotated with @Configuration.
2021-02-22 23:06:46.655  INFO 7148 --- [    Test worker] .b.t.c.SpringBootTestContextBootstrapper : Found @SpringBootConfiguration com.allsser.book.springboot.Application for test class com.allsser.book.springboot.web.HelloControllerTest
2021-02-22 23:06:46.656  INFO 7148 --- [    Test worker] .b.t.a.w.s.WebMvcTestContextBootstrapper : Loaded default TestExecutionListener class names from location [META-INF/spring.factories]: [org.springframework.security.test.context.support.WithSecurityContextTestExecutionListener, org.springframework.security.test.context.support.ReactorContextTestExecutionListener, org.springframework.boot.test.autoconfigure.restdocs.RestDocsTestExecutionListener, org.springframework.boot.test.autoconfigure.web.client.MockRestServiceServerResetTestExecutionListener, org.springframework.boot.test.autoconfigure.web.servlet.MockMvcPrintOnlyOnFailureTestExecutionListener, org.springframework.boot.test.autoconfigure.web.servlet.WebDriverTestExecutionListener, org.springframework.boot.test.autoconfigure.webservices.client.MockWebServiceServerTestExecutionListener, org.springframework.boot.test.mock.mockito.MockitoTestExecutionListener, org.springframework.boot.test.mock.mockito.ResetMocksTestExecutionListener, org.springframework.test.context.web.ServletTestExecutionListener, org.springframework.test.context.support.DirtiesContextBeforeModesTestExecutionListener, org.springframework.test.context.support.DependencyInjectionTestExecutionListener, org.springframework.test.context.support.DirtiesContextTestExecutionListener, org.springframework.test.context.transaction.TransactionalTestExecutionListener, org.springframework.test.context.jdbc.SqlScriptsTestExecutionListener, org.springframework.test.context.event.EventPublishingTestExecutionListener]
2021-02-22 23:06:46.657  INFO 7148 --- [    Test worker] .b.t.a.w.s.WebMvcTestContextBootstrapper : Using TestExecutionListeners: [org.springframework.test.context.web.ServletTestExecutionListener@22b9bd48, org.springframework.test.context.support.DirtiesContextBeforeModesTestExecutionListener@5c2eea25, org.springframework.boot.test.mock.mockito.MockitoTestExecutionListener@316f5e3c, org.springframework.boot.test.autoconfigure.SpringBootDependencyInjectionTestExecutionListener@1d5b9a3, org.springframework.test.context.support.DirtiesContextTestExecutionListener@6ee9172c, org.springframework.test.context.transaction.TransactionalTestExecutionListener@453da716, org.springframework.test.context.jdbc.SqlScriptsTestExecutionListener@e689f33, org.springframework.security.test.context.support.WithSecurityContextTestExecutionListener@22dc27fc, org.springframework.test.context.event.EventPublishingTestExecutionListener@4aa14fc, org.springframework.security.test.context.support.ReactorContextTestExecutionListener@2c871668, org.springframework.boot.test.autoconfigure.restdocs.RestDocsTestExecutionListener@665c95cc, org.springframework.boot.test.autoconfigure.web.client.MockRestServiceServerResetTestExecutionListener@25fcad3c, org.springframework.boot.test.autoconfigure.web.servlet.MockMvcPrintOnlyOnFailureTestExecutionListener@7125408b, org.springframework.boot.test.autoconfigure.web.servlet.WebDriverTestExecutionListener@65852c91, org.springframework.boot.test.autoconfigure.webservices.client.MockWebServiceServerTestExecutionListener@67753718, org.springframework.boot.test.mock.mockito.ResetMocksTestExecutionListener@27a0f387]

  .   ____          _            __ _ _
 /\\ / ___'_ __ _ _(_)_ __  __ _ \ \ \ \
( ( )\___ | '_ | '_| | '_ \/ _` | \ \ \ \
 \\/  ___)| |_)| | | | | || (_| |  ) ) ) )
  '  |____| .__|_| |_|_| |_\__, | / / / /
 =========|_|==============|___/=/_/_/_/
 :: Spring Boot ::                (v2.4.1)

2021-02-22 23:06:46.683  INFO 7148 --- [    Test worker] c.a.b.s.web.HelloControllerTest          : Starting HelloControllerTest using Java 1.8.0_211 on DESKTOP-DI7T465 with PID 7148 (started by Chan in C:\Users\Chan\Desktop\springboot)
2021-02-22 23:06:46.684  INFO 7148 --- [    Test worker] c.a.b.s.web.HelloControllerTest          : No active profile set, falling back to default profiles: default
2021-02-22 23:06:47.026  INFO 7148 --- [    Test worker] o.s.s.concurrent.ThreadPoolTaskExecutor  : Initializing ExecutorService 'applicationTaskExecutor'
2021-02-22 23:06:47.059  INFO 7148 --- [    Test worker] o.s.b.a.w.s.WelcomePageHandlerMapping    : Adding welcome page template: index
2021-02-22 23:06:47.362  INFO 7148 --- [    Test worker] o.s.s.web.DefaultSecurityFilterChain     : Will secure any request with [org.springframework.security.web.context.request.async.WebAsyncManagerIntegrationFilter@49f25034, org.springframework.security.web.context.SecurityContextPersistenceFilter@54f02572, org.springframework.security.web.header.HeaderWriterFilter@40fa0bed, org.springframework.security.web.csrf.CsrfFilter@38437df, org.springframework.security.web.authentication.logout.LogoutFilter@3c80dc80, org.springframework.security.oauth2.client.web.OAuth2AuthorizationRequestRedirectFilter@2362b464, org.springframework.security.oauth2.client.web.OAuth2AuthorizationRequestRedirectFilter@2cdde874, org.springframework.security.oauth2.client.web.OAuth2LoginAuthenticationFilter@6d0476ba, org.springframework.security.web.authentication.ui.DefaultLoginPageGeneratingFilter@6e0e0f72, org.springframework.security.web.authentication.ui.DefaultLogoutPageGeneratingFilter@303c62d0, org.springframework.security.web.savedrequest.RequestCacheAwareFilter@c9bd8ea, org.springframework.security.web.servletapi.SecurityContextHolderAwareRequestFilter@1c2e1ff7, org.springframework.security.web.authentication.AnonymousAuthenticationFilter@20070bbf, org.springframework.security.oauth2.client.web.OAuth2AuthorizationCodeGrantFilter@458ab43c, org.springframework.security.web.session.SessionManagementFilter@6262e6e2, org.springframework.security.web.access.ExceptionTranslationFilter@5691c452, org.springframework.security.web.access.intercept.FilterSecurityInterceptor@3aef5ba6]
2021-02-22 23:06:47.445  INFO 7148 --- [    Test worker] o.s.b.t.m.w.SpringBootMockServletContext : Initializing Spring TestDispatcherServlet ''
2021-02-22 23:06:47.445  INFO 7148 --- [    Test worker] o.s.t.web.servlet.TestDispatcherServlet  : Initializing Servlet ''
2021-02-22 23:06:47.445  INFO 7148 --- [    Test worker] o.s.t.web.servlet.TestDispatcherServlet  : Completed initialization in 0 ms
2021-02-22 23:06:47.459  INFO 7148 --- [    Test worker] c.a.b.s.web.HelloControllerTest          : Started HelloControllerTest in 0.8 seconds (JVM running for 8.433)
]]></system-out>
  <system-err><![CDATA[]]></system-err>
</testsuite>
