<?xml version="1.0" encoding="UTF-8"?>
<testsuite name="com.allsser.book.springboot.web.HelloControllerTest" tests="2" skipped="0" failures="0" errors="0" timestamp="2021-02-22T10:46:47" hostname="choechanjong-ui-MacBookPro.local" time="0.124">
  <properties/>
  <testcase name="hello가_리턴된다()" classname="com.allsser.book.springboot.web.HelloControllerTest" time="0.035"/>
  <testcase name="helloDto가_리턴된다()" classname="com.allsser.book.springboot.web.HelloControllerTest" time="0.088"/>
  <system-out><![CDATA[2021-02-22 19:46:46.881  INFO 1864 --- [    Test worker] .b.t.a.w.s.WebMvcTestContextBootstrapper : Neither @ContextConfiguration nor @ContextHierarchy found for test class [com.allsser.book.springboot.web.HelloControllerTest], using SpringBootContextLoader
2021-02-22 19:46:46.882  INFO 1864 --- [    Test worker] o.s.t.c.support.AbstractContextLoader    : Could not detect default resource locations for test class [com.allsser.book.springboot.web.HelloControllerTest]: no resource found for suffixes {-context.xml, Context.groovy}.
2021-02-22 19:46:46.882  INFO 1864 --- [    Test worker] t.c.s.AnnotationConfigContextLoaderUtils : Could not detect default configuration classes for test class [com.allsser.book.springboot.web.HelloControllerTest]: HelloControllerTest does not declare any static, non-private, non-final, nested classes annotated with @Configuration.
2021-02-22 19:46:46.898  INFO 1864 --- [    Test worker] .b.t.c.SpringBootTestContextBootstrapper : Found @SpringBootConfiguration com.allsser.book.springboot.Application for test class com.allsser.book.springboot.web.HelloControllerTest
2021-02-22 19:46:46.899  INFO 1864 --- [    Test worker] .b.t.a.w.s.WebMvcTestContextBootstrapper : Loaded default TestExecutionListener class names from location [META-INF/spring.factories]: [org.springframework.security.test.context.support.WithSecurityContextTestExecutionListener, org.springframework.security.test.context.support.ReactorContextTestExecutionListener, org.springframework.boot.test.autoconfigure.restdocs.RestDocsTestExecutionListener, org.springframework.boot.test.autoconfigure.web.client.MockRestServiceServerResetTestExecutionListener, org.springframework.boot.test.autoconfigure.web.servlet.MockMvcPrintOnlyOnFailureTestExecutionListener, org.springframework.boot.test.autoconfigure.web.servlet.WebDriverTestExecutionListener, org.springframework.boot.test.autoconfigure.webservices.client.MockWebServiceServerTestExecutionListener, org.springframework.boot.test.mock.mockito.MockitoTestExecutionListener, org.springframework.boot.test.mock.mockito.ResetMocksTestExecutionListener, org.springframework.test.context.web.ServletTestExecutionListener, org.springframework.test.context.support.DirtiesContextBeforeModesTestExecutionListener, org.springframework.test.context.support.DependencyInjectionTestExecutionListener, org.springframework.test.context.support.DirtiesContextTestExecutionListener, org.springframework.test.context.transaction.TransactionalTestExecutionListener, org.springframework.test.context.jdbc.SqlScriptsTestExecutionListener, org.springframework.test.context.event.EventPublishingTestExecutionListener]
2021-02-22 19:46:46.901  INFO 1864 --- [    Test worker] .b.t.a.w.s.WebMvcTestContextBootstrapper : Using TestExecutionListeners: [org.springframework.test.context.web.ServletTestExecutionListener@6411e717, org.springframework.test.context.support.DirtiesContextBeforeModesTestExecutionListener@7558c6d2, org.springframework.boot.test.mock.mockito.MockitoTestExecutionListener@40cb5a1d, org.springframework.boot.test.autoconfigure.SpringBootDependencyInjectionTestExecutionListener@6b1a6cb2, org.springframework.test.context.support.DirtiesContextTestExecutionListener@580799, org.springframework.test.context.transaction.TransactionalTestExecutionListener@33052f16, org.springframework.test.context.jdbc.SqlScriptsTestExecutionListener@290490d9, org.springframework.security.test.context.support.WithSecurityContextTestExecutionListener@114306b7, org.springframework.test.context.event.EventPublishingTestExecutionListener@5167bfc9, org.springframework.security.test.context.support.ReactorContextTestExecutionListener@4b80476c, org.springframework.boot.test.autoconfigure.restdocs.RestDocsTestExecutionListener@468f949d, org.springframework.boot.test.autoconfigure.web.client.MockRestServiceServerResetTestExecutionListener@4f704445, org.springframework.boot.test.autoconfigure.web.servlet.MockMvcPrintOnlyOnFailureTestExecutionListener@23052395, org.springframework.boot.test.autoconfigure.web.servlet.WebDriverTestExecutionListener@6af7abbe, org.springframework.boot.test.autoconfigure.webservices.client.MockWebServiceServerTestExecutionListener@5066e101, org.springframework.boot.test.mock.mockito.ResetMocksTestExecutionListener@1df9d524]

  .   ____          _            __ _ _
 /\\ / ___'_ __ _ _(_)_ __  __ _ \ \ \ \
( ( )\___ | '_ | '_| | '_ \/ _` | \ \ \ \
 \\/  ___)| |_)| | | | | || (_| |  ) ) ) )
  '  |____| .__|_| |_|_| |_\__, | / / / /
 =========|_|==============|___/=/_/_/_/
 :: Spring Boot ::                (v2.4.1)

2021-02-22 19:46:46.933  INFO 1864 --- [    Test worker] c.a.b.s.web.HelloControllerTest          : Starting HelloControllerTest using Java 1.8.0_281 on choechanjong-ui-MacBookPro.local with PID 1864 (started by choichanjong in /Users/choichanjong/IntelliJ)
2021-02-22 19:46:46.934  INFO 1864 --- [    Test worker] c.a.b.s.web.HelloControllerTest          : No active profile set, falling back to default profiles: default
2021-02-22 19:46:47.171  INFO 1864 --- [    Test worker] o.s.s.concurrent.ThreadPoolTaskExecutor  : Initializing ExecutorService 'applicationTaskExecutor'
2021-02-22 19:46:47.195  INFO 1864 --- [    Test worker] o.s.b.a.w.s.WelcomePageHandlerMapping    : Adding welcome page template: index
2021-02-22 19:46:47.390  INFO 1864 --- [    Test worker] o.s.s.web.DefaultSecurityFilterChain     : Will secure any request with [org.springframework.security.web.context.request.async.WebAsyncManagerIntegrationFilter@7a458a8b, org.springframework.security.web.context.SecurityContextPersistenceFilter@48759e, org.springframework.security.web.header.HeaderWriterFilter@53d24af5, org.springframework.security.web.csrf.CsrfFilter@82787ac, org.springframework.security.web.authentication.logout.LogoutFilter@6eb97f85, org.springframework.security.oauth2.client.web.OAuth2AuthorizationRequestRedirectFilter@46d2d1e9, org.springframework.security.oauth2.client.web.OAuth2AuthorizationRequestRedirectFilter@63d0b7bf, org.springframework.security.oauth2.client.web.OAuth2LoginAuthenticationFilter@de3ee4d, org.springframework.security.web.authentication.ui.DefaultLoginPageGeneratingFilter@5394d1ba, org.springframework.security.web.authentication.ui.DefaultLogoutPageGeneratingFilter@2a66111, org.springframework.security.web.savedrequest.RequestCacheAwareFilter@6e4a6b5b, org.springframework.security.web.servletapi.SecurityContextHolderAwareRequestFilter@2f8e0185, org.springframework.security.web.authentication.AnonymousAuthenticationFilter@703a163e, org.springframework.security.oauth2.client.web.OAuth2AuthorizationCodeGrantFilter@5a250962, org.springframework.security.web.session.SessionManagementFilter@67fcadc4, org.springframework.security.web.access.ExceptionTranslationFilter@227982be, org.springframework.security.web.access.intercept.FilterSecurityInterceptor@15f5bf6]
2021-02-22 19:46:47.443  INFO 1864 --- [    Test worker] o.s.b.t.m.w.SpringBootMockServletContext : Initializing Spring TestDispatcherServlet ''
2021-02-22 19:46:47.444  INFO 1864 --- [    Test worker] o.s.t.web.servlet.TestDispatcherServlet  : Initializing Servlet ''
2021-02-22 19:46:47.445  INFO 1864 --- [    Test worker] o.s.t.web.servlet.TestDispatcherServlet  : Completed initialization in 1 ms
2021-02-22 19:46:47.460  INFO 1864 --- [    Test worker] c.a.b.s.web.HelloControllerTest          : Started HelloControllerTest in 0.551 seconds (JVM running for 7.454)
]]></system-out>
  <system-err><![CDATA[]]></system-err>
</testsuite>
