<?xml version="1.0" encoding="UTF-8"?>
<testsuite name="com.allsser.book.springboot.web.IndexControllerTeset" tests="1" skipped="0" failures="0" errors="0" timestamp="2021-01-28T10:48:33" hostname="ip-172-31-2-111.ap-northeast-2.compute.internal" time="0.398">
  <properties/>
  <testcase name="메인페이지_로딩()" classname="com.allsser.book.springboot.web.IndexControllerTeset" time="0.398"/>
  <system-out><![CDATA[2021-01-28 19:48:30.105  INFO 3771 --- [    Test worker] .b.t.c.SpringBootTestContextBootstrapper : Neither @ContextConfiguration nor @ContextHierarchy found for test class [com.allsser.book.springboot.web.IndexControllerTeset], using SpringBootContextLoader
2021-01-28 19:48:30.106  INFO 3771 --- [    Test worker] o.s.t.c.support.AbstractContextLoader    : Could not detect default resource locations for test class [com.allsser.book.springboot.web.IndexControllerTeset]: no resource found for suffixes {-context.xml, Context.groovy}.
2021-01-28 19:48:30.112  INFO 3771 --- [    Test worker] t.c.s.AnnotationConfigContextLoaderUtils : Could not detect default configuration classes for test class [com.allsser.book.springboot.web.IndexControllerTeset]: IndexControllerTeset does not declare any static, non-private, non-final, nested classes annotated with @Configuration.
2021-01-28 19:48:30.116  INFO 3771 --- [    Test worker] .b.t.c.SpringBootTestContextBootstrapper : Found @SpringBootConfiguration com.allsser.book.springboot.Application for test class com.allsser.book.springboot.web.IndexControllerTeset
2021-01-28 19:48:30.118  INFO 3771 --- [    Test worker] .b.t.c.SpringBootTestContextBootstrapper : Loaded default TestExecutionListener class names from location [META-INF/spring.factories]: [org.springframework.security.test.context.support.WithSecurityContextTestExecutionListener, org.springframework.security.test.context.support.ReactorContextTestExecutionListener, org.springframework.boot.test.autoconfigure.restdocs.RestDocsTestExecutionListener, org.springframework.boot.test.autoconfigure.web.client.MockRestServiceServerResetTestExecutionListener, org.springframework.boot.test.autoconfigure.web.servlet.MockMvcPrintOnlyOnFailureTestExecutionListener, org.springframework.boot.test.autoconfigure.web.servlet.WebDriverTestExecutionListener, org.springframework.boot.test.autoconfigure.webservices.client.MockWebServiceServerTestExecutionListener, org.springframework.boot.test.mock.mockito.MockitoTestExecutionListener, org.springframework.boot.test.mock.mockito.ResetMocksTestExecutionListener, org.springframework.test.context.web.ServletTestExecutionListener, org.springframework.test.context.support.DirtiesContextBeforeModesTestExecutionListener, org.springframework.test.context.support.DependencyInjectionTestExecutionListener, org.springframework.test.context.support.DirtiesContextTestExecutionListener, org.springframework.test.context.transaction.TransactionalTestExecutionListener, org.springframework.test.context.jdbc.SqlScriptsTestExecutionListener, org.springframework.test.context.event.EventPublishingTestExecutionListener]
2021-01-28 19:48:30.122  INFO 3771 --- [    Test worker] .b.t.c.SpringBootTestContextBootstrapper : Using TestExecutionListeners: [org.springframework.test.context.web.ServletTestExecutionListener@19ae3bf8, org.springframework.test.context.support.DirtiesContextBeforeModesTestExecutionListener@68bee69d, org.springframework.boot.test.mock.mockito.MockitoTestExecutionListener@dd249c7, org.springframework.boot.test.autoconfigure.SpringBootDependencyInjectionTestExecutionListener@44e3404b, org.springframework.test.context.support.DirtiesContextTestExecutionListener@2c7ac2d4, org.springframework.test.context.transaction.TransactionalTestExecutionListener@33ef53c8, org.springframework.test.context.jdbc.SqlScriptsTestExecutionListener@2c6ca803, org.springframework.security.test.context.support.WithSecurityContextTestExecutionListener@72d344dd, org.springframework.test.context.event.EventPublishingTestExecutionListener@8c55431, org.springframework.security.test.context.support.ReactorContextTestExecutionListener@417d27f2, org.springframework.boot.test.autoconfigure.restdocs.RestDocsTestExecutionListener@898b36e, org.springframework.boot.test.autoconfigure.web.client.MockRestServiceServerResetTestExecutionListener@6005fb0c, org.springframework.boot.test.autoconfigure.web.servlet.MockMvcPrintOnlyOnFailureTestExecutionListener@42c35fe1, org.springframework.boot.test.autoconfigure.web.servlet.WebDriverTestExecutionListener@6a29a2fc, org.springframework.boot.test.autoconfigure.webservices.client.MockWebServiceServerTestExecutionListener@27677f14, org.springframework.boot.test.mock.mockito.ResetMocksTestExecutionListener@68752d6f]

  .   ____          _            __ _ _
 /\\ / ___'_ __ _ _(_)_ __  __ _ \ \ \ \
( ( )\___ | '_ | '_| | '_ \/ _` | \ \ \ \
 \\/  ___)| |_)| | | | | || (_| |  ) ) ) )
  '  |____| .__|_| |_|_| |_\__, | / / / /
 =========|_|==============|___/=/_/_/_/
 :: Spring Boot ::                (v2.4.1)

2021-01-28 19:48:30.194  INFO 3771 --- [    Test worker] c.a.b.s.web.IndexControllerTeset         : Starting IndexControllerTeset using Java 1.8.0_272 on ip-172-31-2-111.ap-northeast-2.compute.internal with PID 3771 (started by ec2-user in /home/ec2-user/app/step1/springboot-webservice)
2021-01-28 19:48:30.196  INFO 3771 --- [    Test worker] c.a.b.s.web.IndexControllerTeset         : No active profile set, falling back to default profiles: default
2021-01-28 19:48:30.577  INFO 3771 --- [    Test worker] .s.d.r.c.RepositoryConfigurationDelegate : Bootstrapping Spring Data JPA repositories in DEFAULT mode.
2021-01-28 19:48:30.603  INFO 3771 --- [    Test worker] .s.d.r.c.RepositoryConfigurationDelegate : Finished Spring Data repository scanning in 21 ms. Found 2 JPA repository interfaces.
2021-01-28 19:48:31.251  INFO 3771 --- [    Test worker] o.s.b.w.embedded.tomcat.TomcatWebServer  : Tomcat initialized with port(s): 0 (http)
2021-01-28 19:48:31.280  INFO 3771 --- [    Test worker] o.apache.catalina.core.StandardService   : Starting service [Tomcat]
2021-01-28 19:48:31.283  INFO 3771 --- [    Test worker] org.apache.catalina.core.StandardEngine  : Starting Servlet engine: [Apache Tomcat/9.0.41]
2021-01-28 19:48:31.523  INFO 3771 --- [    Test worker] o.a.c.c.C.[Tomcat].[localhost].[/]       : Initializing Spring embedded WebApplicationContext
2021-01-28 19:48:31.525  INFO 3771 --- [    Test worker] w.s.c.ServletWebServerApplicationContext : Root WebApplicationContext: initialization completed in 1325 ms
2021-01-28 19:48:31.587  INFO 3771 --- [    Test worker] com.zaxxer.hikari.HikariDataSource       : HikariPool-2 - Starting...
2021-01-28 19:48:31.597  INFO 3771 --- [    Test worker] com.zaxxer.hikari.HikariDataSource       : HikariPool-2 - Start completed.
2021-01-28 19:48:31.598  INFO 3771 --- [    Test worker] o.s.b.a.h2.H2ConsoleAutoConfiguration    : H2 console available at '/h2-console'. Database available at 'jdbc:h2:mem:testdb'
2021-01-28 19:48:31.819  INFO 3771 --- [    Test worker] o.hibernate.jpa.internal.util.LogHelper  : HHH000204: Processing PersistenceUnitInfo [name: default]
2021-01-28 19:48:31.830  INFO 3771 --- [    Test worker] org.hibernate.dialect.Dialect            : HHH000400: Using dialect: org.hibernate.dialect.MySQL57Dialect
Hibernate: drop table if exists posts
Hibernate: drop table if exists user
Hibernate: create table posts (id bigint not null auto_increment, created_date datetime(6), modified_date datetime(6), author varchar(255), content TEXT not null, title varchar(500) not null, primary key (id)) engine=InnoDB
Hibernate: create table user (id bigint not null auto_increment, created_date datetime(6), modified_date datetime(6), email varchar(255) not null, name varchar(255) not null, picture varchar(255), role varchar(255) not null, primary key (id)) engine=InnoDB
2021-01-28 19:48:31.987  INFO 3771 --- [    Test worker] o.h.e.t.j.p.i.JtaPlatformInitiator       : HHH000490: Using JtaPlatform implementation: [org.hibernate.engine.transaction.jta.platform.internal.NoJtaPlatform]
2021-01-28 19:48:31.994  INFO 3771 --- [    Test worker] j.LocalContainerEntityManagerFactoryBean : Initialized JPA EntityManagerFactory for persistence unit 'default'
2021-01-28 19:48:32.505  WARN 3771 --- [    Test worker] JpaBaseConfiguration$JpaWebConfiguration : spring.jpa.open-in-view is enabled by default. Therefore, database queries may be performed during view rendering. Explicitly configure spring.jpa.open-in-view to disable this warning
2021-01-28 19:48:33.106  INFO 3771 --- [    Test worker] o.s.s.web.DefaultSecurityFilterChain     : Will secure any request with [org.springframework.security.web.context.request.async.WebAsyncManagerIntegrationFilter@77e4307a, org.springframework.security.web.context.SecurityContextPersistenceFilter@5cc0fd4c, org.springframework.security.web.header.HeaderWriterFilter@3dd392bc, org.springframework.security.web.authentication.logout.LogoutFilter@2f25712a, org.springframework.security.oauth2.client.web.OAuth2AuthorizationRequestRedirectFilter@40d852a, org.springframework.security.oauth2.client.web.OAuth2LoginAuthenticationFilter@5fc12c2f, org.springframework.security.web.authentication.ui.DefaultLoginPageGeneratingFilter@74d03b8c, org.springframework.security.web.authentication.ui.DefaultLogoutPageGeneratingFilter@663cc9e3, org.springframework.security.web.savedrequest.RequestCacheAwareFilter@1dd3baeb, org.springframework.security.web.servletapi.SecurityContextHolderAwareRequestFilter@3c349d9f, org.springframework.security.web.authentication.AnonymousAuthenticationFilter@e7024db, org.springframework.security.web.session.SessionManagementFilter@4ec0cd98, org.springframework.security.web.access.ExceptionTranslationFilter@5d638631, org.springframework.security.web.access.intercept.FilterSecurityInterceptor@6a7f66db]
2021-01-28 19:48:33.346  INFO 3771 --- [    Test worker] o.s.s.concurrent.ThreadPoolTaskExecutor  : Initializing ExecutorService 'applicationTaskExecutor'
2021-01-28 19:48:33.423  INFO 3771 --- [    Test worker] o.s.b.a.w.s.WelcomePageHandlerMapping    : Adding welcome page template: index
2021-01-28 19:48:33.899  INFO 3771 --- [    Test worker] o.s.b.w.embedded.tomcat.TomcatWebServer  : Tomcat started on port(s): 36371 (http) with context path ''
2021-01-28 19:48:33.908  INFO 3771 --- [    Test worker] s.a.ScheduledAnnotationBeanPostProcessor : No TaskScheduler/ScheduledExecutorService bean found for scheduled processing
2021-01-28 19:48:33.914  INFO 3771 --- [    Test worker] c.a.b.s.web.IndexControllerTeset         : Started IndexControllerTeset in 3.786 seconds (JVM running for 21.157)
2021-01-28 19:48:34.137  INFO 3771 --- [o-auto-1-exec-1] o.a.c.c.C.[Tomcat].[localhost].[/]       : Initializing Spring DispatcherServlet 'dispatcherServlet'
2021-01-28 19:48:34.142  INFO 3771 --- [o-auto-1-exec-1] o.s.web.servlet.DispatcherServlet        : Initializing Servlet 'dispatcherServlet'
2021-01-28 19:48:34.144  INFO 3771 --- [o-auto-1-exec-1] o.s.web.servlet.DispatcherServlet        : Completed initialization in 1 ms
Hibernate: select posts0_.id as id1_0_, posts0_.created_date as created_2_0_, posts0_.modified_date as modified3_0_, posts0_.author as author4_0_, posts0_.content as content5_0_, posts0_.title as title6_0_ from posts posts0_ order by posts0_.id DESC
]]></system-out>
  <system-err><![CDATA[]]></system-err>
</testsuite>
