<?xml version="1.0" encoding="UTF-8"?>
<testsuite name="com.allsser.book.springboot.web.HelloControllerTest" tests="2" skipped="0" failures="0" errors="0" timestamp="2021-03-03T14:47:30" hostname="DESKTOP-DI7T465" time="0.164">
  <properties/>
  <testcase name="hello가_리턴된다()" classname="com.allsser.book.springboot.web.HelloControllerTest" time="0.075"/>
  <testcase name="helloDto가_리턴된다()" classname="com.allsser.book.springboot.web.HelloControllerTest" time="0.089"/>
  <system-out><![CDATA[2021-03-03 23:47:29.009  INFO 14536 --- [    Test worker] .b.t.a.w.s.WebMvcTestContextBootstrapper : Neither @ContextConfiguration nor @ContextHierarchy found for test class [com.allsser.book.springboot.web.HelloControllerTest], using SpringBootContextLoader
2021-03-03 23:47:29.011  INFO 14536 --- [    Test worker] o.s.t.c.support.AbstractContextLoader    : Could not detect default resource locations for test class [com.allsser.book.springboot.web.HelloControllerTest]: no resource found for suffixes {-context.xml, Context.groovy}.
2021-03-03 23:47:29.011  INFO 14536 --- [    Test worker] t.c.s.AnnotationConfigContextLoaderUtils : Could not detect default configuration classes for test class [com.allsser.book.springboot.web.HelloControllerTest]: HelloControllerTest does not declare any static, non-private, non-final, nested classes annotated with @Configuration.
2021-03-03 23:47:29.039  INFO 14536 --- [    Test worker] .b.t.c.SpringBootTestContextBootstrapper : Found @SpringBootConfiguration com.allsser.book.springboot.Application for test class com.allsser.book.springboot.web.HelloControllerTest
2021-03-03 23:47:29.040  INFO 14536 --- [    Test worker] .b.t.a.w.s.WebMvcTestContextBootstrapper : Loaded default TestExecutionListener class names from location [META-INF/spring.factories]: [org.springframework.security.test.context.support.WithSecurityContextTestExecutionListener, org.springframework.security.test.context.support.ReactorContextTestExecutionListener, org.springframework.boot.test.autoconfigure.restdocs.RestDocsTestExecutionListener, org.springframework.boot.test.autoconfigure.web.client.MockRestServiceServerResetTestExecutionListener, org.springframework.boot.test.autoconfigure.web.servlet.MockMvcPrintOnlyOnFailureTestExecutionListener, org.springframework.boot.test.autoconfigure.web.servlet.WebDriverTestExecutionListener, org.springframework.boot.test.autoconfigure.webservices.client.MockWebServiceServerTestExecutionListener, org.springframework.boot.test.mock.mockito.MockitoTestExecutionListener, org.springframework.boot.test.mock.mockito.ResetMocksTestExecutionListener, org.springframework.test.context.web.ServletTestExecutionListener, org.springframework.test.context.support.DirtiesContextBeforeModesTestExecutionListener, org.springframework.test.context.support.DependencyInjectionTestExecutionListener, org.springframework.test.context.support.DirtiesContextTestExecutionListener, org.springframework.test.context.transaction.TransactionalTestExecutionListener, org.springframework.test.context.jdbc.SqlScriptsTestExecutionListener, org.springframework.test.context.event.EventPublishingTestExecutionListener]
2021-03-03 23:47:29.042  INFO 14536 --- [    Test worker] .b.t.a.w.s.WebMvcTestContextBootstrapper : Using TestExecutionListeners: [org.springframework.test.context.web.ServletTestExecutionListener@1fdcd500, org.springframework.test.context.support.DirtiesContextBeforeModesTestExecutionListener@1562ec4e, org.springframework.boot.test.mock.mockito.MockitoTestExecutionListener@34b1978, org.springframework.boot.test.autoconfigure.SpringBootDependencyInjectionTestExecutionListener@58ab71db, org.springframework.test.context.support.DirtiesContextTestExecutionListener@2126cb1b, org.springframework.test.context.transaction.TransactionalTestExecutionListener@232453ed, org.springframework.test.context.jdbc.SqlScriptsTestExecutionListener@787f0e28, org.springframework.security.test.context.support.WithSecurityContextTestExecutionListener@7bd99d55, org.springframework.test.context.event.EventPublishingTestExecutionListener@6cb0ff26, org.springframework.security.test.context.support.ReactorContextTestExecutionListener@6d0a7266, org.springframework.boot.test.autoconfigure.restdocs.RestDocsTestExecutionListener@6d043fa1, org.springframework.boot.test.autoconfigure.web.client.MockRestServiceServerResetTestExecutionListener@5a803461, org.springframework.boot.test.autoconfigure.web.servlet.MockMvcPrintOnlyOnFailureTestExecutionListener@3122a9d8, org.springframework.boot.test.autoconfigure.web.servlet.WebDriverTestExecutionListener@f8574d8, org.springframework.boot.test.autoconfigure.webservices.client.MockWebServiceServerTestExecutionListener@4330bbbe, org.springframework.boot.test.mock.mockito.ResetMocksTestExecutionListener@18c8ac85]

  .   ____          _            __ _ _
 /\\ / ___'_ __ _ _(_)_ __  __ _ \ \ \ \
( ( )\___ | '_ | '_| | '_ \/ _` | \ \ \ \
 \\/  ___)| |_)| | | | | || (_| |  ) ) ) )
  '  |____| .__|_| |_|_| |_\__, | / / / /
 =========|_|==============|___/=/_/_/_/
 :: Spring Boot ::                (v2.4.1)

2021-03-03 23:47:29.077  INFO 14536 --- [    Test worker] c.a.b.s.web.HelloControllerTest          : Starting HelloControllerTest using Java 1.8.0_211 on DESKTOP-DI7T465 with PID 14536 (started by Chan in C:\Users\Chan\Desktop\springboot)
2021-03-03 23:47:29.078  INFO 14536 --- [    Test worker] c.a.b.s.web.HelloControllerTest          : No active profile set, falling back to default profiles: default
2021-03-03 23:47:29.527  INFO 14536 --- [    Test worker] o.s.s.concurrent.ThreadPoolTaskExecutor  : Initializing ExecutorService 'applicationTaskExecutor'
2021-03-03 23:47:29.574  INFO 14536 --- [    Test worker] o.s.b.a.w.s.WelcomePageHandlerMapping    : Adding welcome page template: index
2021-03-03 23:47:29.904  INFO 14536 --- [    Test worker] o.s.s.web.DefaultSecurityFilterChain     : Will secure any request with [org.springframework.security.web.context.request.async.WebAsyncManagerIntegrationFilter@3869728f, org.springframework.security.web.context.SecurityContextPersistenceFilter@5cdf6e4f, org.springframework.security.web.header.HeaderWriterFilter@16d7b72, org.springframework.security.web.csrf.CsrfFilter@29c55c99, org.springframework.security.web.authentication.logout.LogoutFilter@f0fa821, org.springframework.security.oauth2.client.web.OAuth2AuthorizationRequestRedirectFilter@432ecba6, org.springframework.security.oauth2.client.web.OAuth2AuthorizationRequestRedirectFilter@52e66d3c, org.springframework.security.oauth2.client.web.OAuth2LoginAuthenticationFilter@3a729def, org.springframework.security.web.authentication.ui.DefaultLoginPageGeneratingFilter@744109f3, org.springframework.security.web.authentication.ui.DefaultLogoutPageGeneratingFilter@6df1bbc2, org.springframework.security.web.savedrequest.RequestCacheAwareFilter@3e18a5a6, org.springframework.security.web.servletapi.SecurityContextHolderAwareRequestFilter@54c4effc, org.springframework.security.web.authentication.AnonymousAuthenticationFilter@2596e3af, org.springframework.security.oauth2.client.web.OAuth2AuthorizationCodeGrantFilter@39be2239, org.springframework.security.web.session.SessionManagementFilter@2cfce52, org.springframework.security.web.access.ExceptionTranslationFilter@8cd4d07, org.springframework.security.web.access.intercept.FilterSecurityInterceptor@971bcf3]
2021-03-03 23:47:29.989  INFO 14536 --- [    Test worker] o.s.b.t.m.w.SpringBootMockServletContext : Initializing Spring TestDispatcherServlet ''
2021-03-03 23:47:29.990  INFO 14536 --- [    Test worker] o.s.t.web.servlet.TestDispatcherServlet  : Initializing Servlet ''
2021-03-03 23:47:29.990  INFO 14536 --- [    Test worker] o.s.t.web.servlet.TestDispatcherServlet  : Completed initialization in 0 ms
2021-03-03 23:47:30.004  INFO 14536 --- [    Test worker] c.a.b.s.web.HelloControllerTest          : Started HelloControllerTest in 0.958 seconds (JVM running for 8.798)
]]></system-out>
  <system-err><![CDATA[]]></system-err>
</testsuite>
