<?xml version="1.0" encoding="UTF-8"?>
<testsuite name="com.allsser.book.springboot.web.HelloControllerTest" tests="2" skipped="0" failures="0" errors="0" timestamp="2021-01-28T15:38:22" hostname="DESKTOP-DI7T465" time="0.159">
  <properties/>
  <testcase name="hello가_리턴된다()" classname="com.allsser.book.springboot.web.HelloControllerTest" time="0.074"/>
  <testcase name="helloDto가_리턴된다()" classname="com.allsser.book.springboot.web.HelloControllerTest" time="0.084"/>
  <system-out><![CDATA[2021-01-29 00:38:21.807  INFO 24348 --- [    Test worker] .b.t.a.w.s.WebMvcTestContextBootstrapper : Neither @ContextConfiguration nor @ContextHierarchy found for test class [com.allsser.book.springboot.web.HelloControllerTest], using SpringBootContextLoader
2021-01-29 00:38:21.808  INFO 24348 --- [    Test worker] o.s.t.c.support.AbstractContextLoader    : Could not detect default resource locations for test class [com.allsser.book.springboot.web.HelloControllerTest]: no resource found for suffixes {-context.xml, Context.groovy}.
2021-01-29 00:38:21.809  INFO 24348 --- [    Test worker] t.c.s.AnnotationConfigContextLoaderUtils : Could not detect default configuration classes for test class [com.allsser.book.springboot.web.HelloControllerTest]: HelloControllerTest does not declare any static, non-private, non-final, nested classes annotated with @Configuration.
2021-01-29 00:38:21.832  INFO 24348 --- [    Test worker] .b.t.c.SpringBootTestContextBootstrapper : Found @SpringBootConfiguration com.allsser.book.springboot.Application for test class com.allsser.book.springboot.web.HelloControllerTest
2021-01-29 00:38:21.833  INFO 24348 --- [    Test worker] .b.t.a.w.s.WebMvcTestContextBootstrapper : Loaded default TestExecutionListener class names from location [META-INF/spring.factories]: [org.springframework.security.test.context.support.WithSecurityContextTestExecutionListener, org.springframework.security.test.context.support.ReactorContextTestExecutionListener, org.springframework.boot.test.autoconfigure.restdocs.RestDocsTestExecutionListener, org.springframework.boot.test.autoconfigure.web.client.MockRestServiceServerResetTestExecutionListener, org.springframework.boot.test.autoconfigure.web.servlet.MockMvcPrintOnlyOnFailureTestExecutionListener, org.springframework.boot.test.autoconfigure.web.servlet.WebDriverTestExecutionListener, org.springframework.boot.test.autoconfigure.webservices.client.MockWebServiceServerTestExecutionListener, org.springframework.boot.test.mock.mockito.MockitoTestExecutionListener, org.springframework.boot.test.mock.mockito.ResetMocksTestExecutionListener, org.springframework.test.context.web.ServletTestExecutionListener, org.springframework.test.context.support.DirtiesContextBeforeModesTestExecutionListener, org.springframework.test.context.support.DependencyInjectionTestExecutionListener, org.springframework.test.context.support.DirtiesContextTestExecutionListener, org.springframework.test.context.transaction.TransactionalTestExecutionListener, org.springframework.test.context.jdbc.SqlScriptsTestExecutionListener, org.springframework.test.context.event.EventPublishingTestExecutionListener]
2021-01-29 00:38:21.834  INFO 24348 --- [    Test worker] .b.t.a.w.s.WebMvcTestContextBootstrapper : Using TestExecutionListeners: [org.springframework.test.context.web.ServletTestExecutionListener@60db2f60, org.springframework.test.context.support.DirtiesContextBeforeModesTestExecutionListener@32c212a4, org.springframework.boot.test.mock.mockito.MockitoTestExecutionListener@4811d038, org.springframework.boot.test.autoconfigure.SpringBootDependencyInjectionTestExecutionListener@395c9bc8, org.springframework.test.context.support.DirtiesContextTestExecutionListener@4513ac, org.springframework.test.context.transaction.TransactionalTestExecutionListener@22b06632, org.springframework.test.context.jdbc.SqlScriptsTestExecutionListener@6466e24c, org.springframework.security.test.context.support.WithSecurityContextTestExecutionListener@3939b7d3, org.springframework.test.context.event.EventPublishingTestExecutionListener@11490b2b, org.springframework.security.test.context.support.ReactorContextTestExecutionListener@30697ec6, org.springframework.boot.test.autoconfigure.restdocs.RestDocsTestExecutionListener@634e9e05, org.springframework.boot.test.autoconfigure.web.client.MockRestServiceServerResetTestExecutionListener@17bd2a90, org.springframework.boot.test.autoconfigure.web.servlet.MockMvcPrintOnlyOnFailureTestExecutionListener@4ef47b1f, org.springframework.boot.test.autoconfigure.web.servlet.WebDriverTestExecutionListener@3590b349, org.springframework.boot.test.autoconfigure.webservices.client.MockWebServiceServerTestExecutionListener@22b9bd48, org.springframework.boot.test.mock.mockito.ResetMocksTestExecutionListener@5c2eea25]

  .   ____          _            __ _ _
 /\\ / ___'_ __ _ _(_)_ __  __ _ \ \ \ \
( ( )\___ | '_ | '_| | '_ \/ _` | \ \ \ \
 \\/  ___)| |_)| | | | | || (_| |  ) ) ) )
  '  |____| .__|_| |_|_| |_\__, | / / / /
 =========|_|==============|___/=/_/_/_/
 :: Spring Boot ::                (v2.4.1)

2021-01-29 00:38:21.865  INFO 24348 --- [    Test worker] c.a.b.s.web.HelloControllerTest          : Starting HelloControllerTest using Java 1.8.0_211 on DESKTOP-DI7T465 with PID 24348 (started by Chan in C:\Users\Chan\Desktop\springboot)
2021-01-29 00:38:21.866  INFO 24348 --- [    Test worker] c.a.b.s.web.HelloControllerTest          : No active profile set, falling back to default profiles: default
2021-01-29 00:38:22.224  INFO 24348 --- [    Test worker] o.s.s.concurrent.ThreadPoolTaskExecutor  : Initializing ExecutorService 'applicationTaskExecutor'
2021-01-29 00:38:22.259  INFO 24348 --- [    Test worker] o.s.b.a.w.s.WelcomePageHandlerMapping    : Adding welcome page template: index
2021-01-29 00:38:22.579  INFO 24348 --- [    Test worker] o.s.s.web.DefaultSecurityFilterChain     : Will secure any request with [org.springframework.security.web.context.request.async.WebAsyncManagerIntegrationFilter@3c80dc80, org.springframework.security.web.context.SecurityContextPersistenceFilter@1889522e, org.springframework.security.web.header.HeaderWriterFilter@1a1d0481, org.springframework.security.web.csrf.CsrfFilter@395ba385, org.springframework.security.web.authentication.logout.LogoutFilter@42d0b390, org.springframework.security.oauth2.client.web.OAuth2AuthorizationRequestRedirectFilter@5cbd5337, org.springframework.security.oauth2.client.web.OAuth2AuthorizationRequestRedirectFilter@6262e6e2, org.springframework.security.oauth2.client.web.OAuth2LoginAuthenticationFilter@5691c452, org.springframework.security.web.authentication.ui.DefaultLoginPageGeneratingFilter@6391507d, org.springframework.security.web.authentication.ui.DefaultLogoutPageGeneratingFilter@6e0e0f72, org.springframework.security.web.savedrequest.RequestCacheAwareFilter@6a396b3c, org.springframework.security.web.servletapi.SecurityContextHolderAwareRequestFilter@187243f6, org.springframework.security.web.authentication.AnonymousAuthenticationFilter@2b364e3, org.springframework.security.oauth2.client.web.OAuth2AuthorizationCodeGrantFilter@1c2e1ff7, org.springframework.security.web.session.SessionManagementFilter@7ebedbcc, org.springframework.security.web.access.ExceptionTranslationFilter@7f41a07b, org.springframework.security.web.access.intercept.FilterSecurityInterceptor@38437df]
2021-01-29 00:38:22.674  INFO 24348 --- [    Test worker] o.s.b.t.m.w.SpringBootMockServletContext : Initializing Spring TestDispatcherServlet ''
2021-01-29 00:38:22.674  INFO 24348 --- [    Test worker] o.s.t.web.servlet.TestDispatcherServlet  : Initializing Servlet ''
2021-01-29 00:38:22.674  INFO 24348 --- [    Test worker] o.s.t.web.servlet.TestDispatcherServlet  : Completed initialization in 0 ms
2021-01-29 00:38:22.694  INFO 24348 --- [    Test worker] c.a.b.s.web.HelloControllerTest          : Started HelloControllerTest in 0.857 seconds (JVM running for 8.893)
]]></system-out>
  <system-err><![CDATA[]]></system-err>
</testsuite>
