<?xml version="1.0" encoding="UTF-8"?>
<testsuite name="com.allsser.book.springboot.web.IndexControllerTeset" tests="1" skipped="0" failures="0" errors="0" timestamp="2021-02-24T09:03:17" hostname="DESKTOP-A9CQPTQ" time="0.453">
  <properties/>
  <testcase name="메인페이지_로딩()" classname="com.allsser.book.springboot.web.IndexControllerTeset" time="0.453"/>
  <system-out><![CDATA[2021-02-24 18:03:12.668  INFO 13384 --- [    Test worker] .b.t.c.SpringBootTestContextBootstrapper : Neither @ContextConfiguration nor @ContextHierarchy found for test class [com.allsser.book.springboot.web.IndexControllerTeset], using SpringBootContextLoader
2021-02-24 18:03:12.670  INFO 13384 --- [    Test worker] o.s.t.c.support.AbstractContextLoader    : Could not detect default resource locations for test class [com.allsser.book.springboot.web.IndexControllerTeset]: no resource found for suffixes {-context.xml, Context.groovy}.
2021-02-24 18:03:12.672  INFO 13384 --- [    Test worker] t.c.s.AnnotationConfigContextLoaderUtils : Could not detect default configuration classes for test class [com.allsser.book.springboot.web.IndexControllerTeset]: IndexControllerTeset does not declare any static, non-private, non-final, nested classes annotated with @Configuration.
2021-02-24 18:03:12.676  INFO 13384 --- [    Test worker] .b.t.c.SpringBootTestContextBootstrapper : Found @SpringBootConfiguration com.allsser.book.springboot.Application for test class com.allsser.book.springboot.web.IndexControllerTeset
2021-02-24 18:03:12.680  INFO 13384 --- [    Test worker] .b.t.c.SpringBootTestContextBootstrapper : Loaded default TestExecutionListener class names from location [META-INF/spring.factories]: [org.springframework.security.test.context.support.WithSecurityContextTestExecutionListener, org.springframework.security.test.context.support.ReactorContextTestExecutionListener, org.springframework.boot.test.autoconfigure.restdocs.RestDocsTestExecutionListener, org.springframework.boot.test.autoconfigure.web.client.MockRestServiceServerResetTestExecutionListener, org.springframework.boot.test.autoconfigure.web.servlet.MockMvcPrintOnlyOnFailureTestExecutionListener, org.springframework.boot.test.autoconfigure.web.servlet.WebDriverTestExecutionListener, org.springframework.boot.test.autoconfigure.webservices.client.MockWebServiceServerTestExecutionListener, org.springframework.boot.test.mock.mockito.MockitoTestExecutionListener, org.springframework.boot.test.mock.mockito.ResetMocksTestExecutionListener, org.springframework.test.context.web.ServletTestExecutionListener, org.springframework.test.context.support.DirtiesContextBeforeModesTestExecutionListener, org.springframework.test.context.support.DependencyInjectionTestExecutionListener, org.springframework.test.context.support.DirtiesContextTestExecutionListener, org.springframework.test.context.transaction.TransactionalTestExecutionListener, org.springframework.test.context.jdbc.SqlScriptsTestExecutionListener, org.springframework.test.context.event.EventPublishingTestExecutionListener]
2021-02-24 18:03:12.688  INFO 13384 --- [    Test worker] .b.t.c.SpringBootTestContextBootstrapper : Using TestExecutionListeners: [org.springframework.test.context.web.ServletTestExecutionListener@161a26df, org.springframework.test.context.support.DirtiesContextBeforeModesTestExecutionListener@38397b37, org.springframework.boot.test.mock.mockito.MockitoTestExecutionListener@60fd0f85, org.springframework.boot.test.autoconfigure.SpringBootDependencyInjectionTestExecutionListener@2f9261b7, org.springframework.test.context.support.DirtiesContextTestExecutionListener@68798644, org.springframework.test.context.transaction.TransactionalTestExecutionListener@1beaa8bf, org.springframework.test.context.jdbc.SqlScriptsTestExecutionListener@13e30d60, org.springframework.security.test.context.support.WithSecurityContextTestExecutionListener@2f405972, org.springframework.test.context.event.EventPublishingTestExecutionListener@bafa178, org.springframework.security.test.context.support.ReactorContextTestExecutionListener@454e5fe2, org.springframework.boot.test.autoconfigure.restdocs.RestDocsTestExecutionListener@4e4dd226, org.springframework.boot.test.autoconfigure.web.client.MockRestServiceServerResetTestExecutionListener@636b8954, org.springframework.boot.test.autoconfigure.web.servlet.MockMvcPrintOnlyOnFailureTestExecutionListener@15b94020, org.springframework.boot.test.autoconfigure.web.servlet.WebDriverTestExecutionListener@223fbc3a, org.springframework.boot.test.autoconfigure.webservices.client.MockWebServiceServerTestExecutionListener@24386b9, org.springframework.boot.test.mock.mockito.ResetMocksTestExecutionListener@3d5d9e8c]

  .   ____          _            __ _ _
 /\\ / ___'_ __ _ _(_)_ __  __ _ \ \ \ \
( ( )\___ | '_ | '_| | '_ \/ _` | \ \ \ \
 \\/  ___)| |_)| | | | | || (_| |  ) ) ) )
  '  |____| .__|_| |_|_| |_\__, | / / / /
 =========|_|==============|___/=/_/_/_/
 :: Spring Boot ::                (v2.4.1)

2021-02-24 18:03:12.764  INFO 13384 --- [    Test worker] c.a.b.s.web.IndexControllerTeset         : Starting IndexControllerTeset using Java 1.8.0_211 on DESKTOP-A9CQPTQ with PID 13384 (started by 최찬종 in C:\java\springboot-webservice)
2021-02-24 18:03:12.765  INFO 13384 --- [    Test worker] c.a.b.s.web.IndexControllerTeset         : No active profile set, falling back to default profiles: default
2021-02-24 18:03:13.202  INFO 13384 --- [    Test worker] .s.d.r.c.RepositoryConfigurationDelegate : Bootstrapping Spring Data JPA repositories in DEFAULT mode.
2021-02-24 18:03:13.244  INFO 13384 --- [    Test worker] .s.d.r.c.RepositoryConfigurationDelegate : Finished Spring Data repository scanning in 41 ms. Found 2 JPA repository interfaces.
2021-02-24 18:03:13.819  INFO 13384 --- [    Test worker] o.s.b.w.embedded.tomcat.TomcatWebServer  : Tomcat initialized with port(s): 0 (http)
2021-02-24 18:03:13.844  INFO 13384 --- [    Test worker] o.apache.catalina.core.StandardService   : Starting service [Tomcat]
2021-02-24 18:03:13.844  INFO 13384 --- [    Test worker] org.apache.catalina.core.StandardEngine  : Starting Servlet engine: [Apache Tomcat/9.0.41]
2021-02-24 18:03:14.112  INFO 13384 --- [    Test worker] o.a.c.c.C.[Tomcat].[localhost].[/]       : Initializing Spring embedded WebApplicationContext
2021-02-24 18:03:14.112  INFO 13384 --- [    Test worker] w.s.c.ServletWebServerApplicationContext : Root WebApplicationContext: initialization completed in 1338 ms
2021-02-24 18:03:14.210  INFO 13384 --- [    Test worker] com.zaxxer.hikari.HikariDataSource       : HikariPool-2 - Starting...
2021-02-24 18:03:14.213  INFO 13384 --- [    Test worker] com.zaxxer.hikari.HikariDataSource       : HikariPool-2 - Start completed.
2021-02-24 18:03:14.213  INFO 13384 --- [    Test worker] o.s.b.a.h2.H2ConsoleAutoConfiguration    : H2 console available at '/h2-console'. Database available at 'jdbc:h2:mem:testdb'
2021-02-24 18:03:14.541  INFO 13384 --- [    Test worker] o.hibernate.jpa.internal.util.LogHelper  : HHH000204: Processing PersistenceUnitInfo [name: default]
2021-02-24 18:03:14.553  INFO 13384 --- [    Test worker] org.hibernate.dialect.Dialect            : HHH000400: Using dialect: org.hibernate.dialect.MySQL57Dialect
Hibernate: drop table if exists posts
Hibernate: drop table if exists user
Hibernate: create table posts (id bigint not null auto_increment, created_date datetime(6), modified_date datetime(6), author varchar(255), content TEXT not null, title varchar(500) not null, primary key (id)) engine=InnoDB
Hibernate: create table user (id bigint not null auto_increment, created_date datetime(6), modified_date datetime(6), email varchar(255) not null, name varchar(255) not null, picture varchar(255), role varchar(255) not null, primary key (id)) engine=InnoDB
2021-02-24 18:03:14.660  INFO 13384 --- [    Test worker] o.h.e.t.j.p.i.JtaPlatformInitiator       : HHH000490: Using JtaPlatform implementation: [org.hibernate.engine.transaction.jta.platform.internal.NoJtaPlatform]
2021-02-24 18:03:14.662  INFO 13384 --- [    Test worker] j.LocalContainerEntityManagerFactoryBean : Initialized JPA EntityManagerFactory for persistence unit 'default'
2021-02-24 18:03:15.940  WARN 13384 --- [    Test worker] JpaBaseConfiguration$JpaWebConfiguration : spring.jpa.open-in-view is enabled by default. Therefore, database queries may be performed during view rendering. Explicitly configure spring.jpa.open-in-view to disable this warning
2021-02-24 18:03:16.418  INFO 13384 --- [    Test worker] o.s.s.web.DefaultSecurityFilterChain     : Will secure any request with [org.springframework.security.web.context.request.async.WebAsyncManagerIntegrationFilter@57859c59, org.springframework.security.web.context.SecurityContextPersistenceFilter@4ed97274, org.springframework.security.web.header.HeaderWriterFilter@12057de8, org.springframework.security.web.authentication.logout.LogoutFilter@459d612d, org.springframework.security.oauth2.client.web.OAuth2AuthorizationRequestRedirectFilter@3e23cf27, org.springframework.security.oauth2.client.web.OAuth2LoginAuthenticationFilter@38be9427, org.springframework.security.web.authentication.ui.DefaultLoginPageGeneratingFilter@5aa952c0, org.springframework.security.web.authentication.ui.DefaultLogoutPageGeneratingFilter@49b85c8d, org.springframework.security.web.savedrequest.RequestCacheAwareFilter@1eb09a28, org.springframework.security.web.servletapi.SecurityContextHolderAwareRequestFilter@27e34e2b, org.springframework.security.web.authentication.AnonymousAuthenticationFilter@69c2e86a, org.springframework.security.web.session.SessionManagementFilter@2a4affa8, org.springframework.security.web.access.ExceptionTranslationFilter@93b205f, org.springframework.security.web.access.intercept.FilterSecurityInterceptor@76ad11dd]
2021-02-24 18:03:16.724  INFO 13384 --- [    Test worker] o.s.s.concurrent.ThreadPoolTaskExecutor  : Initializing ExecutorService 'applicationTaskExecutor'
2021-02-24 18:03:16.788  INFO 13384 --- [    Test worker] o.s.b.a.w.s.WelcomePageHandlerMapping    : Adding welcome page template: index
2021-02-24 18:03:17.252  INFO 13384 --- [    Test worker] o.s.b.w.embedded.tomcat.TomcatWebServer  : Tomcat started on port(s): 10244 (http) with context path ''
2021-02-24 18:03:17.258  INFO 13384 --- [    Test worker] s.a.ScheduledAnnotationBeanPostProcessor : No TaskScheduler/ScheduledExecutorService bean found for scheduled processing
2021-02-24 18:03:17.262  INFO 13384 --- [    Test worker] c.a.b.s.web.IndexControllerTeset         : Started IndexControllerTeset in 4.569 seconds (JVM running for 20.688)
2021-02-24 18:03:17.547  INFO 13384 --- [o-auto-1-exec-1] o.a.c.c.C.[Tomcat].[localhost].[/]       : Initializing Spring DispatcherServlet 'dispatcherServlet'
2021-02-24 18:03:17.549  INFO 13384 --- [o-auto-1-exec-1] o.s.web.servlet.DispatcherServlet        : Initializing Servlet 'dispatcherServlet'
2021-02-24 18:03:17.552  INFO 13384 --- [o-auto-1-exec-1] o.s.web.servlet.DispatcherServlet        : Completed initialization in 3 ms
Hibernate: select posts0_.id as id1_0_, posts0_.created_date as created_2_0_, posts0_.modified_date as modified3_0_, posts0_.author as author4_0_, posts0_.content as content5_0_, posts0_.title as title6_0_ from posts posts0_ order by posts0_.id DESC
]]></system-out>
  <system-err><![CDATA[]]></system-err>
</testsuite>
