<?xml version="1.0" encoding="UTF-8"?>
<testsuite name="com.allsser.book.springboot.domain.posts.PostsRepositoryTest" tests="2" skipped="0" failures="0" errors="0" timestamp="2021-02-18T14:40:08" hostname="choechanjong-ui-MacBookPro.local" time="0.039">
  <properties/>
  <testcase name="게시글저장_불러오기()" classname="com.allsser.book.springboot.domain.posts.PostsRepositoryTest" time="0.019"/>
  <testcase name="BaseTimeEntity_등록()" classname="com.allsser.book.springboot.domain.posts.PostsRepositoryTest" time="0.019"/>
  <system-out><![CDATA[2021-02-18 23:40:07.534  INFO 2561 --- [    Test worker] .b.t.c.SpringBootTestContextBootstrapper : Neither @ContextConfiguration nor @ContextHierarchy found for test class [com.allsser.book.springboot.domain.posts.PostsRepositoryTest], using SpringBootContextLoader
2021-02-18 23:40:07.535  INFO 2561 --- [    Test worker] o.s.t.c.support.AbstractContextLoader    : Could not detect default resource locations for test class [com.allsser.book.springboot.domain.posts.PostsRepositoryTest]: no resource found for suffixes {-context.xml, Context.groovy}.
2021-02-18 23:40:07.535  INFO 2561 --- [    Test worker] t.c.s.AnnotationConfigContextLoaderUtils : Could not detect default configuration classes for test class [com.allsser.book.springboot.domain.posts.PostsRepositoryTest]: PostsRepositoryTest does not declare any static, non-private, non-final, nested classes annotated with @Configuration.
2021-02-18 23:40:07.539  INFO 2561 --- [    Test worker] .b.t.c.SpringBootTestContextBootstrapper : Found @SpringBootConfiguration com.allsser.book.springboot.Application for test class com.allsser.book.springboot.domain.posts.PostsRepositoryTest
2021-02-18 23:40:07.540  INFO 2561 --- [    Test worker] .b.t.c.SpringBootTestContextBootstrapper : Loaded default TestExecutionListener class names from location [META-INF/spring.factories]: [org.springframework.security.test.context.support.WithSecurityContextTestExecutionListener, org.springframework.security.test.context.support.ReactorContextTestExecutionListener, org.springframework.boot.test.autoconfigure.restdocs.RestDocsTestExecutionListener, org.springframework.boot.test.autoconfigure.web.client.MockRestServiceServerResetTestExecutionListener, org.springframework.boot.test.autoconfigure.web.servlet.MockMvcPrintOnlyOnFailureTestExecutionListener, org.springframework.boot.test.autoconfigure.web.servlet.WebDriverTestExecutionListener, org.springframework.boot.test.autoconfigure.webservices.client.MockWebServiceServerTestExecutionListener, org.springframework.boot.test.mock.mockito.MockitoTestExecutionListener, org.springframework.boot.test.mock.mockito.ResetMocksTestExecutionListener, org.springframework.test.context.web.ServletTestExecutionListener, org.springframework.test.context.support.DirtiesContextBeforeModesTestExecutionListener, org.springframework.test.context.support.DependencyInjectionTestExecutionListener, org.springframework.test.context.support.DirtiesContextTestExecutionListener, org.springframework.test.context.transaction.TransactionalTestExecutionListener, org.springframework.test.context.jdbc.SqlScriptsTestExecutionListener, org.springframework.test.context.event.EventPublishingTestExecutionListener]
2021-02-18 23:40:07.540  INFO 2561 --- [    Test worker] .b.t.c.SpringBootTestContextBootstrapper : Using TestExecutionListeners: [org.springframework.test.context.web.ServletTestExecutionListener@2f510d37, org.springframework.test.context.support.DirtiesContextBeforeModesTestExecutionListener@52c2ea8c, org.springframework.boot.test.mock.mockito.MockitoTestExecutionListener@486090dd, org.springframework.boot.test.autoconfigure.SpringBootDependencyInjectionTestExecutionListener@71543f6c, org.springframework.test.context.support.DirtiesContextTestExecutionListener@56cbbcc4, org.springframework.test.context.transaction.TransactionalTestExecutionListener@1318ba1b, org.springframework.test.context.jdbc.SqlScriptsTestExecutionListener@5fb236dd, org.springframework.security.test.context.support.WithSecurityContextTestExecutionListener@fcddd18, org.springframework.test.context.event.EventPublishingTestExecutionListener@46b6db9, org.springframework.security.test.context.support.ReactorContextTestExecutionListener@52f5d74d, org.springframework.boot.test.autoconfigure.restdocs.RestDocsTestExecutionListener@1cbf1710, org.springframework.boot.test.autoconfigure.web.client.MockRestServiceServerResetTestExecutionListener@7dfb3c82, org.springframework.boot.test.autoconfigure.web.servlet.MockMvcPrintOnlyOnFailureTestExecutionListener@22228021, org.springframework.boot.test.autoconfigure.web.servlet.WebDriverTestExecutionListener@5e117497, org.springframework.boot.test.autoconfigure.webservices.client.MockWebServiceServerTestExecutionListener@3a72efd2, org.springframework.boot.test.mock.mockito.ResetMocksTestExecutionListener@1e49db32]

  .   ____          _            __ _ _
 /\\ / ___'_ __ _ _(_)_ __  __ _ \ \ \ \
( ( )\___ | '_ | '_| | '_ \/ _` | \ \ \ \
 \\/  ___)| |_)| | | | | || (_| |  ) ) ) )
  '  |____| .__|_| |_|_| |_\__, | / / / /
 =========|_|==============|___/=/_/_/_/
 :: Spring Boot ::                (v2.4.1)

2021-02-18 23:40:07.553  INFO 2561 --- [    Test worker] c.a.b.s.d.posts.PostsRepositoryTest      : Starting PostsRepositoryTest using Java 1.8.0_281 on choechanjong-ui-MacBookPro.local with PID 2561 (started by choichanjong in /Users/choichanjong/IntelliJ)
2021-02-18 23:40:07.554  INFO 2561 --- [    Test worker] c.a.b.s.d.posts.PostsRepositoryTest      : No active profile set, falling back to default profiles: default
2021-02-18 23:40:07.679  INFO 2561 --- [    Test worker] .s.d.r.c.RepositoryConfigurationDelegate : Bootstrapping Spring Data JPA repositories in DEFAULT mode.
2021-02-18 23:40:07.690  INFO 2561 --- [    Test worker] .s.d.r.c.RepositoryConfigurationDelegate : Finished Spring Data repository scanning in 10 ms. Found 2 JPA repository interfaces.
2021-02-18 23:40:07.864  INFO 2561 --- [    Test worker] com.zaxxer.hikari.HikariDataSource       : HikariPool-2 - Starting...
2021-02-18 23:40:07.865  INFO 2561 --- [    Test worker] com.zaxxer.hikari.HikariDataSource       : HikariPool-2 - Start completed.
2021-02-18 23:40:07.878  INFO 2561 --- [    Test worker] o.hibernate.jpa.internal.util.LogHelper  : HHH000204: Processing PersistenceUnitInfo [name: default]
2021-02-18 23:40:07.882  INFO 2561 --- [    Test worker] org.hibernate.dialect.Dialect            : HHH000400: Using dialect: org.hibernate.dialect.MySQL57Dialect
Hibernate: drop table if exists posts
Hibernate: drop table if exists user
Hibernate: create table posts (id bigint not null auto_increment, created_date datetime(6), modified_date datetime(6), author varchar(255), content TEXT not null, title varchar(500) not null, primary key (id)) engine=InnoDB
Hibernate: create table user (id bigint not null auto_increment, created_date datetime(6), modified_date datetime(6), email varchar(255) not null, name varchar(255) not null, picture varchar(255), role varchar(255) not null, primary key (id)) engine=InnoDB
2021-02-18 23:40:07.929  INFO 2561 --- [    Test worker] o.h.e.t.j.p.i.JtaPlatformInitiator       : HHH000490: Using JtaPlatform implementation: [org.hibernate.engine.transaction.jta.platform.internal.NoJtaPlatform]
2021-02-18 23:40:07.929  INFO 2561 --- [    Test worker] j.LocalContainerEntityManagerFactoryBean : Initialized JPA EntityManagerFactory for persistence unit 'default'
2021-02-18 23:40:08.035  WARN 2561 --- [    Test worker] JpaBaseConfiguration$JpaWebConfiguration : spring.jpa.open-in-view is enabled by default. Therefore, database queries may be performed during view rendering. Explicitly configure spring.jpa.open-in-view to disable this warning
2021-02-18 23:40:08.192  INFO 2561 --- [    Test worker] o.s.s.web.DefaultSecurityFilterChain     : Will secure any request with [org.springframework.security.web.context.request.async.WebAsyncManagerIntegrationFilter@38f939e2, org.springframework.security.web.context.SecurityContextPersistenceFilter@7f031621, org.springframework.security.web.header.HeaderWriterFilter@77ba9467, org.springframework.security.web.authentication.logout.LogoutFilter@6c15dc15, org.springframework.security.oauth2.client.web.OAuth2AuthorizationRequestRedirectFilter@27121ac1, org.springframework.security.oauth2.client.web.OAuth2LoginAuthenticationFilter@1e007d7, org.springframework.security.web.authentication.ui.DefaultLoginPageGeneratingFilter@28eb7d59, org.springframework.security.web.authentication.ui.DefaultLogoutPageGeneratingFilter@2837b7b1, org.springframework.security.web.savedrequest.RequestCacheAwareFilter@27409900, org.springframework.security.web.servletapi.SecurityContextHolderAwareRequestFilter@4fa2823, org.springframework.security.web.authentication.AnonymousAuthenticationFilter@1f446464, org.springframework.security.web.session.SessionManagementFilter@443d101d, org.springframework.security.web.access.ExceptionTranslationFilter@72455bca, org.springframework.security.web.access.intercept.FilterSecurityInterceptor@4a29f8b]
2021-02-18 23:40:08.392  INFO 2561 --- [    Test worker] o.s.s.concurrent.ThreadPoolTaskExecutor  : Initializing ExecutorService 'applicationTaskExecutor'
2021-02-18 23:40:08.418  INFO 2561 --- [    Test worker] o.s.b.a.h2.H2ConsoleAutoConfiguration    : H2 console available at '/h2-console'. Database available at 'jdbc:h2:mem:testdb'
2021-02-18 23:40:08.442  INFO 2561 --- [    Test worker] o.s.b.a.w.s.WelcomePageHandlerMapping    : Adding welcome page template: index
2021-02-18 23:40:08.641  INFO 2561 --- [    Test worker] s.a.ScheduledAnnotationBeanPostProcessor : No TaskScheduler/ScheduledExecutorService bean found for scheduled processing
2021-02-18 23:40:08.641  INFO 2561 --- [    Test worker] c.a.b.s.d.posts.PostsRepositoryTest      : Started PostsRepositoryTest in 1.099 seconds (JVM running for 8.778)
Hibernate: insert into posts (created_date, modified_date, author, content, title) values (?, ?, ?, ?, ?)
Hibernate: select posts0_.id as id1_0_, posts0_.created_date as created_2_0_, posts0_.modified_date as modified3_0_, posts0_.author as author4_0_, posts0_.content as content5_0_, posts0_.title as title6_0_ from posts posts0_
Hibernate: select posts0_.id as id1_0_, posts0_.created_date as created_2_0_, posts0_.modified_date as modified3_0_, posts0_.author as author4_0_, posts0_.content as content5_0_, posts0_.title as title6_0_ from posts posts0_
Hibernate: delete from posts where id=?
Hibernate: insert into posts (created_date, modified_date, author, content, title) values (?, ?, ?, ?, ?)
Hibernate: select posts0_.id as id1_0_, posts0_.created_date as created_2_0_, posts0_.modified_date as modified3_0_, posts0_.author as author4_0_, posts0_.content as content5_0_, posts0_.title as title6_0_ from posts posts0_
>>>>>>>>>>>>>>> createDate=2021-02-18T23:40:08.666, modifiedDate=2021-02-18T23:40:08.666
Hibernate: select posts0_.id as id1_0_, posts0_.created_date as created_2_0_, posts0_.modified_date as modified3_0_, posts0_.author as author4_0_, posts0_.content as content5_0_, posts0_.title as title6_0_ from posts posts0_
Hibernate: delete from posts where id=?
]]></system-out>
  <system-err><![CDATA[]]></system-err>
</testsuite>
