<?xml version="1.0" encoding="UTF-8"?>
<testsuite name="com.allsser.book.springboot.web.HelloControllerTest" tests="2" skipped="0" failures="0" errors="0" timestamp="2021-02-22T14:57:26" hostname="DESKTOP-DI7T465" time="0.158">
  <properties/>
  <testcase name="hello가_리턴된다()" classname="com.allsser.book.springboot.web.HelloControllerTest" time="0.076"/>
  <testcase name="helloDto가_리턴된다()" classname="com.allsser.book.springboot.web.HelloControllerTest" time="0.081"/>
  <system-out><![CDATA[2021-02-22 23:57:25.526  INFO 20252 --- [    Test worker] .b.t.a.w.s.WebMvcTestContextBootstrapper : Neither @ContextConfiguration nor @ContextHierarchy found for test class [com.allsser.book.springboot.web.HelloControllerTest], using SpringBootContextLoader
2021-02-22 23:57:25.526  INFO 20252 --- [    Test worker] o.s.t.c.support.AbstractContextLoader    : Could not detect default resource locations for test class [com.allsser.book.springboot.web.HelloControllerTest]: no resource found for suffixes {-context.xml, Context.groovy}.
2021-02-22 23:57:25.527  INFO 20252 --- [    Test worker] t.c.s.AnnotationConfigContextLoaderUtils : Could not detect default configuration classes for test class [com.allsser.book.springboot.web.HelloControllerTest]: HelloControllerTest does not declare any static, non-private, non-final, nested classes annotated with @Configuration.
2021-02-22 23:57:25.547  INFO 20252 --- [    Test worker] .b.t.c.SpringBootTestContextBootstrapper : Found @SpringBootConfiguration com.allsser.book.springboot.Application for test class com.allsser.book.springboot.web.HelloControllerTest
2021-02-22 23:57:25.548  INFO 20252 --- [    Test worker] .b.t.a.w.s.WebMvcTestContextBootstrapper : Loaded default TestExecutionListener class names from location [META-INF/spring.factories]: [org.springframework.security.test.context.support.WithSecurityContextTestExecutionListener, org.springframework.security.test.context.support.ReactorContextTestExecutionListener, org.springframework.boot.test.autoconfigure.restdocs.RestDocsTestExecutionListener, org.springframework.boot.test.autoconfigure.web.client.MockRestServiceServerResetTestExecutionListener, org.springframework.boot.test.autoconfigure.web.servlet.MockMvcPrintOnlyOnFailureTestExecutionListener, org.springframework.boot.test.autoconfigure.web.servlet.WebDriverTestExecutionListener, org.springframework.boot.test.autoconfigure.webservices.client.MockWebServiceServerTestExecutionListener, org.springframework.boot.test.mock.mockito.MockitoTestExecutionListener, org.springframework.boot.test.mock.mockito.ResetMocksTestExecutionListener, org.springframework.test.context.web.ServletTestExecutionListener, org.springframework.test.context.support.DirtiesContextBeforeModesTestExecutionListener, org.springframework.test.context.support.DependencyInjectionTestExecutionListener, org.springframework.test.context.support.DirtiesContextTestExecutionListener, org.springframework.test.context.transaction.TransactionalTestExecutionListener, org.springframework.test.context.jdbc.SqlScriptsTestExecutionListener, org.springframework.test.context.event.EventPublishingTestExecutionListener]
2021-02-22 23:57:25.549  INFO 20252 --- [    Test worker] .b.t.a.w.s.WebMvcTestContextBootstrapper : Using TestExecutionListeners: [org.springframework.test.context.web.ServletTestExecutionListener@7bd99d55, org.springframework.test.context.support.DirtiesContextBeforeModesTestExecutionListener@6cb0ff26, org.springframework.boot.test.mock.mockito.MockitoTestExecutionListener@6d0a7266, org.springframework.boot.test.autoconfigure.SpringBootDependencyInjectionTestExecutionListener@6d043fa1, org.springframework.test.context.support.DirtiesContextTestExecutionListener@5a803461, org.springframework.test.context.transaction.TransactionalTestExecutionListener@3122a9d8, org.springframework.test.context.jdbc.SqlScriptsTestExecutionListener@f8574d8, org.springframework.security.test.context.support.WithSecurityContextTestExecutionListener@4330bbbe, org.springframework.test.context.event.EventPublishingTestExecutionListener@18c8ac85, org.springframework.security.test.context.support.ReactorContextTestExecutionListener@3c80ba2d, org.springframework.boot.test.autoconfigure.restdocs.RestDocsTestExecutionListener@18873ad1, org.springframework.boot.test.autoconfigure.web.client.MockRestServiceServerResetTestExecutionListener@5eac8f34, org.springframework.boot.test.autoconfigure.web.servlet.MockMvcPrintOnlyOnFailureTestExecutionListener@3ddace0, org.springframework.boot.test.autoconfigure.web.servlet.WebDriverTestExecutionListener@3a353f64, org.springframework.boot.test.autoconfigure.webservices.client.MockWebServiceServerTestExecutionListener@1bc5db41, org.springframework.boot.test.mock.mockito.ResetMocksTestExecutionListener@212a3222]

  .   ____          _            __ _ _
 /\\ / ___'_ __ _ _(_)_ __  __ _ \ \ \ \
( ( )\___ | '_ | '_| | '_ \/ _` | \ \ \ \
 \\/  ___)| |_)| | | | | || (_| |  ) ) ) )
  '  |____| .__|_| |_|_| |_\__, | / / / /
 =========|_|==============|___/=/_/_/_/
 :: Spring Boot ::                (v2.4.1)

2021-02-22 23:57:25.579  INFO 20252 --- [    Test worker] c.a.b.s.web.HelloControllerTest          : Starting HelloControllerTest using Java 1.8.0_211 on DESKTOP-DI7T465 with PID 20252 (started by Chan in C:\Users\Chan\Desktop\springboot)
2021-02-22 23:57:25.580  INFO 20252 --- [    Test worker] c.a.b.s.web.HelloControllerTest          : No active profile set, falling back to default profiles: default
2021-02-22 23:57:25.922  INFO 20252 --- [    Test worker] o.s.s.concurrent.ThreadPoolTaskExecutor  : Initializing ExecutorService 'applicationTaskExecutor'
2021-02-22 23:57:25.955  INFO 20252 --- [    Test worker] o.s.b.a.w.s.WelcomePageHandlerMapping    : Adding welcome page template: index
2021-02-22 23:57:26.257  INFO 20252 --- [    Test worker] o.s.s.web.DefaultSecurityFilterChain     : Will secure any request with [org.springframework.security.web.context.request.async.WebAsyncManagerIntegrationFilter@17191ed7, org.springframework.security.web.context.SecurityContextPersistenceFilter@73fc357, org.springframework.security.web.header.HeaderWriterFilter@744109f3, org.springframework.security.web.csrf.CsrfFilter@54c4effc, org.springframework.security.web.authentication.logout.LogoutFilter@3a729def, org.springframework.security.oauth2.client.web.OAuth2AuthorizationRequestRedirectFilter@58d027bf, org.springframework.security.oauth2.client.web.OAuth2AuthorizationRequestRedirectFilter@2596e3af, org.springframework.security.oauth2.client.web.OAuth2LoginAuthenticationFilter@3869728f, org.springframework.security.web.authentication.ui.DefaultLoginPageGeneratingFilter@5674c525, org.springframework.security.web.authentication.ui.DefaultLogoutPageGeneratingFilter@79b00685, org.springframework.security.web.savedrequest.RequestCacheAwareFilter@75033d31, org.springframework.security.web.servletapi.SecurityContextHolderAwareRequestFilter@971bcf3, org.springframework.security.web.authentication.AnonymousAuthenticationFilter@b6615fb, org.springframework.security.oauth2.client.web.OAuth2AuthorizationCodeGrantFilter@6fe3a8e0, org.springframework.security.web.session.SessionManagementFilter@709b388, org.springframework.security.web.access.ExceptionTranslationFilter@f0fa821, org.springframework.security.web.access.intercept.FilterSecurityInterceptor@39be2239]
2021-02-22 23:57:26.340  INFO 20252 --- [    Test worker] o.s.b.t.m.w.SpringBootMockServletContext : Initializing Spring TestDispatcherServlet ''
2021-02-22 23:57:26.340  INFO 20252 --- [    Test worker] o.s.t.web.servlet.TestDispatcherServlet  : Initializing Servlet ''
2021-02-22 23:57:26.341  INFO 20252 --- [    Test worker] o.s.t.web.servlet.TestDispatcherServlet  : Completed initialization in 1 ms
2021-02-22 23:57:26.354  INFO 20252 --- [    Test worker] c.a.b.s.web.HelloControllerTest          : Started HelloControllerTest in 0.803 seconds (JVM running for 8.318)
]]></system-out>
  <system-err><![CDATA[]]></system-err>
</testsuite>
