<?xml version="1.0" encoding="UTF-8"?>
<testsuite name="com.allsser.book.springboot.web.HelloControllerTest" tests="2" skipped="0" failures="0" errors="0" timestamp="2021-01-22T11:09:38" hostname="DESKTOP-DI7T465" time="0.152">
  <properties/>
  <testcase name="hello가_리턴된다()" classname="com.allsser.book.springboot.web.HelloControllerTest" time="0.069"/>
  <testcase name="helloDto가_리턴된다()" classname="com.allsser.book.springboot.web.HelloControllerTest" time="0.083"/>
  <system-out><![CDATA[2021-01-22 20:09:38.008  INFO 28428 --- [    Test worker] .b.t.a.w.s.WebMvcTestContextBootstrapper : Neither @ContextConfiguration nor @ContextHierarchy found for test class [com.allsser.book.springboot.web.HelloControllerTest], using SpringBootContextLoader
2021-01-22 20:09:38.010  INFO 28428 --- [    Test worker] o.s.t.c.support.AbstractContextLoader    : Could not detect default resource locations for test class [com.allsser.book.springboot.web.HelloControllerTest]: no resource found for suffixes {-context.xml, Context.groovy}.
2021-01-22 20:09:38.010  INFO 28428 --- [    Test worker] t.c.s.AnnotationConfigContextLoaderUtils : Could not detect default configuration classes for test class [com.allsser.book.springboot.web.HelloControllerTest]: HelloControllerTest does not declare any static, non-private, non-final, nested classes annotated with @Configuration.
2021-01-22 20:09:38.041  INFO 28428 --- [    Test worker] .b.t.c.SpringBootTestContextBootstrapper : Found @SpringBootConfiguration com.allsser.book.springboot.Application for test class com.allsser.book.springboot.web.HelloControllerTest
2021-01-22 20:09:38.042  INFO 28428 --- [    Test worker] .b.t.a.w.s.WebMvcTestContextBootstrapper : Loaded default TestExecutionListener class names from location [META-INF/spring.factories]: [org.springframework.security.test.context.support.WithSecurityContextTestExecutionListener, org.springframework.security.test.context.support.ReactorContextTestExecutionListener, org.springframework.boot.test.autoconfigure.restdocs.RestDocsTestExecutionListener, org.springframework.boot.test.autoconfigure.web.client.MockRestServiceServerResetTestExecutionListener, org.springframework.boot.test.autoconfigure.web.servlet.MockMvcPrintOnlyOnFailureTestExecutionListener, org.springframework.boot.test.autoconfigure.web.servlet.WebDriverTestExecutionListener, org.springframework.boot.test.autoconfigure.webservices.client.MockWebServiceServerTestExecutionListener, org.springframework.boot.test.mock.mockito.MockitoTestExecutionListener, org.springframework.boot.test.mock.mockito.ResetMocksTestExecutionListener, org.springframework.test.context.web.ServletTestExecutionListener, org.springframework.test.context.support.DirtiesContextBeforeModesTestExecutionListener, org.springframework.test.context.support.DependencyInjectionTestExecutionListener, org.springframework.test.context.support.DirtiesContextTestExecutionListener, org.springframework.test.context.transaction.TransactionalTestExecutionListener, org.springframework.test.context.jdbc.SqlScriptsTestExecutionListener, org.springframework.test.context.event.EventPublishingTestExecutionListener]
2021-01-22 20:09:38.044  INFO 28428 --- [    Test worker] .b.t.a.w.s.WebMvcTestContextBootstrapper : Using TestExecutionListeners: [org.springframework.test.context.web.ServletTestExecutionListener@11fea421, org.springframework.test.context.support.DirtiesContextBeforeModesTestExecutionListener@2090e4f8, org.springframework.boot.test.mock.mockito.MockitoTestExecutionListener@6d56ca75, org.springframework.boot.test.autoconfigure.SpringBootDependencyInjectionTestExecutionListener@47712ef3, org.springframework.test.context.support.DirtiesContextTestExecutionListener@234a5590, org.springframework.test.context.transaction.TransactionalTestExecutionListener@45ad225, org.springframework.test.context.jdbc.SqlScriptsTestExecutionListener@5f04b5b9, org.springframework.security.test.context.support.WithSecurityContextTestExecutionListener@11cc0e1c, org.springframework.test.context.event.EventPublishingTestExecutionListener@60db2f60, org.springframework.security.test.context.support.ReactorContextTestExecutionListener@32c212a4, org.springframework.boot.test.autoconfigure.restdocs.RestDocsTestExecutionListener@4811d038, org.springframework.boot.test.autoconfigure.web.client.MockRestServiceServerResetTestExecutionListener@395c9bc8, org.springframework.boot.test.autoconfigure.web.servlet.MockMvcPrintOnlyOnFailureTestExecutionListener@4513ac, org.springframework.boot.test.autoconfigure.web.servlet.WebDriverTestExecutionListener@22b06632, org.springframework.boot.test.autoconfigure.webservices.client.MockWebServiceServerTestExecutionListener@6466e24c, org.springframework.boot.test.mock.mockito.ResetMocksTestExecutionListener@3939b7d3]

  .   ____          _            __ _ _
 /\\ / ___'_ __ _ _(_)_ __  __ _ \ \ \ \
( ( )\___ | '_ | '_| | '_ \/ _` | \ \ \ \
 \\/  ___)| |_)| | | | | || (_| |  ) ) ) )
  '  |____| .__|_| |_|_| |_\__, | / / / /
 =========|_|==============|___/=/_/_/_/
 :: Spring Boot ::                (v2.4.1)

2021-01-22 20:09:38.075  INFO 28428 --- [    Test worker] c.a.b.s.web.HelloControllerTest          : Starting HelloControllerTest using Java 1.8.0_211 on DESKTOP-DI7T465 with PID 28428 (started by Chan in C:\Users\Chan\Desktop\springboot)
2021-01-22 20:09:38.076  INFO 28428 --- [    Test worker] c.a.b.s.web.HelloControllerTest          : No active profile set, falling back to default profiles: default
2021-01-22 20:09:38.461  INFO 28428 --- [    Test worker] o.s.s.concurrent.ThreadPoolTaskExecutor  : Initializing ExecutorService 'applicationTaskExecutor'
2021-01-22 20:09:38.499  INFO 28428 --- [    Test worker] o.s.b.a.w.s.WelcomePageHandlerMapping    : Adding welcome page template: index
2021-01-22 20:09:38.817  INFO 28428 --- [    Test worker] o.s.s.web.DefaultSecurityFilterChain     : Will secure any request with [org.springframework.security.web.context.request.async.WebAsyncManagerIntegrationFilter@5cbd5337, org.springframework.security.web.context.SecurityContextPersistenceFilter@625e733, org.springframework.security.web.header.HeaderWriterFilter@4b8c1460, org.springframework.security.web.csrf.CsrfFilter@39d8bf1c, org.springframework.security.web.authentication.logout.LogoutFilter@106ec7e2, org.springframework.security.oauth2.client.web.OAuth2AuthorizationRequestRedirectFilter@187243f6, org.springframework.security.oauth2.client.web.OAuth2AuthorizationRequestRedirectFilter@6391507d, org.springframework.security.oauth2.client.web.OAuth2LoginAuthenticationFilter@109a8b8f, org.springframework.security.web.authentication.ui.DefaultLoginPageGeneratingFilter@7f41a07b, org.springframework.security.web.authentication.ui.DefaultLogoutPageGeneratingFilter@5691c452, org.springframework.security.web.savedrequest.RequestCacheAwareFilter@26a92d31, org.springframework.security.web.servletapi.SecurityContextHolderAwareRequestFilter@d2d0290, org.springframework.security.web.authentication.AnonymousAuthenticationFilter@40fa0bed, org.springframework.security.oauth2.client.web.OAuth2AuthorizationCodeGrantFilter@6a7f9055, org.springframework.security.web.session.SessionManagementFilter@37d07252, org.springframework.security.web.access.ExceptionTranslationFilter@4f1de620, org.springframework.security.web.access.intercept.FilterSecurityInterceptor@6a396b3c]
2021-01-22 20:09:38.904  INFO 28428 --- [    Test worker] o.s.b.t.m.w.SpringBootMockServletContext : Initializing Spring TestDispatcherServlet ''
2021-01-22 20:09:38.905  INFO 28428 --- [    Test worker] o.s.t.web.servlet.TestDispatcherServlet  : Initializing Servlet ''
2021-01-22 20:09:38.905  INFO 28428 --- [    Test worker] o.s.t.web.servlet.TestDispatcherServlet  : Completed initialization in 0 ms
2021-01-22 20:09:38.924  INFO 28428 --- [    Test worker] c.a.b.s.web.HelloControllerTest          : Started HelloControllerTest in 0.877 seconds (JVM running for 8.808)
]]></system-out>
  <system-err><![CDATA[]]></system-err>
</testsuite>
