<?xml version="1.0" encoding="UTF-8"?>
<testsuite name="com.allsser.book.springboot.web.HelloControllerTest" tests="2" skipped="0" failures="0" errors="0" timestamp="2021-01-28T10:48:29" hostname="ip-172-31-2-111.ap-northeast-2.compute.internal" time="0.336">
  <properties/>
  <testcase name="hello가_리턴된다()" classname="com.allsser.book.springboot.web.HelloControllerTest" time="0.148"/>
  <testcase name="helloDto가_리턴된다()" classname="com.allsser.book.springboot.web.HelloControllerTest" time="0.183"/>
  <system-out><![CDATA[2021-01-28 19:48:28.068  INFO 3771 --- [    Test worker] .b.t.a.w.s.WebMvcTestContextBootstrapper : Neither @ContextConfiguration nor @ContextHierarchy found for test class [com.allsser.book.springboot.web.HelloControllerTest], using SpringBootContextLoader
2021-01-28 19:48:28.075  INFO 3771 --- [    Test worker] o.s.t.c.support.AbstractContextLoader    : Could not detect default resource locations for test class [com.allsser.book.springboot.web.HelloControllerTest]: no resource found for suffixes {-context.xml, Context.groovy}.
2021-01-28 19:48:28.075  INFO 3771 --- [    Test worker] t.c.s.AnnotationConfigContextLoaderUtils : Could not detect default configuration classes for test class [com.allsser.book.springboot.web.HelloControllerTest]: HelloControllerTest does not declare any static, non-private, non-final, nested classes annotated with @Configuration.
2021-01-28 19:48:28.122  INFO 3771 --- [    Test worker] .b.t.c.SpringBootTestContextBootstrapper : Found @SpringBootConfiguration com.allsser.book.springboot.Application for test class com.allsser.book.springboot.web.HelloControllerTest
2021-01-28 19:48:28.127  INFO 3771 --- [    Test worker] .b.t.a.w.s.WebMvcTestContextBootstrapper : Loaded default TestExecutionListener class names from location [META-INF/spring.factories]: [org.springframework.security.test.context.support.WithSecurityContextTestExecutionListener, org.springframework.security.test.context.support.ReactorContextTestExecutionListener, org.springframework.boot.test.autoconfigure.restdocs.RestDocsTestExecutionListener, org.springframework.boot.test.autoconfigure.web.client.MockRestServiceServerResetTestExecutionListener, org.springframework.boot.test.autoconfigure.web.servlet.MockMvcPrintOnlyOnFailureTestExecutionListener, org.springframework.boot.test.autoconfigure.web.servlet.WebDriverTestExecutionListener, org.springframework.boot.test.autoconfigure.webservices.client.MockWebServiceServerTestExecutionListener, org.springframework.boot.test.mock.mockito.MockitoTestExecutionListener, org.springframework.boot.test.mock.mockito.ResetMocksTestExecutionListener, org.springframework.test.context.web.ServletTestExecutionListener, org.springframework.test.context.support.DirtiesContextBeforeModesTestExecutionListener, org.springframework.test.context.support.DependencyInjectionTestExecutionListener, org.springframework.test.context.support.DirtiesContextTestExecutionListener, org.springframework.test.context.transaction.TransactionalTestExecutionListener, org.springframework.test.context.jdbc.SqlScriptsTestExecutionListener, org.springframework.test.context.event.EventPublishingTestExecutionListener]
2021-01-28 19:48:28.129  INFO 3771 --- [    Test worker] .b.t.a.w.s.WebMvcTestContextBootstrapper : Using TestExecutionListeners: [org.springframework.test.context.web.ServletTestExecutionListener@2b05e621, org.springframework.test.context.support.DirtiesContextBeforeModesTestExecutionListener@f20c8f7, org.springframework.boot.test.mock.mockito.MockitoTestExecutionListener@1dc63f90, org.springframework.boot.test.autoconfigure.SpringBootDependencyInjectionTestExecutionListener@76a9ea80, org.springframework.test.context.support.DirtiesContextTestExecutionListener@72993e9a, org.springframework.test.context.transaction.TransactionalTestExecutionListener@7b77274e, org.springframework.test.context.jdbc.SqlScriptsTestExecutionListener@57e1bd0f, org.springframework.security.test.context.support.WithSecurityContextTestExecutionListener@6e25a099, org.springframework.test.context.event.EventPublishingTestExecutionListener@55f32e29, org.springframework.security.test.context.support.ReactorContextTestExecutionListener@17fc2e8e, org.springframework.boot.test.autoconfigure.restdocs.RestDocsTestExecutionListener@4daff0bb, org.springframework.boot.test.autoconfigure.web.client.MockRestServiceServerResetTestExecutionListener@ecda0ff, org.springframework.boot.test.autoconfigure.web.servlet.MockMvcPrintOnlyOnFailureTestExecutionListener@42035569, org.springframework.boot.test.autoconfigure.web.servlet.WebDriverTestExecutionListener@34fd9bf9, org.springframework.boot.test.autoconfigure.webservices.client.MockWebServiceServerTestExecutionListener@6658ff5, org.springframework.boot.test.mock.mockito.ResetMocksTestExecutionListener@654c1d9e]

  .   ____          _            __ _ _
 /\\ / ___'_ __ _ _(_)_ __  __ _ \ \ \ \
( ( )\___ | '_ | '_| | '_ \/ _` | \ \ \ \
 \\/  ___)| |_)| | | | | || (_| |  ) ) ) )
  '  |____| .__|_| |_|_| |_\__, | / / / /
 =========|_|==============|___/=/_/_/_/
 :: Spring Boot ::                (v2.4.1)

2021-01-28 19:48:28.188  INFO 3771 --- [    Test worker] c.a.b.s.web.HelloControllerTest          : Starting HelloControllerTest using Java 1.8.0_272 on ip-172-31-2-111.ap-northeast-2.compute.internal with PID 3771 (started by ec2-user in /home/ec2-user/app/step1/springboot-webservice)
2021-01-28 19:48:28.194  INFO 3771 --- [    Test worker] c.a.b.s.web.HelloControllerTest          : No active profile set, falling back to default profiles: default
2021-01-28 19:48:28.909  INFO 3771 --- [    Test worker] o.s.s.concurrent.ThreadPoolTaskExecutor  : Initializing ExecutorService 'applicationTaskExecutor'
2021-01-28 19:48:28.978  INFO 3771 --- [    Test worker] o.s.b.a.w.s.WelcomePageHandlerMapping    : Adding welcome page template: index
2021-01-28 19:48:29.546  INFO 3771 --- [    Test worker] o.s.s.web.DefaultSecurityFilterChain     : Will secure any request with [org.springframework.security.web.context.request.async.WebAsyncManagerIntegrationFilter@384e1add, org.springframework.security.web.context.SecurityContextPersistenceFilter@70f85981, org.springframework.security.web.header.HeaderWriterFilter@36057260, org.springframework.security.web.csrf.CsrfFilter@63f625ad, org.springframework.security.web.authentication.logout.LogoutFilter@50bc908, org.springframework.security.oauth2.client.web.OAuth2AuthorizationRequestRedirectFilter@40442188, org.springframework.security.oauth2.client.web.OAuth2AuthorizationRequestRedirectFilter@5d087794, org.springframework.security.oauth2.client.web.OAuth2LoginAuthenticationFilter@352fdd84, org.springframework.security.web.authentication.ui.DefaultLoginPageGeneratingFilter@716dba60, org.springframework.security.web.authentication.ui.DefaultLogoutPageGeneratingFilter@251dbbf5, org.springframework.security.web.savedrequest.RequestCacheAwareFilter@299ba128, org.springframework.security.web.servletapi.SecurityContextHolderAwareRequestFilter@34104009, org.springframework.security.web.authentication.AnonymousAuthenticationFilter@32670fb2, org.springframework.security.oauth2.client.web.OAuth2AuthorizationCodeGrantFilter@134095b9, org.springframework.security.web.session.SessionManagementFilter@640ce240, org.springframework.security.web.access.ExceptionTranslationFilter@11d91c7a, org.springframework.security.web.access.intercept.FilterSecurityInterceptor@5a77df56]
2021-01-28 19:48:29.718  INFO 3771 --- [    Test worker] o.s.b.t.m.w.SpringBootMockServletContext : Initializing Spring TestDispatcherServlet ''
2021-01-28 19:48:29.719  INFO 3771 --- [    Test worker] o.s.t.web.servlet.TestDispatcherServlet  : Initializing Servlet ''
2021-01-28 19:48:29.721  INFO 3771 --- [    Test worker] o.s.t.web.servlet.TestDispatcherServlet  : Completed initialization in 1 ms
2021-01-28 19:48:29.749  INFO 3771 --- [    Test worker] c.a.b.s.web.HelloControllerTest          : Started HelloControllerTest in 1.616 seconds (JVM running for 16.992)
]]></system-out>
  <system-err><![CDATA[]]></system-err>
</testsuite>
