<?xml version="1.0" encoding="UTF-8"?>
<testsuite name="com.allsser.book.springboot.web.HelloControllerTest" tests="2" skipped="0" failures="0" errors="0" timestamp="2021-02-22T08:37:13" hostname="choechanjong-ui-MacBookPro.local" time="0.089">
  <properties/>
  <testcase name="hello가_리턴된다()" classname="com.allsser.book.springboot.web.HelloControllerTest" time="0.028"/>
  <testcase name="helloDto가_리턴된다()" classname="com.allsser.book.springboot.web.HelloControllerTest" time="0.06"/>
  <system-out><![CDATA[2021-02-22 17:37:12.456  INFO 1441 --- [    Test worker] .b.t.a.w.s.WebMvcTestContextBootstrapper : Neither @ContextConfiguration nor @ContextHierarchy found for test class [com.allsser.book.springboot.web.HelloControllerTest], using SpringBootContextLoader
2021-02-22 17:37:12.456  INFO 1441 --- [    Test worker] o.s.t.c.support.AbstractContextLoader    : Could not detect default resource locations for test class [com.allsser.book.springboot.web.HelloControllerTest]: no resource found for suffixes {-context.xml, Context.groovy}.
2021-02-22 17:37:12.456  INFO 1441 --- [    Test worker] t.c.s.AnnotationConfigContextLoaderUtils : Could not detect default configuration classes for test class [com.allsser.book.springboot.web.HelloControllerTest]: HelloControllerTest does not declare any static, non-private, non-final, nested classes annotated with @Configuration.
2021-02-22 17:37:12.468  INFO 1441 --- [    Test worker] .b.t.c.SpringBootTestContextBootstrapper : Found @SpringBootConfiguration com.allsser.book.springboot.Application for test class com.allsser.book.springboot.web.HelloControllerTest
2021-02-22 17:37:12.469  INFO 1441 --- [    Test worker] .b.t.a.w.s.WebMvcTestContextBootstrapper : Loaded default TestExecutionListener class names from location [META-INF/spring.factories]: [org.springframework.security.test.context.support.WithSecurityContextTestExecutionListener, org.springframework.security.test.context.support.ReactorContextTestExecutionListener, org.springframework.boot.test.autoconfigure.restdocs.RestDocsTestExecutionListener, org.springframework.boot.test.autoconfigure.web.client.MockRestServiceServerResetTestExecutionListener, org.springframework.boot.test.autoconfigure.web.servlet.MockMvcPrintOnlyOnFailureTestExecutionListener, org.springframework.boot.test.autoconfigure.web.servlet.WebDriverTestExecutionListener, org.springframework.boot.test.autoconfigure.webservices.client.MockWebServiceServerTestExecutionListener, org.springframework.boot.test.mock.mockito.MockitoTestExecutionListener, org.springframework.boot.test.mock.mockito.ResetMocksTestExecutionListener, org.springframework.test.context.web.ServletTestExecutionListener, org.springframework.test.context.support.DirtiesContextBeforeModesTestExecutionListener, org.springframework.test.context.support.DependencyInjectionTestExecutionListener, org.springframework.test.context.support.DirtiesContextTestExecutionListener, org.springframework.test.context.transaction.TransactionalTestExecutionListener, org.springframework.test.context.jdbc.SqlScriptsTestExecutionListener, org.springframework.test.context.event.EventPublishingTestExecutionListener]
2021-02-22 17:37:12.470  INFO 1441 --- [    Test worker] .b.t.a.w.s.WebMvcTestContextBootstrapper : Using TestExecutionListeners: [org.springframework.test.context.web.ServletTestExecutionListener@779393cd, org.springframework.test.context.support.DirtiesContextBeforeModesTestExecutionListener@6dfaebd8, org.springframework.boot.test.mock.mockito.MockitoTestExecutionListener@136a5997, org.springframework.boot.test.autoconfigure.SpringBootDependencyInjectionTestExecutionListener@4e7cd45, org.springframework.test.context.support.DirtiesContextTestExecutionListener@6f012bef, org.springframework.test.context.transaction.TransactionalTestExecutionListener@559fa9fc, org.springframework.test.context.jdbc.SqlScriptsTestExecutionListener@14f8e439, org.springframework.security.test.context.support.WithSecurityContextTestExecutionListener@2ecf9e06, org.springframework.test.context.event.EventPublishingTestExecutionListener@48f79663, org.springframework.security.test.context.support.ReactorContextTestExecutionListener@608f06c8, org.springframework.boot.test.autoconfigure.restdocs.RestDocsTestExecutionListener@3305efcc, org.springframework.boot.test.autoconfigure.web.client.MockRestServiceServerResetTestExecutionListener@61686804, org.springframework.boot.test.autoconfigure.web.servlet.MockMvcPrintOnlyOnFailureTestExecutionListener@15d8bec4, org.springframework.boot.test.autoconfigure.web.servlet.WebDriverTestExecutionListener@df943f1, org.springframework.boot.test.autoconfigure.webservices.client.MockWebServiceServerTestExecutionListener@111ea60d, org.springframework.boot.test.mock.mockito.ResetMocksTestExecutionListener@3394c462]

  .   ____          _            __ _ _
 /\\ / ___'_ __ _ _(_)_ __  __ _ \ \ \ \
( ( )\___ | '_ | '_| | '_ \/ _` | \ \ \ \
 \\/  ___)| |_)| | | | | || (_| |  ) ) ) )
  '  |____| .__|_| |_|_| |_\__, | / / / /
 =========|_|==============|___/=/_/_/_/
 :: Spring Boot ::                (v2.4.1)

2021-02-22 17:37:12.495  INFO 1441 --- [    Test worker] c.a.b.s.web.HelloControllerTest          : Starting HelloControllerTest using Java 1.8.0_281 on choechanjong-ui-MacBookPro.local with PID 1441 (started by choichanjong in /Users/choichanjong/IntelliJ)
2021-02-22 17:37:12.496  INFO 1441 --- [    Test worker] c.a.b.s.web.HelloControllerTest          : No active profile set, falling back to default profiles: default
2021-02-22 17:37:12.814  INFO 1441 --- [    Test worker] o.s.s.concurrent.ThreadPoolTaskExecutor  : Initializing ExecutorService 'applicationTaskExecutor'
2021-02-22 17:37:12.841  INFO 1441 --- [    Test worker] o.s.b.a.w.s.WelcomePageHandlerMapping    : Adding welcome page template: index
2021-02-22 17:37:13.052  INFO 1441 --- [    Test worker] o.s.s.web.DefaultSecurityFilterChain     : Will secure any request with [org.springframework.security.web.context.request.async.WebAsyncManagerIntegrationFilter@216076eb, org.springframework.security.web.context.SecurityContextPersistenceFilter@7a565124, org.springframework.security.web.header.HeaderWriterFilter@6c4689ea, org.springframework.security.web.csrf.CsrfFilter@2c69f6c2, org.springframework.security.web.authentication.logout.LogoutFilter@6a2763c1, org.springframework.security.oauth2.client.web.OAuth2AuthorizationRequestRedirectFilter@5aaf846, org.springframework.security.oauth2.client.web.OAuth2AuthorizationRequestRedirectFilter@16dc5c75, org.springframework.security.oauth2.client.web.OAuth2LoginAuthenticationFilter@47f757de, org.springframework.security.web.authentication.ui.DefaultLoginPageGeneratingFilter@120d333a, org.springframework.security.web.authentication.ui.DefaultLogoutPageGeneratingFilter@1b549f45, org.springframework.security.web.savedrequest.RequestCacheAwareFilter@20ab0f30, org.springframework.security.web.servletapi.SecurityContextHolderAwareRequestFilter@787acb16, org.springframework.security.web.authentication.AnonymousAuthenticationFilter@7b68471a, org.springframework.security.oauth2.client.web.OAuth2AuthorizationCodeGrantFilter@68e117b2, org.springframework.security.web.session.SessionManagementFilter@ffaad46, org.springframework.security.web.access.ExceptionTranslationFilter@4b9226b8, org.springframework.security.web.access.intercept.FilterSecurityInterceptor@32dc77c3]
2021-02-22 17:37:13.102  INFO 1441 --- [    Test worker] o.s.b.t.m.w.SpringBootMockServletContext : Initializing Spring TestDispatcherServlet ''
2021-02-22 17:37:13.102  INFO 1441 --- [    Test worker] o.s.t.web.servlet.TestDispatcherServlet  : Initializing Servlet ''
2021-02-22 17:37:13.102  INFO 1441 --- [    Test worker] o.s.t.web.servlet.TestDispatcherServlet  : Completed initialization in 0 ms
2021-02-22 17:37:13.115  INFO 1441 --- [    Test worker] c.a.b.s.web.HelloControllerTest          : Started HelloControllerTest in 0.637 seconds (JVM running for 7.213)
]]></system-out>
  <system-err><![CDATA[]]></system-err>
</testsuite>
