<?xml version="1.0" encoding="UTF-8"?>
<testsuite name="com.allsser.book.springboot.web.IndexControllerTeset" tests="1" skipped="0" failures="0" errors="0" timestamp="2021-02-18T09:27:32" hostname="choechanjong-ui-MacBookPro.local" time="0.339">
  <properties/>
  <testcase name="메인페이지_로딩()" classname="com.allsser.book.springboot.web.IndexControllerTeset" time="0.339"/>
  <system-out><![CDATA[18:27:27.308 [Test worker] DEBUG org.springframework.test.context.BootstrapUtils - Instantiating CacheAwareContextLoaderDelegate from class [org.springframework.test.context.cache.DefaultCacheAwareContextLoaderDelegate]
18:27:27.318 [Test worker] DEBUG org.springframework.test.context.BootstrapUtils - Instantiating BootstrapContext using constructor [public org.springframework.test.context.support.DefaultBootstrapContext(java.lang.Class,org.springframework.test.context.CacheAwareContextLoaderDelegate)]
18:27:27.346 [Test worker] DEBUG org.springframework.test.context.BootstrapUtils - Instantiating TestContextBootstrapper for test class [com.allsser.book.springboot.web.IndexControllerTeset] from class [org.springframework.boot.test.context.SpringBootTestContextBootstrapper]
18:27:27.356 [Test worker] INFO org.springframework.boot.test.context.SpringBootTestContextBootstrapper - Neither @ContextConfiguration nor @ContextHierarchy found for test class [com.allsser.book.springboot.web.IndexControllerTeset], using SpringBootContextLoader
18:27:27.360 [Test worker] DEBUG org.springframework.test.context.support.AbstractContextLoader - Did not detect default resource location for test class [com.allsser.book.springboot.web.IndexControllerTeset]: class path resource [com/allsser/book/springboot/web/IndexControllerTeset-context.xml] does not exist
18:27:27.360 [Test worker] DEBUG org.springframework.test.context.support.AbstractContextLoader - Did not detect default resource location for test class [com.allsser.book.springboot.web.IndexControllerTeset]: class path resource [com/allsser/book/springboot/web/IndexControllerTesetContext.groovy] does not exist
18:27:27.360 [Test worker] INFO org.springframework.test.context.support.AbstractContextLoader - Could not detect default resource locations for test class [com.allsser.book.springboot.web.IndexControllerTeset]: no resource found for suffixes {-context.xml, Context.groovy}.
18:27:27.361 [Test worker] INFO org.springframework.test.context.support.AnnotationConfigContextLoaderUtils - Could not detect default configuration classes for test class [com.allsser.book.springboot.web.IndexControllerTeset]: IndexControllerTeset does not declare any static, non-private, non-final, nested classes annotated with @Configuration.
18:27:27.395 [Test worker] DEBUG org.springframework.test.context.support.ActiveProfilesUtils - Could not find an 'annotation declaring class' for annotation type [org.springframework.test.context.ActiveProfiles] and class [com.allsser.book.springboot.web.IndexControllerTeset]
18:27:27.456 [Test worker] DEBUG org.springframework.context.annotation.ClassPathScanningCandidateComponentProvider - Identified candidate component class: file [/Users/choichanjong/IntelliJ/build/classes/java/main/com/allsser/book/springboot/Application.class]
18:27:27.456 [Test worker] INFO org.springframework.boot.test.context.SpringBootTestContextBootstrapper - Found @SpringBootConfiguration com.allsser.book.springboot.Application for test class com.allsser.book.springboot.web.IndexControllerTeset
18:27:27.531 [Test worker] DEBUG org.springframework.boot.test.context.SpringBootTestContextBootstrapper - @TestExecutionListeners is not present for class [com.allsser.book.springboot.web.IndexControllerTeset]: using defaults.
18:27:27.532 [Test worker] INFO org.springframework.boot.test.context.SpringBootTestContextBootstrapper - Loaded default TestExecutionListener class names from location [META-INF/spring.factories]: [org.springframework.security.test.context.support.WithSecurityContextTestExecutionListener, org.springframework.security.test.context.support.ReactorContextTestExecutionListener, org.springframework.boot.test.autoconfigure.restdocs.RestDocsTestExecutionListener, org.springframework.boot.test.autoconfigure.web.client.MockRestServiceServerResetTestExecutionListener, org.springframework.boot.test.autoconfigure.web.servlet.MockMvcPrintOnlyOnFailureTestExecutionListener, org.springframework.boot.test.autoconfigure.web.servlet.WebDriverTestExecutionListener, org.springframework.boot.test.autoconfigure.webservices.client.MockWebServiceServerTestExecutionListener, org.springframework.boot.test.mock.mockito.MockitoTestExecutionListener, org.springframework.boot.test.mock.mockito.ResetMocksTestExecutionListener, org.springframework.test.context.web.ServletTestExecutionListener, org.springframework.test.context.support.DirtiesContextBeforeModesTestExecutionListener, org.springframework.test.context.support.DependencyInjectionTestExecutionListener, org.springframework.test.context.support.DirtiesContextTestExecutionListener, org.springframework.test.context.transaction.TransactionalTestExecutionListener, org.springframework.test.context.jdbc.SqlScriptsTestExecutionListener, org.springframework.test.context.event.EventPublishingTestExecutionListener]
18:27:27.545 [Test worker] INFO org.springframework.boot.test.context.SpringBootTestContextBootstrapper - Using TestExecutionListeners: [org.springframework.test.context.web.ServletTestExecutionListener@5f9a5e16, org.springframework.test.context.support.DirtiesContextBeforeModesTestExecutionListener@5c49fc1d, org.springframework.boot.test.mock.mockito.MockitoTestExecutionListener@49022e4b, org.springframework.boot.test.autoconfigure.SpringBootDependencyInjectionTestExecutionListener@52dae121, org.springframework.test.context.support.DirtiesContextTestExecutionListener@5f3d6f82, org.springframework.test.context.transaction.TransactionalTestExecutionListener@4c07c96c, org.springframework.test.context.jdbc.SqlScriptsTestExecutionListener@142fc6d1, org.springframework.security.test.context.support.WithSecurityContextTestExecutionListener@1179fe9c, org.springframework.test.context.event.EventPublishingTestExecutionListener@250cd24e, org.springframework.security.test.context.support.ReactorContextTestExecutionListener@5732232a, org.springframework.boot.test.autoconfigure.restdocs.RestDocsTestExecutionListener@3d416e53, org.springframework.boot.test.autoconfigure.web.client.MockRestServiceServerResetTestExecutionListener@6392ea79, org.springframework.boot.test.autoconfigure.web.servlet.MockMvcPrintOnlyOnFailureTestExecutionListener@20cfcae7, org.springframework.boot.test.autoconfigure.web.servlet.WebDriverTestExecutionListener@66a296a7, org.springframework.boot.test.autoconfigure.webservices.client.MockWebServiceServerTestExecutionListener@50275fd6, org.springframework.boot.test.mock.mockito.ResetMocksTestExecutionListener@2492a689]
18:27:27.547 [Test worker] DEBUG org.springframework.test.context.support.AbstractDirtiesContextTestExecutionListener - Before test class: context [DefaultTestContext@41cd9b5a testClass = IndexControllerTeset, testInstance = [null], testMethod = [null], testException = [null], mergedContextConfiguration = [WebMergedContextConfiguration@6f8a5542 testClass = IndexControllerTeset, locations = '{}', classes = '{class com.allsser.book.springboot.Application}', contextInitializerClasses = '[]', activeProfiles = '{}', propertySourceLocations = '{}', propertySourceProperties = '{org.springframework.boot.test.context.SpringBootTestContextBootstrapper=true, server.port=0}', contextCustomizers = set[org.springframework.boot.test.autoconfigure.actuate.metrics.MetricsExportContextCustomizerFactory$DisableMetricExportContextCustomizer@5bd23dc5, org.springframework.boot.test.autoconfigure.properties.PropertyMappingContextCustomizer@0, org.springframework.boot.test.autoconfigure.web.servlet.WebDriverContextCustomizerFactory$Customizer@702bb719, org.springframework.boot.test.context.filter.ExcludeFilterContextCustomizer@312b61f2, org.springframework.boot.test.json.DuplicateJsonObjectContextCustomizerFactory$DuplicateJsonObjectContextCustomizer@6ccd2343, org.springframework.boot.test.mock.mockito.MockitoContextCustomizer@0, org.springframework.boot.test.web.client.TestRestTemplateContextCustomizer@c095b1b, org.springframework.boot.test.context.SpringBootTestArgs@1, org.springframework.boot.test.context.SpringBootTestWebEnvironment@6001e6f8], resourceBasePath = 'src/main/webapp', contextLoader = 'org.springframework.boot.test.context.SpringBootContextLoader', parent = [null]], attributes = map['org.springframework.test.context.web.ServletTestExecutionListener.activateListener' -> false]], class annotated with @DirtiesContext [false] with mode [null].
18:27:27.555 [Test worker] DEBUG org.springframework.test.context.support.DependencyInjectionTestExecutionListener - Performing dependency injection for test context [[DefaultTestContext@41cd9b5a testClass = IndexControllerTeset, testInstance = com.allsser.book.springboot.web.IndexControllerTeset@319c9eb6, testMethod = [null], testException = [null], mergedContextConfiguration = [WebMergedContextConfiguration@6f8a5542 testClass = IndexControllerTeset, locations = '{}', classes = '{class com.allsser.book.springboot.Application}', contextInitializerClasses = '[]', activeProfiles = '{}', propertySourceLocations = '{}', propertySourceProperties = '{org.springframework.boot.test.context.SpringBootTestContextBootstrapper=true, server.port=0}', contextCustomizers = set[org.springframework.boot.test.autoconfigure.actuate.metrics.MetricsExportContextCustomizerFactory$DisableMetricExportContextCustomizer@5bd23dc5, org.springframework.boot.test.autoconfigure.properties.PropertyMappingContextCustomizer@0, org.springframework.boot.test.autoconfigure.web.servlet.WebDriverContextCustomizerFactory$Customizer@702bb719, org.springframework.boot.test.context.filter.ExcludeFilterContextCustomizer@312b61f2, org.springframework.boot.test.json.DuplicateJsonObjectContextCustomizerFactory$DuplicateJsonObjectContextCustomizer@6ccd2343, org.springframework.boot.test.mock.mockito.MockitoContextCustomizer@0, org.springframework.boot.test.web.client.TestRestTemplateContextCustomizer@c095b1b, org.springframework.boot.test.context.SpringBootTestArgs@1, org.springframework.boot.test.context.SpringBootTestWebEnvironment@6001e6f8], resourceBasePath = 'src/main/webapp', contextLoader = 'org.springframework.boot.test.context.SpringBootContextLoader', parent = [null]], attributes = map['org.springframework.test.context.web.ServletTestExecutionListener.activateListener' -> false]]].
18:27:27.570 [Test worker] DEBUG org.springframework.test.context.support.TestPropertySourceUtils - Adding inlined properties to environment: {spring.jmx.enabled=false, org.springframework.boot.test.context.SpringBootTestContextBootstrapper=true, server.port=0}

  .   ____          _            __ _ _
 /\\ / ___'_ __ _ _(_)_ __  __ _ \ \ \ \
( ( )\___ | '_ | '_| | '_ \/ _` | \ \ \ \
 \\/  ___)| |_)| | | | | || (_| |  ) ) ) )
  '  |____| .__|_| |_|_| |_\__, | / / / /
 =========|_|==============|___/=/_/_/_/
 :: Spring Boot ::                (v2.4.1)

2021-02-18 18:27:27.987  INFO 1160 --- [    Test worker] c.a.b.s.web.IndexControllerTeset         : Starting IndexControllerTeset using Java 1.8.0_281 on choechanjong-ui-MacBookPro.local with PID 1160 (started by choichanjong in /Users/choichanjong/IntelliJ)
2021-02-18 18:27:27.989  INFO 1160 --- [    Test worker] c.a.b.s.web.IndexControllerTeset         : No active profile set, falling back to default profiles: default
2021-02-18 18:27:28.501  INFO 1160 --- [    Test worker] .s.d.r.c.RepositoryConfigurationDelegate : Bootstrapping Spring Data JPA repositories in DEFAULT mode.
2021-02-18 18:27:28.551  INFO 1160 --- [    Test worker] .s.d.r.c.RepositoryConfigurationDelegate : Finished Spring Data repository scanning in 44 ms. Found 2 JPA repository interfaces.
2021-02-18 18:27:29.189  INFO 1160 --- [    Test worker] o.s.b.w.embedded.tomcat.TomcatWebServer  : Tomcat initialized with port(s): 0 (http)
2021-02-18 18:27:29.197  INFO 1160 --- [    Test worker] o.apache.catalina.core.StandardService   : Starting service [Tomcat]
2021-02-18 18:27:29.198  INFO 1160 --- [    Test worker] org.apache.catalina.core.StandardEngine  : Starting Servlet engine: [Apache Tomcat/9.0.41]
2021-02-18 18:27:29.264  INFO 1160 --- [    Test worker] o.a.c.c.C.[Tomcat].[localhost].[/]       : Initializing Spring embedded WebApplicationContext
2021-02-18 18:27:29.264  INFO 1160 --- [    Test worker] w.s.c.ServletWebServerApplicationContext : Root WebApplicationContext: initialization completed in 1261 ms
2021-02-18 18:27:29.314  INFO 1160 --- [    Test worker] com.zaxxer.hikari.HikariDataSource       : HikariPool-1 - Starting...
2021-02-18 18:27:29.476  INFO 1160 --- [    Test worker] com.zaxxer.hikari.HikariDataSource       : HikariPool-1 - Start completed.
2021-02-18 18:27:29.484  INFO 1160 --- [    Test worker] o.s.b.a.h2.H2ConsoleAutoConfiguration    : H2 console available at '/h2-console'. Database available at 'jdbc:h2:mem:testdb'
2021-02-18 18:27:29.735  INFO 1160 --- [    Test worker] o.hibernate.jpa.internal.util.LogHelper  : HHH000204: Processing PersistenceUnitInfo [name: default]
2021-02-18 18:27:29.790  INFO 1160 --- [    Test worker] org.hibernate.Version                    : HHH000412: Hibernate ORM core version 5.4.25.Final
2021-02-18 18:27:29.945  INFO 1160 --- [    Test worker] o.hibernate.annotations.common.Version   : HCANN000001: Hibernate Commons Annotations {5.1.2.Final}
2021-02-18 18:27:30.057  INFO 1160 --- [    Test worker] org.hibernate.dialect.Dialect            : HHH000400: Using dialect: org.hibernate.dialect.MySQL57Dialect
Hibernate: drop table if exists posts
Hibernate: drop table if exists user
Hibernate: create table posts (id bigint not null auto_increment, created_date datetime(6), modified_date datetime(6), author varchar(255), content TEXT not null, title varchar(500) not null, primary key (id)) engine=InnoDB
Hibernate: create table user (id bigint not null auto_increment, created_date datetime(6), modified_date datetime(6), email varchar(255) not null, name varchar(255) not null, picture varchar(255), role varchar(255) not null, primary key (id)) engine=InnoDB
2021-02-18 18:27:30.609  INFO 1160 --- [    Test worker] o.h.e.t.j.p.i.JtaPlatformInitiator       : HHH000490: Using JtaPlatform implementation: [org.hibernate.engine.transaction.jta.platform.internal.NoJtaPlatform]
2021-02-18 18:27:30.615  INFO 1160 --- [    Test worker] j.LocalContainerEntityManagerFactoryBean : Initialized JPA EntityManagerFactory for persistence unit 'default'
2021-02-18 18:27:31.246  WARN 1160 --- [    Test worker] JpaBaseConfiguration$JpaWebConfiguration : spring.jpa.open-in-view is enabled by default. Therefore, database queries may be performed during view rendering. Explicitly configure spring.jpa.open-in-view to disable this warning
2021-02-18 18:27:31.628  INFO 1160 --- [    Test worker] o.s.s.web.DefaultSecurityFilterChain     : Will secure any request with [org.springframework.security.web.context.request.async.WebAsyncManagerIntegrationFilter@4eb9b5a, org.springframework.security.web.context.SecurityContextPersistenceFilter@7135e592, org.springframework.security.web.header.HeaderWriterFilter@6697925b, org.springframework.security.web.authentication.logout.LogoutFilter@451d7d7e, org.springframework.security.oauth2.client.web.OAuth2AuthorizationRequestRedirectFilter@6a60f4b0, org.springframework.security.oauth2.client.web.OAuth2LoginAuthenticationFilter@24af52d4, org.springframework.security.web.authentication.ui.DefaultLoginPageGeneratingFilter@32dbb429, org.springframework.security.web.authentication.ui.DefaultLogoutPageGeneratingFilter@482268ad, org.springframework.security.web.savedrequest.RequestCacheAwareFilter@263a7429, org.springframework.security.web.servletapi.SecurityContextHolderAwareRequestFilter@5df1f18f, org.springframework.security.web.authentication.AnonymousAuthenticationFilter@49eda0ed, org.springframework.security.web.session.SessionManagementFilter@48fda15d, org.springframework.security.web.access.ExceptionTranslationFilter@44cad035, org.springframework.security.web.access.intercept.FilterSecurityInterceptor@63a01ec4]
2021-02-18 18:27:31.872  INFO 1160 --- [    Test worker] o.s.s.concurrent.ThreadPoolTaskExecutor  : Initializing ExecutorService 'applicationTaskExecutor'
2021-02-18 18:27:31.984  INFO 1160 --- [    Test worker] o.s.b.a.w.s.WelcomePageHandlerMapping    : Adding welcome page template: index
2021-02-18 18:27:32.255  INFO 1160 --- [    Test worker] o.s.b.w.embedded.tomcat.TomcatWebServer  : Tomcat started on port(s): 50180 (http) with context path ''
2021-02-18 18:27:32.267  INFO 1160 --- [    Test worker] s.a.ScheduledAnnotationBeanPostProcessor : No TaskScheduler/ScheduledExecutorService bean found for scheduled processing
2021-02-18 18:27:32.275  INFO 1160 --- [    Test worker] c.a.b.s.web.IndexControllerTeset         : Started IndexControllerTeset in 4.703 seconds (JVM running for 5.587)
2021-02-18 18:27:32.433  INFO 1160 --- [o-auto-1-exec-1] o.a.c.c.C.[Tomcat].[localhost].[/]       : Initializing Spring DispatcherServlet 'dispatcherServlet'
2021-02-18 18:27:32.434  INFO 1160 --- [o-auto-1-exec-1] o.s.web.servlet.DispatcherServlet        : Initializing Servlet 'dispatcherServlet'
2021-02-18 18:27:32.437  INFO 1160 --- [o-auto-1-exec-1] o.s.web.servlet.DispatcherServlet        : Completed initialization in 3 ms
Hibernate: select posts0_.id as id1_0_, posts0_.created_date as created_2_0_, posts0_.modified_date as modified3_0_, posts0_.author as author4_0_, posts0_.content as content5_0_, posts0_.title as title6_0_ from posts posts0_ order by posts0_.id DESC
]]></system-out>
  <system-err><![CDATA[]]></system-err>
</testsuite>
