<?xml version="1.0" encoding="UTF-8"?>
<testsuite name="com.allsser.book.springboot.web.PostsApiControllerTest" tests="2" skipped="0" failures="0" errors="0" timestamp="2021-01-28T10:48:34" hostname="ip-172-31-2-111.ap-northeast-2.compute.internal" time="0.242">
  <properties/>
  <testcase name="Posts_등록된다()" classname="com.allsser.book.springboot.web.PostsApiControllerTest" time="0.171"/>
  <testcase name="Posts_수정된다()" classname="com.allsser.book.springboot.web.PostsApiControllerTest" time="0.07"/>
  <system-out><![CDATA[2021-01-28 19:48:34.326  INFO 3771 --- [    Test worker] .b.t.c.SpringBootTestContextBootstrapper : Neither @ContextConfiguration nor @ContextHierarchy found for test class [com.allsser.book.springboot.web.PostsApiControllerTest], using SpringBootContextLoader
2021-01-28 19:48:34.331  INFO 3771 --- [    Test worker] o.s.t.c.support.AbstractContextLoader    : Could not detect default resource locations for test class [com.allsser.book.springboot.web.PostsApiControllerTest]: no resource found for suffixes {-context.xml, Context.groovy}.
2021-01-28 19:48:34.331  INFO 3771 --- [    Test worker] t.c.s.AnnotationConfigContextLoaderUtils : Could not detect default configuration classes for test class [com.allsser.book.springboot.web.PostsApiControllerTest]: PostsApiControllerTest does not declare any static, non-private, non-final, nested classes annotated with @Configuration.
2021-01-28 19:48:34.333  INFO 3771 --- [    Test worker] .b.t.c.SpringBootTestContextBootstrapper : Found @SpringBootConfiguration com.allsser.book.springboot.Application for test class com.allsser.book.springboot.web.PostsApiControllerTest
2021-01-28 19:48:34.339  INFO 3771 --- [    Test worker] .b.t.c.SpringBootTestContextBootstrapper : Loaded default TestExecutionListener class names from location [META-INF/spring.factories]: [org.springframework.security.test.context.support.WithSecurityContextTestExecutionListener, org.springframework.security.test.context.support.ReactorContextTestExecutionListener, org.springframework.boot.test.autoconfigure.restdocs.RestDocsTestExecutionListener, org.springframework.boot.test.autoconfigure.web.client.MockRestServiceServerResetTestExecutionListener, org.springframework.boot.test.autoconfigure.web.servlet.MockMvcPrintOnlyOnFailureTestExecutionListener, org.springframework.boot.test.autoconfigure.web.servlet.WebDriverTestExecutionListener, org.springframework.boot.test.autoconfigure.webservices.client.MockWebServiceServerTestExecutionListener, org.springframework.boot.test.mock.mockito.MockitoTestExecutionListener, org.springframework.boot.test.mock.mockito.ResetMocksTestExecutionListener, org.springframework.test.context.web.ServletTestExecutionListener, org.springframework.test.context.support.DirtiesContextBeforeModesTestExecutionListener, org.springframework.test.context.support.DependencyInjectionTestExecutionListener, org.springframework.test.context.support.DirtiesContextTestExecutionListener, org.springframework.test.context.transaction.TransactionalTestExecutionListener, org.springframework.test.context.jdbc.SqlScriptsTestExecutionListener, org.springframework.test.context.event.EventPublishingTestExecutionListener]
2021-01-28 19:48:34.340  INFO 3771 --- [    Test worker] .b.t.c.SpringBootTestContextBootstrapper : Using TestExecutionListeners: [org.springframework.test.context.web.ServletTestExecutionListener@1ea26ecc, org.springframework.test.context.support.DirtiesContextBeforeModesTestExecutionListener@4c3f29db, org.springframework.boot.test.mock.mockito.MockitoTestExecutionListener@7f63cf28, org.springframework.boot.test.autoconfigure.SpringBootDependencyInjectionTestExecutionListener@519e438a, org.springframework.test.context.support.DirtiesContextTestExecutionListener@5cc7937b, org.springframework.test.context.transaction.TransactionalTestExecutionListener@698308c9, org.springframework.test.context.jdbc.SqlScriptsTestExecutionListener@878805e, org.springframework.security.test.context.support.WithSecurityContextTestExecutionListener@2b5910c8, org.springframework.test.context.event.EventPublishingTestExecutionListener@4be51293, org.springframework.security.test.context.support.ReactorContextTestExecutionListener@3ad19e66, org.springframework.boot.test.autoconfigure.restdocs.RestDocsTestExecutionListener@76678312, org.springframework.boot.test.autoconfigure.web.client.MockRestServiceServerResetTestExecutionListener@15db0246, org.springframework.boot.test.autoconfigure.web.servlet.MockMvcPrintOnlyOnFailureTestExecutionListener@76c9fbe4, org.springframework.boot.test.autoconfigure.web.servlet.WebDriverTestExecutionListener@40dd79f5, org.springframework.boot.test.autoconfigure.webservices.client.MockWebServiceServerTestExecutionListener@ae81def, org.springframework.boot.test.mock.mockito.ResetMocksTestExecutionListener@47ece7c6]
2021-01-28 19:48:34.361  INFO 3771 --- [    Test worker] o.a.c.c.C.[Tomcat].[localhost].[/]       : Initializing Spring TestDispatcherServlet ''
2021-01-28 19:48:34.361  INFO 3771 --- [    Test worker] o.s.t.web.servlet.TestDispatcherServlet  : Initializing Servlet ''
2021-01-28 19:48:34.362  INFO 3771 --- [    Test worker] o.s.t.web.servlet.TestDispatcherServlet  : Completed initialization in 1 ms
Hibernate: insert into posts (created_date, modified_date, author, content, title) values (?, ?, ?, ?, ?)
Hibernate: select posts0_.id as id1_0_, posts0_.created_date as created_2_0_, posts0_.modified_date as modified3_0_, posts0_.author as author4_0_, posts0_.content as content5_0_, posts0_.title as title6_0_ from posts posts0_
Hibernate: select posts0_.id as id1_0_, posts0_.created_date as created_2_0_, posts0_.modified_date as modified3_0_, posts0_.author as author4_0_, posts0_.content as content5_0_, posts0_.title as title6_0_ from posts posts0_
Hibernate: delete from posts where id=?
2021-01-28 19:48:34.521  INFO 3771 --- [    Test worker] o.a.c.c.C.[Tomcat].[localhost].[/]       : Initializing Spring TestDispatcherServlet ''
2021-01-28 19:48:34.521  INFO 3771 --- [    Test worker] o.s.t.web.servlet.TestDispatcherServlet  : Initializing Servlet ''
2021-01-28 19:48:34.524  INFO 3771 --- [    Test worker] o.s.t.web.servlet.TestDispatcherServlet  : Completed initialization in 3 ms
Hibernate: insert into posts (created_date, modified_date, author, content, title) values (?, ?, ?, ?, ?)
Hibernate: select posts0_.id as id1_0_0_, posts0_.created_date as created_2_0_0_, posts0_.modified_date as modified3_0_0_, posts0_.author as author4_0_0_, posts0_.content as content5_0_0_, posts0_.title as title6_0_0_ from posts posts0_ where posts0_.id=?
Hibernate: update posts set created_date=?, modified_date=?, author=?, content=?, title=? where id=?
Hibernate: select posts0_.id as id1_0_, posts0_.created_date as created_2_0_, posts0_.modified_date as modified3_0_, posts0_.author as author4_0_, posts0_.content as content5_0_, posts0_.title as title6_0_ from posts posts0_
Hibernate: select posts0_.id as id1_0_, posts0_.created_date as created_2_0_, posts0_.modified_date as modified3_0_, posts0_.author as author4_0_, posts0_.content as content5_0_, posts0_.title as title6_0_ from posts posts0_
Hibernate: delete from posts where id=?
]]></system-out>
  <system-err><![CDATA[]]></system-err>
</testsuite>
