<?xml version="1.0" encoding="UTF-8"?>
<testsuite name="com.allsser.book.springboot.web.PostsApiControllerTest" tests="2" skipped="0" failures="0" errors="0" timestamp="2021-02-18T14:40:07" hostname="choechanjong-ui-MacBookPro.local" time="0.172">
  <properties/>
  <testcase name="Posts_등록된다()" classname="com.allsser.book.springboot.web.PostsApiControllerTest" time="0.153"/>
  <testcase name="Posts_수정된다()" classname="com.allsser.book.springboot.web.PostsApiControllerTest" time="0.019"/>
  <system-out><![CDATA[2021-02-18 23:40:07.351  INFO 2561 --- [    Test worker] .b.t.c.SpringBootTestContextBootstrapper : Neither @ContextConfiguration nor @ContextHierarchy found for test class [com.allsser.book.springboot.web.PostsApiControllerTest], using SpringBootContextLoader
2021-02-18 23:40:07.353  INFO 2561 --- [    Test worker] o.s.t.c.support.AbstractContextLoader    : Could not detect default resource locations for test class [com.allsser.book.springboot.web.PostsApiControllerTest]: no resource found for suffixes {-context.xml, Context.groovy}.
2021-02-18 23:40:07.353  INFO 2561 --- [    Test worker] t.c.s.AnnotationConfigContextLoaderUtils : Could not detect default configuration classes for test class [com.allsser.book.springboot.web.PostsApiControllerTest]: PostsApiControllerTest does not declare any static, non-private, non-final, nested classes annotated with @Configuration.
2021-02-18 23:40:07.355  INFO 2561 --- [    Test worker] .b.t.c.SpringBootTestContextBootstrapper : Found @SpringBootConfiguration com.allsser.book.springboot.Application for test class com.allsser.book.springboot.web.PostsApiControllerTest
2021-02-18 23:40:07.356  INFO 2561 --- [    Test worker] .b.t.c.SpringBootTestContextBootstrapper : Loaded default TestExecutionListener class names from location [META-INF/spring.factories]: [org.springframework.security.test.context.support.WithSecurityContextTestExecutionListener, org.springframework.security.test.context.support.ReactorContextTestExecutionListener, org.springframework.boot.test.autoconfigure.restdocs.RestDocsTestExecutionListener, org.springframework.boot.test.autoconfigure.web.client.MockRestServiceServerResetTestExecutionListener, org.springframework.boot.test.autoconfigure.web.servlet.MockMvcPrintOnlyOnFailureTestExecutionListener, org.springframework.boot.test.autoconfigure.web.servlet.WebDriverTestExecutionListener, org.springframework.boot.test.autoconfigure.webservices.client.MockWebServiceServerTestExecutionListener, org.springframework.boot.test.mock.mockito.MockitoTestExecutionListener, org.springframework.boot.test.mock.mockito.ResetMocksTestExecutionListener, org.springframework.test.context.web.ServletTestExecutionListener, org.springframework.test.context.support.DirtiesContextBeforeModesTestExecutionListener, org.springframework.test.context.support.DependencyInjectionTestExecutionListener, org.springframework.test.context.support.DirtiesContextTestExecutionListener, org.springframework.test.context.transaction.TransactionalTestExecutionListener, org.springframework.test.context.jdbc.SqlScriptsTestExecutionListener, org.springframework.test.context.event.EventPublishingTestExecutionListener]
2021-02-18 23:40:07.357  INFO 2561 --- [    Test worker] .b.t.c.SpringBootTestContextBootstrapper : Using TestExecutionListeners: [org.springframework.test.context.web.ServletTestExecutionListener@58b6c1f5, org.springframework.test.context.support.DirtiesContextBeforeModesTestExecutionListener@12fd29d9, org.springframework.boot.test.mock.mockito.MockitoTestExecutionListener@151fd77b, org.springframework.boot.test.autoconfigure.SpringBootDependencyInjectionTestExecutionListener@5ed2c0a2, org.springframework.test.context.support.DirtiesContextTestExecutionListener@30850be4, org.springframework.test.context.transaction.TransactionalTestExecutionListener@4b4d5fcc, org.springframework.test.context.jdbc.SqlScriptsTestExecutionListener@2082fdd1, org.springframework.security.test.context.support.WithSecurityContextTestExecutionListener@681dfeb3, org.springframework.test.context.event.EventPublishingTestExecutionListener@70df027f, org.springframework.security.test.context.support.ReactorContextTestExecutionListener@514d8097, org.springframework.boot.test.autoconfigure.restdocs.RestDocsTestExecutionListener@6616931a, org.springframework.boot.test.autoconfigure.web.client.MockRestServiceServerResetTestExecutionListener@6179110d, org.springframework.boot.test.autoconfigure.web.servlet.MockMvcPrintOnlyOnFailureTestExecutionListener@693d3ba7, org.springframework.boot.test.autoconfigure.web.servlet.WebDriverTestExecutionListener@5449472f, org.springframework.boot.test.autoconfigure.webservices.client.MockWebServiceServerTestExecutionListener@61580ff, org.springframework.boot.test.mock.mockito.ResetMocksTestExecutionListener@2fcd1849]
2021-02-18 23:40:07.365  INFO 2561 --- [    Test worker] o.a.c.c.C.[Tomcat].[localhost].[/]       : Initializing Spring TestDispatcherServlet ''
2021-02-18 23:40:07.365  INFO 2561 --- [    Test worker] o.s.t.web.servlet.TestDispatcherServlet  : Initializing Servlet ''
2021-02-18 23:40:07.366  INFO 2561 --- [    Test worker] o.s.t.web.servlet.TestDispatcherServlet  : Completed initialization in 1 ms
Hibernate: insert into posts (created_date, modified_date, author, content, title) values (?, ?, ?, ?, ?)
Hibernate: select posts0_.id as id1_0_, posts0_.created_date as created_2_0_, posts0_.modified_date as modified3_0_, posts0_.author as author4_0_, posts0_.content as content5_0_, posts0_.title as title6_0_ from posts posts0_
Hibernate: select posts0_.id as id1_0_, posts0_.created_date as created_2_0_, posts0_.modified_date as modified3_0_, posts0_.author as author4_0_, posts0_.content as content5_0_, posts0_.title as title6_0_ from posts posts0_
Hibernate: delete from posts where id=?
2021-02-18 23:40:07.515  INFO 2561 --- [    Test worker] o.a.c.c.C.[Tomcat].[localhost].[/]       : Initializing Spring TestDispatcherServlet ''
2021-02-18 23:40:07.516  INFO 2561 --- [    Test worker] o.s.t.web.servlet.TestDispatcherServlet  : Initializing Servlet ''
2021-02-18 23:40:07.516  INFO 2561 --- [    Test worker] o.s.t.web.servlet.TestDispatcherServlet  : Completed initialization in 0 ms
Hibernate: insert into posts (created_date, modified_date, author, content, title) values (?, ?, ?, ?, ?)
Hibernate: select posts0_.id as id1_0_0_, posts0_.created_date as created_2_0_0_, posts0_.modified_date as modified3_0_0_, posts0_.author as author4_0_0_, posts0_.content as content5_0_0_, posts0_.title as title6_0_0_ from posts posts0_ where posts0_.id=?
Hibernate: update posts set created_date=?, modified_date=?, author=?, content=?, title=? where id=?
Hibernate: select posts0_.id as id1_0_, posts0_.created_date as created_2_0_, posts0_.modified_date as modified3_0_, posts0_.author as author4_0_, posts0_.content as content5_0_, posts0_.title as title6_0_ from posts posts0_
Hibernate: select posts0_.id as id1_0_, posts0_.created_date as created_2_0_, posts0_.modified_date as modified3_0_, posts0_.author as author4_0_, posts0_.content as content5_0_, posts0_.title as title6_0_ from posts posts0_
Hibernate: delete from posts where id=?
]]></system-out>
  <system-err><![CDATA[]]></system-err>
</testsuite>
