<?xml version="1.0" encoding="UTF-8"?>
<testsuite name="com.allsser.book.springboot.web.IndexControllerTeset" tests="1" skipped="0" failures="0" errors="0" timestamp="2021-02-22T15:02:48" hostname="DESKTOP-DI7T465" time="0.168">
  <properties/>
  <testcase name="메인페이지_로딩()" classname="com.allsser.book.springboot.web.IndexControllerTeset" time="0.168"/>
  <system-out><![CDATA[2021-02-23 00:02:46.545  INFO 15068 --- [    Test worker] .b.t.c.SpringBootTestContextBootstrapper : Neither @ContextConfiguration nor @ContextHierarchy found for test class [com.allsser.book.springboot.web.IndexControllerTeset], using SpringBootContextLoader
2021-02-23 00:02:46.546  INFO 15068 --- [    Test worker] o.s.t.c.support.AbstractContextLoader    : Could not detect default resource locations for test class [com.allsser.book.springboot.web.IndexControllerTeset]: no resource found for suffixes {-context.xml, Context.groovy}.
2021-02-23 00:02:46.546  INFO 15068 --- [    Test worker] t.c.s.AnnotationConfigContextLoaderUtils : Could not detect default configuration classes for test class [com.allsser.book.springboot.web.IndexControllerTeset]: IndexControllerTeset does not declare any static, non-private, non-final, nested classes annotated with @Configuration.
2021-02-23 00:02:46.547  INFO 15068 --- [    Test worker] .b.t.c.SpringBootTestContextBootstrapper : Found @SpringBootConfiguration com.allsser.book.springboot.Application for test class com.allsser.book.springboot.web.IndexControllerTeset
2021-02-23 00:02:46.549  INFO 15068 --- [    Test worker] .b.t.c.SpringBootTestContextBootstrapper : Loaded default TestExecutionListener class names from location [META-INF/spring.factories]: [org.springframework.security.test.context.support.WithSecurityContextTestExecutionListener, org.springframework.security.test.context.support.ReactorContextTestExecutionListener, org.springframework.boot.test.autoconfigure.restdocs.RestDocsTestExecutionListener, org.springframework.boot.test.autoconfigure.web.client.MockRestServiceServerResetTestExecutionListener, org.springframework.boot.test.autoconfigure.web.servlet.MockMvcPrintOnlyOnFailureTestExecutionListener, org.springframework.boot.test.autoconfigure.web.servlet.WebDriverTestExecutionListener, org.springframework.boot.test.autoconfigure.webservices.client.MockWebServiceServerTestExecutionListener, org.springframework.boot.test.mock.mockito.MockitoTestExecutionListener, org.springframework.boot.test.mock.mockito.ResetMocksTestExecutionListener, org.springframework.test.context.web.ServletTestExecutionListener, org.springframework.test.context.support.DirtiesContextBeforeModesTestExecutionListener, org.springframework.test.context.support.DependencyInjectionTestExecutionListener, org.springframework.test.context.support.DirtiesContextTestExecutionListener, org.springframework.test.context.transaction.TransactionalTestExecutionListener, org.springframework.test.context.jdbc.SqlScriptsTestExecutionListener, org.springframework.test.context.event.EventPublishingTestExecutionListener]
2021-02-23 00:02:46.550  INFO 15068 --- [    Test worker] .b.t.c.SpringBootTestContextBootstrapper : Using TestExecutionListeners: [org.springframework.test.context.web.ServletTestExecutionListener@dd10c35, org.springframework.test.context.support.DirtiesContextBeforeModesTestExecutionListener@1b756063, org.springframework.boot.test.mock.mockito.MockitoTestExecutionListener@4217bb26, org.springframework.boot.test.autoconfigure.SpringBootDependencyInjectionTestExecutionListener@1cea120b, org.springframework.test.context.support.DirtiesContextTestExecutionListener@19df1507, org.springframework.test.context.transaction.TransactionalTestExecutionListener@29191827, org.springframework.test.context.jdbc.SqlScriptsTestExecutionListener@56a848a9, org.springframework.security.test.context.support.WithSecurityContextTestExecutionListener@1a1e623d, org.springframework.test.context.event.EventPublishingTestExecutionListener@7b883b54, org.springframework.security.test.context.support.ReactorContextTestExecutionListener@1a31dc22, org.springframework.boot.test.autoconfigure.restdocs.RestDocsTestExecutionListener@e4822cd, org.springframework.boot.test.autoconfigure.web.client.MockRestServiceServerResetTestExecutionListener@67aea6b3, org.springframework.boot.test.autoconfigure.web.servlet.MockMvcPrintOnlyOnFailureTestExecutionListener@5d467389, org.springframework.boot.test.autoconfigure.web.servlet.WebDriverTestExecutionListener@498264cf, org.springframework.boot.test.autoconfigure.webservices.client.MockWebServiceServerTestExecutionListener@6937978, org.springframework.boot.test.mock.mockito.ResetMocksTestExecutionListener@149adc27]

  .   ____          _            __ _ _
 /\\ / ___'_ __ _ _(_)_ __  __ _ \ \ \ \
( ( )\___ | '_ | '_| | '_ \/ _` | \ \ \ \
 \\/  ___)| |_)| | | | | || (_| |  ) ) ) )
  '  |____| .__|_| |_|_| |_\__, | / / / /
 =========|_|==============|___/=/_/_/_/
 :: Spring Boot ::                (v2.4.1)

2021-02-23 00:02:46.578  INFO 15068 --- [    Test worker] c.a.b.s.web.IndexControllerTeset         : Starting IndexControllerTeset using Java 1.8.0_211 on DESKTOP-DI7T465 with PID 15068 (started by Chan in C:\Users\Chan\Desktop\springboot)
2021-02-23 00:02:46.578  INFO 15068 --- [    Test worker] c.a.b.s.web.IndexControllerTeset         : No active profile set, falling back to default profiles: default
2021-02-23 00:02:46.809  INFO 15068 --- [    Test worker] .s.d.r.c.RepositoryConfigurationDelegate : Bootstrapping Spring Data JPA repositories in DEFAULT mode.
2021-02-23 00:02:46.843  INFO 15068 --- [    Test worker] .s.d.r.c.RepositoryConfigurationDelegate : Finished Spring Data repository scanning in 34 ms. Found 2 JPA repository interfaces.
2021-02-23 00:02:47.239  INFO 15068 --- [    Test worker] o.s.b.w.embedded.tomcat.TomcatWebServer  : Tomcat initialized with port(s): 0 (http)
2021-02-23 00:02:47.254  INFO 15068 --- [    Test worker] o.apache.catalina.core.StandardService   : Starting service [Tomcat]
2021-02-23 00:02:47.255  INFO 15068 --- [    Test worker] org.apache.catalina.core.StandardEngine  : Starting Servlet engine: [Apache Tomcat/9.0.41]
2021-02-23 00:02:47.393  INFO 15068 --- [    Test worker] o.a.c.c.C.[Tomcat].[localhost].[/]       : Initializing Spring embedded WebApplicationContext
2021-02-23 00:02:47.393  INFO 15068 --- [    Test worker] w.s.c.ServletWebServerApplicationContext : Root WebApplicationContext: initialization completed in 812 ms
2021-02-23 00:02:47.430  INFO 15068 --- [    Test worker] com.zaxxer.hikari.HikariDataSource       : HikariPool-2 - Starting...
2021-02-23 00:02:47.431  INFO 15068 --- [    Test worker] com.zaxxer.hikari.HikariDataSource       : HikariPool-2 - Start completed.
2021-02-23 00:02:47.431  INFO 15068 --- [    Test worker] o.s.b.a.h2.H2ConsoleAutoConfiguration    : H2 console available at '/h2-console'. Database available at 'jdbc:h2:mem:testdb'
2021-02-23 00:02:47.568  INFO 15068 --- [    Test worker] o.hibernate.jpa.internal.util.LogHelper  : HHH000204: Processing PersistenceUnitInfo [name: default]
2021-02-23 00:02:47.576  INFO 15068 --- [    Test worker] org.hibernate.dialect.Dialect            : HHH000400: Using dialect: org.hibernate.dialect.MySQL57Dialect
Hibernate: drop table if exists posts
Hibernate: drop table if exists user
Hibernate: create table posts (id bigint not null auto_increment, created_date datetime(6), modified_date datetime(6), author varchar(255), content TEXT not null, title varchar(500) not null, primary key (id)) engine=InnoDB
Hibernate: create table user (id bigint not null auto_increment, created_date datetime(6), modified_date datetime(6), email varchar(255) not null, name varchar(255) not null, picture varchar(255), role varchar(255) not null, primary key (id)) engine=InnoDB
2021-02-23 00:02:47.630  INFO 15068 --- [    Test worker] o.h.e.t.j.p.i.JtaPlatformInitiator       : HHH000490: Using JtaPlatform implementation: [org.hibernate.engine.transaction.jta.platform.internal.NoJtaPlatform]
2021-02-23 00:02:47.630  INFO 15068 --- [    Test worker] j.LocalContainerEntityManagerFactoryBean : Initialized JPA EntityManagerFactory for persistence unit 'default'
2021-02-23 00:02:47.877  WARN 15068 --- [    Test worker] JpaBaseConfiguration$JpaWebConfiguration : spring.jpa.open-in-view is enabled by default. Therefore, database queries may be performed during view rendering. Explicitly configure spring.jpa.open-in-view to disable this warning
2021-02-23 00:02:48.083  INFO 15068 --- [    Test worker] o.s.s.web.DefaultSecurityFilterChain     : Will secure any request with [org.springframework.security.web.context.request.async.WebAsyncManagerIntegrationFilter@1cd969f7, org.springframework.security.web.context.SecurityContextPersistenceFilter@c4ced, org.springframework.security.web.header.HeaderWriterFilter@257207b0, org.springframework.security.web.authentication.logout.LogoutFilter@3455fb2, org.springframework.security.oauth2.client.web.OAuth2AuthorizationRequestRedirectFilter@68edd24f, org.springframework.security.oauth2.client.web.OAuth2LoginAuthenticationFilter@234b8643, org.springframework.security.web.authentication.ui.DefaultLoginPageGeneratingFilter@6477a3be, org.springframework.security.web.authentication.ui.DefaultLogoutPageGeneratingFilter@4edcbb0c, org.springframework.security.web.savedrequest.RequestCacheAwareFilter@14723985, org.springframework.security.web.servletapi.SecurityContextHolderAwareRequestFilter@2188e33c, org.springframework.security.web.authentication.AnonymousAuthenticationFilter@48a56732, org.springframework.security.web.session.SessionManagementFilter@258c16cd, org.springframework.security.web.access.ExceptionTranslationFilter@1d913f66, org.springframework.security.web.access.intercept.FilterSecurityInterceptor@77e4a676]
2021-02-23 00:02:48.195  INFO 15068 --- [    Test worker] o.s.s.concurrent.ThreadPoolTaskExecutor  : Initializing ExecutorService 'applicationTaskExecutor'
2021-02-23 00:02:48.229  INFO 15068 --- [    Test worker] o.s.b.a.w.s.WelcomePageHandlerMapping    : Adding welcome page template: index
2021-02-23 00:02:48.464  INFO 15068 --- [    Test worker] o.s.b.w.embedded.tomcat.TomcatWebServer  : Tomcat started on port(s): 64949 (http) with context path ''
2021-02-23 00:02:48.467  INFO 15068 --- [    Test worker] s.a.ScheduledAnnotationBeanPostProcessor : No TaskScheduler/ScheduledExecutorService bean found for scheduled processing
2021-02-23 00:02:48.468  INFO 15068 --- [    Test worker] c.a.b.s.web.IndexControllerTeset         : Started IndexControllerTeset in 1.916 seconds (JVM running for 10.673)
2021-02-23 00:02:48.562  INFO 15068 --- [o-auto-1-exec-1] o.a.c.c.C.[Tomcat].[localhost].[/]       : Initializing Spring DispatcherServlet 'dispatcherServlet'
2021-02-23 00:02:48.562  INFO 15068 --- [o-auto-1-exec-1] o.s.web.servlet.DispatcherServlet        : Initializing Servlet 'dispatcherServlet'
2021-02-23 00:02:48.562  INFO 15068 --- [o-auto-1-exec-1] o.s.web.servlet.DispatcherServlet        : Completed initialization in 0 ms
Hibernate: select posts0_.id as id1_0_, posts0_.created_date as created_2_0_, posts0_.modified_date as modified3_0_, posts0_.author as author4_0_, posts0_.content as content5_0_, posts0_.title as title6_0_ from posts posts0_ order by posts0_.id DESC
]]></system-out>
  <system-err><![CDATA[]]></system-err>
</testsuite>
