<?xml version="1.0" encoding="UTF-8"?>
<testsuite name="com.allsser.book.springboot.web.HelloControllerTest" tests="2" skipped="0" failures="0" errors="0" timestamp="2021-02-18T14:40:07" hostname="choechanjong-ui-MacBookPro.local" time="0.126">
  <properties/>
  <testcase name="hello가_리턴된다()" classname="com.allsser.book.springboot.web.HelloControllerTest" time="0.037"/>
  <testcase name="helloDto가_리턴된다()" classname="com.allsser.book.springboot.web.HelloControllerTest" time="0.088"/>
  <system-out><![CDATA[2021-02-18 23:40:06.555  INFO 2561 --- [    Test worker] .b.t.a.w.s.WebMvcTestContextBootstrapper : Neither @ContextConfiguration nor @ContextHierarchy found for test class [com.allsser.book.springboot.web.HelloControllerTest], using SpringBootContextLoader
2021-02-18 23:40:06.555  INFO 2561 --- [    Test worker] o.s.t.c.support.AbstractContextLoader    : Could not detect default resource locations for test class [com.allsser.book.springboot.web.HelloControllerTest]: no resource found for suffixes {-context.xml, Context.groovy}.
2021-02-18 23:40:06.556  INFO 2561 --- [    Test worker] t.c.s.AnnotationConfigContextLoaderUtils : Could not detect default configuration classes for test class [com.allsser.book.springboot.web.HelloControllerTest]: HelloControllerTest does not declare any static, non-private, non-final, nested classes annotated with @Configuration.
2021-02-18 23:40:06.568  INFO 2561 --- [    Test worker] .b.t.c.SpringBootTestContextBootstrapper : Found @SpringBootConfiguration com.allsser.book.springboot.Application for test class com.allsser.book.springboot.web.HelloControllerTest
2021-02-18 23:40:06.570  INFO 2561 --- [    Test worker] .b.t.a.w.s.WebMvcTestContextBootstrapper : Loaded default TestExecutionListener class names from location [META-INF/spring.factories]: [org.springframework.security.test.context.support.WithSecurityContextTestExecutionListener, org.springframework.security.test.context.support.ReactorContextTestExecutionListener, org.springframework.boot.test.autoconfigure.restdocs.RestDocsTestExecutionListener, org.springframework.boot.test.autoconfigure.web.client.MockRestServiceServerResetTestExecutionListener, org.springframework.boot.test.autoconfigure.web.servlet.MockMvcPrintOnlyOnFailureTestExecutionListener, org.springframework.boot.test.autoconfigure.web.servlet.WebDriverTestExecutionListener, org.springframework.boot.test.autoconfigure.webservices.client.MockWebServiceServerTestExecutionListener, org.springframework.boot.test.mock.mockito.MockitoTestExecutionListener, org.springframework.boot.test.mock.mockito.ResetMocksTestExecutionListener, org.springframework.test.context.web.ServletTestExecutionListener, org.springframework.test.context.support.DirtiesContextBeforeModesTestExecutionListener, org.springframework.test.context.support.DependencyInjectionTestExecutionListener, org.springframework.test.context.support.DirtiesContextTestExecutionListener, org.springframework.test.context.transaction.TransactionalTestExecutionListener, org.springframework.test.context.jdbc.SqlScriptsTestExecutionListener, org.springframework.test.context.event.EventPublishingTestExecutionListener]
2021-02-18 23:40:06.571  INFO 2561 --- [    Test worker] .b.t.a.w.s.WebMvcTestContextBootstrapper : Using TestExecutionListeners: [org.springframework.test.context.web.ServletTestExecutionListener@3ea1ff58, org.springframework.test.context.support.DirtiesContextBeforeModesTestExecutionListener@4afcb6d5, org.springframework.boot.test.mock.mockito.MockitoTestExecutionListener@76a03883, org.springframework.boot.test.autoconfigure.SpringBootDependencyInjectionTestExecutionListener@2c3b33be, org.springframework.test.context.support.DirtiesContextTestExecutionListener@1d51425e, org.springframework.test.context.transaction.TransactionalTestExecutionListener@32b4053f, org.springframework.test.context.jdbc.SqlScriptsTestExecutionListener@45a747ca, org.springframework.security.test.context.support.WithSecurityContextTestExecutionListener@30742a03, org.springframework.test.context.event.EventPublishingTestExecutionListener@2720dde1, org.springframework.security.test.context.support.ReactorContextTestExecutionListener@352fb9c7, org.springframework.boot.test.autoconfigure.restdocs.RestDocsTestExecutionListener@4ac921bf, org.springframework.boot.test.autoconfigure.web.client.MockRestServiceServerResetTestExecutionListener@5b7c2ed7, org.springframework.boot.test.autoconfigure.web.servlet.MockMvcPrintOnlyOnFailureTestExecutionListener@7a923f8c, org.springframework.boot.test.autoconfigure.web.servlet.WebDriverTestExecutionListener@32bb5098, org.springframework.boot.test.autoconfigure.webservices.client.MockWebServiceServerTestExecutionListener@31fc5ba9, org.springframework.boot.test.mock.mockito.ResetMocksTestExecutionListener@b4cc1d7]

  .   ____          _            __ _ _
 /\\ / ___'_ __ _ _(_)_ __  __ _ \ \ \ \
( ( )\___ | '_ | '_| | '_ \/ _` | \ \ \ \
 \\/  ___)| |_)| | | | | || (_| |  ) ) ) )
  '  |____| .__|_| |_|_| |_\__, | / / / /
 =========|_|==============|___/=/_/_/_/
 :: Spring Boot ::                (v2.4.1)

2021-02-18 23:40:06.600  INFO 2561 --- [    Test worker] c.a.b.s.web.HelloControllerTest          : Starting HelloControllerTest using Java 1.8.0_281 on choechanjong-ui-MacBookPro.local with PID 2561 (started by choichanjong in /Users/choichanjong/IntelliJ)
2021-02-18 23:40:06.601  INFO 2561 --- [    Test worker] c.a.b.s.web.HelloControllerTest          : No active profile set, falling back to default profiles: default
2021-02-18 23:40:06.889  INFO 2561 --- [    Test worker] o.s.s.concurrent.ThreadPoolTaskExecutor  : Initializing ExecutorService 'applicationTaskExecutor'
2021-02-18 23:40:06.918  INFO 2561 --- [    Test worker] o.s.b.a.w.s.WelcomePageHandlerMapping    : Adding welcome page template: index
2021-02-18 23:40:07.138  INFO 2561 --- [    Test worker] o.s.s.web.DefaultSecurityFilterChain     : Will secure any request with [org.springframework.security.web.context.request.async.WebAsyncManagerIntegrationFilter@2205f2f5, org.springframework.security.web.context.SecurityContextPersistenceFilter@19e22497, org.springframework.security.web.header.HeaderWriterFilter@3dbfccc7, org.springframework.security.web.csrf.CsrfFilter@6c1b7aea, org.springframework.security.web.authentication.logout.LogoutFilter@ac48166, org.springframework.security.oauth2.client.web.OAuth2AuthorizationRequestRedirectFilter@312c5703, org.springframework.security.oauth2.client.web.OAuth2AuthorizationRequestRedirectFilter@14520a96, org.springframework.security.oauth2.client.web.OAuth2LoginAuthenticationFilter@3fca5dc4, org.springframework.security.web.authentication.ui.DefaultLoginPageGeneratingFilter@77f8333d, org.springframework.security.web.authentication.ui.DefaultLogoutPageGeneratingFilter@636b800e, org.springframework.security.web.savedrequest.RequestCacheAwareFilter@6a12fa71, org.springframework.security.web.servletapi.SecurityContextHolderAwareRequestFilter@2988da00, org.springframework.security.web.authentication.AnonymousAuthenticationFilter@54164f0, org.springframework.security.oauth2.client.web.OAuth2AuthorizationCodeGrantFilter@a2d8c27, org.springframework.security.web.session.SessionManagementFilter@a443db0, org.springframework.security.web.access.ExceptionTranslationFilter@68736e14, org.springframework.security.web.access.intercept.FilterSecurityInterceptor@547e85fb]
2021-02-18 23:40:07.201  INFO 2561 --- [    Test worker] o.s.b.t.m.w.SpringBootMockServletContext : Initializing Spring TestDispatcherServlet ''
2021-02-18 23:40:07.201  INFO 2561 --- [    Test worker] o.s.t.web.servlet.TestDispatcherServlet  : Initializing Servlet ''
2021-02-18 23:40:07.202  INFO 2561 --- [    Test worker] o.s.t.web.servlet.TestDispatcherServlet  : Completed initialization in 1 ms
2021-02-18 23:40:07.216  INFO 2561 --- [    Test worker] c.a.b.s.web.HelloControllerTest          : Started HelloControllerTest in 0.635 seconds (JVM running for 7.352)
]]></system-out>
  <system-err><![CDATA[]]></system-err>
</testsuite>
