<?xml version="1.0" encoding="UTF-8"?>
<testsuite name="com.allsser.book.springboot.web.HelloControllerTest" tests="2" skipped="0" failures="0" errors="0" timestamp="2021-01-22T09:53:05" hostname="DESKTOP-DI7T465" time="0.168">
  <properties/>
  <testcase name="hello가_리턴된다()" classname="com.allsser.book.springboot.web.HelloControllerTest" time="0.074"/>
  <testcase name="helloDto가_리턴된다()" classname="com.allsser.book.springboot.web.HelloControllerTest" time="0.093"/>
  <system-out><![CDATA[2021-01-22 18:53:04.522  INFO 12864 --- [    Test worker] .b.t.a.w.s.WebMvcTestContextBootstrapper : Neither @ContextConfiguration nor @ContextHierarchy found for test class [com.allsser.book.springboot.web.HelloControllerTest], using SpringBootContextLoader
2021-01-22 18:53:04.523  INFO 12864 --- [    Test worker] o.s.t.c.support.AbstractContextLoader    : Could not detect default resource locations for test class [com.allsser.book.springboot.web.HelloControllerTest]: no resource found for suffixes {-context.xml, Context.groovy}.
2021-01-22 18:53:04.523  INFO 12864 --- [    Test worker] t.c.s.AnnotationConfigContextLoaderUtils : Could not detect default configuration classes for test class [com.allsser.book.springboot.web.HelloControllerTest]: HelloControllerTest does not declare any static, non-private, non-final, nested classes annotated with @Configuration.
2021-01-22 18:53:04.544  INFO 12864 --- [    Test worker] .b.t.c.SpringBootTestContextBootstrapper : Found @SpringBootConfiguration com.allsser.book.springboot.Application for test class com.allsser.book.springboot.web.HelloControllerTest
2021-01-22 18:53:04.545  INFO 12864 --- [    Test worker] .b.t.a.w.s.WebMvcTestContextBootstrapper : Loaded default TestExecutionListener class names from location [META-INF/spring.factories]: [org.springframework.security.test.context.support.WithSecurityContextTestExecutionListener, org.springframework.security.test.context.support.ReactorContextTestExecutionListener, org.springframework.boot.test.autoconfigure.restdocs.RestDocsTestExecutionListener, org.springframework.boot.test.autoconfigure.web.client.MockRestServiceServerResetTestExecutionListener, org.springframework.boot.test.autoconfigure.web.servlet.MockMvcPrintOnlyOnFailureTestExecutionListener, org.springframework.boot.test.autoconfigure.web.servlet.WebDriverTestExecutionListener, org.springframework.boot.test.autoconfigure.webservices.client.MockWebServiceServerTestExecutionListener, org.springframework.boot.test.mock.mockito.MockitoTestExecutionListener, org.springframework.boot.test.mock.mockito.ResetMocksTestExecutionListener, org.springframework.test.context.web.ServletTestExecutionListener, org.springframework.test.context.support.DirtiesContextBeforeModesTestExecutionListener, org.springframework.test.context.support.DependencyInjectionTestExecutionListener, org.springframework.test.context.support.DirtiesContextTestExecutionListener, org.springframework.test.context.transaction.TransactionalTestExecutionListener, org.springframework.test.context.jdbc.SqlScriptsTestExecutionListener, org.springframework.test.context.event.EventPublishingTestExecutionListener]
2021-01-22 18:53:04.546  INFO 12864 --- [    Test worker] .b.t.a.w.s.WebMvcTestContextBootstrapper : Using TestExecutionListeners: [org.springframework.test.context.web.ServletTestExecutionListener@6466e24c, org.springframework.test.context.support.DirtiesContextBeforeModesTestExecutionListener@3939b7d3, org.springframework.boot.test.mock.mockito.MockitoTestExecutionListener@11490b2b, org.springframework.boot.test.autoconfigure.SpringBootDependencyInjectionTestExecutionListener@30697ec6, org.springframework.test.context.support.DirtiesContextTestExecutionListener@634e9e05, org.springframework.test.context.transaction.TransactionalTestExecutionListener@17bd2a90, org.springframework.test.context.jdbc.SqlScriptsTestExecutionListener@4ef47b1f, org.springframework.security.test.context.support.WithSecurityContextTestExecutionListener@3590b349, org.springframework.test.context.event.EventPublishingTestExecutionListener@22b9bd48, org.springframework.security.test.context.support.ReactorContextTestExecutionListener@5c2eea25, org.springframework.boot.test.autoconfigure.restdocs.RestDocsTestExecutionListener@316f5e3c, org.springframework.boot.test.autoconfigure.web.client.MockRestServiceServerResetTestExecutionListener@1d5b9a3, org.springframework.boot.test.autoconfigure.web.servlet.MockMvcPrintOnlyOnFailureTestExecutionListener@6ee9172c, org.springframework.boot.test.autoconfigure.web.servlet.WebDriverTestExecutionListener@453da716, org.springframework.boot.test.autoconfigure.webservices.client.MockWebServiceServerTestExecutionListener@e689f33, org.springframework.boot.test.mock.mockito.ResetMocksTestExecutionListener@22dc27fc]

  .   ____          _            __ _ _
 /\\ / ___'_ __ _ _(_)_ __  __ _ \ \ \ \
( ( )\___ | '_ | '_| | '_ \/ _` | \ \ \ \
 \\/  ___)| |_)| | | | | || (_| |  ) ) ) )
  '  |____| .__|_| |_|_| |_\__, | / / / /
 =========|_|==============|___/=/_/_/_/
 :: Spring Boot ::                (v2.4.1)

2021-01-22 18:53:04.582  INFO 12864 --- [    Test worker] c.a.b.s.web.HelloControllerTest          : Starting HelloControllerTest using Java 1.8.0_211 on DESKTOP-DI7T465 with PID 12864 (started by Chan in C:\Users\Chan\Desktop\springboot)
2021-01-22 18:53:04.583  INFO 12864 --- [    Test worker] c.a.b.s.web.HelloControllerTest          : No active profile set, falling back to default profiles: default
2021-01-22 18:53:04.983  INFO 12864 --- [    Test worker] o.s.s.concurrent.ThreadPoolTaskExecutor  : Initializing ExecutorService 'applicationTaskExecutor'
2021-01-22 18:53:05.018  INFO 12864 --- [    Test worker] o.s.b.a.w.s.WelcomePageHandlerMapping    : Adding welcome page template: index
2021-01-22 18:53:05.357  INFO 12864 --- [    Test worker] o.s.s.web.DefaultSecurityFilterChain     : Will secure any request with [org.springframework.security.web.context.request.async.WebAsyncManagerIntegrationFilter@2362b464, org.springframework.security.web.context.SecurityContextPersistenceFilter@69f6c20a, org.springframework.security.web.header.HeaderWriterFilter@42d0b390, org.springframework.security.web.csrf.CsrfFilter@6a396b3c, org.springframework.security.web.authentication.logout.LogoutFilter@5cbd5337, org.springframework.security.oauth2.client.web.OAuth2AuthorizationRequestRedirectFilter@1c2e1ff7, org.springframework.security.oauth2.client.web.OAuth2AuthorizationRequestRedirectFilter@6e0e0f72, org.springframework.security.oauth2.client.web.OAuth2LoginAuthenticationFilter@690ebf66, org.springframework.security.web.authentication.ui.DefaultLoginPageGeneratingFilter@5691c452, org.springframework.security.web.authentication.ui.DefaultLogoutPageGeneratingFilter@6d0476ba, org.springframework.security.web.savedrequest.RequestCacheAwareFilter@2df4fa48, org.springframework.security.web.servletapi.SecurityContextHolderAwareRequestFilter@6a7f9055, org.springframework.security.web.authentication.AnonymousAuthenticationFilter@6cafac2c, org.springframework.security.oauth2.client.web.OAuth2AuthorizationCodeGrantFilter@2404a5cb, org.springframework.security.web.session.SessionManagementFilter@6391507d, org.springframework.security.web.access.ExceptionTranslationFilter@109a8b8f, org.springframework.security.web.access.intercept.FilterSecurityInterceptor@c9bd8ea]
2021-01-22 18:53:05.458  INFO 12864 --- [    Test worker] o.s.b.t.m.w.SpringBootMockServletContext : Initializing Spring TestDispatcherServlet ''
2021-01-22 18:53:05.458  INFO 12864 --- [    Test worker] o.s.t.web.servlet.TestDispatcherServlet  : Initializing Servlet ''
2021-01-22 18:53:05.459  INFO 12864 --- [    Test worker] o.s.t.web.servlet.TestDispatcherServlet  : Completed initialization in 1 ms
2021-01-22 18:53:05.477  INFO 12864 --- [    Test worker] c.a.b.s.web.HelloControllerTest          : Started HelloControllerTest in 0.928 seconds (JVM running for 9.64)
]]></system-out>
  <system-err><![CDATA[]]></system-err>
</testsuite>
