<?xml version="1.0" encoding="UTF-8"?>
<testsuite name="com.allsser.book.springboot.web.IndexControllerTeset" tests="1" skipped="0" failures="0" errors="0" timestamp="2021-03-03T14:25:00" hostname="DESKTOP-DI7T465" time="0.179">
  <properties/>
  <testcase name="메인페이지_로딩()" classname="com.allsser.book.springboot.web.IndexControllerTeset" time="0.179"/>
  <system-out><![CDATA[2021-03-03 23:24:58.237  INFO 11256 --- [    Test worker] .b.t.c.SpringBootTestContextBootstrapper : Neither @ContextConfiguration nor @ContextHierarchy found for test class [com.allsser.book.springboot.web.IndexControllerTeset], using SpringBootContextLoader
2021-03-03 23:24:58.238  INFO 11256 --- [    Test worker] o.s.t.c.support.AbstractContextLoader    : Could not detect default resource locations for test class [com.allsser.book.springboot.web.IndexControllerTeset]: no resource found for suffixes {-context.xml, Context.groovy}.
2021-03-03 23:24:58.239  INFO 11256 --- [    Test worker] t.c.s.AnnotationConfigContextLoaderUtils : Could not detect default configuration classes for test class [com.allsser.book.springboot.web.IndexControllerTeset]: IndexControllerTeset does not declare any static, non-private, non-final, nested classes annotated with @Configuration.
2021-03-03 23:24:58.241  INFO 11256 --- [    Test worker] .b.t.c.SpringBootTestContextBootstrapper : Found @SpringBootConfiguration com.allsser.book.springboot.Application for test class com.allsser.book.springboot.web.IndexControllerTeset
2021-03-03 23:24:58.243  INFO 11256 --- [    Test worker] .b.t.c.SpringBootTestContextBootstrapper : Loaded default TestExecutionListener class names from location [META-INF/spring.factories]: [org.springframework.security.test.context.support.WithSecurityContextTestExecutionListener, org.springframework.security.test.context.support.ReactorContextTestExecutionListener, org.springframework.boot.test.autoconfigure.restdocs.RestDocsTestExecutionListener, org.springframework.boot.test.autoconfigure.web.client.MockRestServiceServerResetTestExecutionListener, org.springframework.boot.test.autoconfigure.web.servlet.MockMvcPrintOnlyOnFailureTestExecutionListener, org.springframework.boot.test.autoconfigure.web.servlet.WebDriverTestExecutionListener, org.springframework.boot.test.autoconfigure.webservices.client.MockWebServiceServerTestExecutionListener, org.springframework.boot.test.mock.mockito.MockitoTestExecutionListener, org.springframework.boot.test.mock.mockito.ResetMocksTestExecutionListener, org.springframework.test.context.web.ServletTestExecutionListener, org.springframework.test.context.support.DirtiesContextBeforeModesTestExecutionListener, org.springframework.test.context.support.DependencyInjectionTestExecutionListener, org.springframework.test.context.support.DirtiesContextTestExecutionListener, org.springframework.test.context.transaction.TransactionalTestExecutionListener, org.springframework.test.context.jdbc.SqlScriptsTestExecutionListener, org.springframework.test.context.event.EventPublishingTestExecutionListener]
2021-03-03 23:24:58.244  INFO 11256 --- [    Test worker] .b.t.c.SpringBootTestContextBootstrapper : Using TestExecutionListeners: [org.springframework.test.context.web.ServletTestExecutionListener@67aea6b3, org.springframework.test.context.support.DirtiesContextBeforeModesTestExecutionListener@5d467389, org.springframework.boot.test.mock.mockito.MockitoTestExecutionListener@498264cf, org.springframework.boot.test.autoconfigure.SpringBootDependencyInjectionTestExecutionListener@6937978, org.springframework.test.context.support.DirtiesContextTestExecutionListener@149adc27, org.springframework.test.context.transaction.TransactionalTestExecutionListener@7a2e2f06, org.springframework.test.context.jdbc.SqlScriptsTestExecutionListener@20d08890, org.springframework.security.test.context.support.WithSecurityContextTestExecutionListener@3d157d4b, org.springframework.test.context.event.EventPublishingTestExecutionListener@7f2ce52a, org.springframework.security.test.context.support.ReactorContextTestExecutionListener@74f1a3d6, org.springframework.boot.test.autoconfigure.restdocs.RestDocsTestExecutionListener@504121d0, org.springframework.boot.test.autoconfigure.web.client.MockRestServiceServerResetTestExecutionListener@4628e1b6, org.springframework.boot.test.autoconfigure.web.servlet.MockMvcPrintOnlyOnFailureTestExecutionListener@5e3559ec, org.springframework.boot.test.autoconfigure.web.servlet.WebDriverTestExecutionListener@27a3aeef, org.springframework.boot.test.autoconfigure.webservices.client.MockWebServiceServerTestExecutionListener@7e35446a, org.springframework.boot.test.mock.mockito.ResetMocksTestExecutionListener@7f112f4b]

  .   ____          _            __ _ _
 /\\ / ___'_ __ _ _(_)_ __  __ _ \ \ \ \
( ( )\___ | '_ | '_| | '_ \/ _` | \ \ \ \
 \\/  ___)| |_)| | | | | || (_| |  ) ) ) )
  '  |____| .__|_| |_|_| |_\__, | / / / /
 =========|_|==============|___/=/_/_/_/
 :: Spring Boot ::                (v2.4.1)

2021-03-03 23:24:58.283  INFO 11256 --- [    Test worker] c.a.b.s.web.IndexControllerTeset         : Starting IndexControllerTeset using Java 1.8.0_211 on DESKTOP-DI7T465 with PID 11256 (started by Chan in C:\Users\Chan\Desktop\springboot)
2021-03-03 23:24:58.284  INFO 11256 --- [    Test worker] c.a.b.s.web.IndexControllerTeset         : No active profile set, falling back to default profiles: default
2021-03-03 23:24:58.529  INFO 11256 --- [    Test worker] .s.d.r.c.RepositoryConfigurationDelegate : Bootstrapping Spring Data JPA repositories in DEFAULT mode.
2021-03-03 23:24:58.560  INFO 11256 --- [    Test worker] .s.d.r.c.RepositoryConfigurationDelegate : Finished Spring Data repository scanning in 30 ms. Found 2 JPA repository interfaces.
2021-03-03 23:24:58.890  INFO 11256 --- [    Test worker] o.s.b.w.embedded.tomcat.TomcatWebServer  : Tomcat initialized with port(s): 0 (http)
2021-03-03 23:24:58.906  INFO 11256 --- [    Test worker] o.apache.catalina.core.StandardService   : Starting service [Tomcat]
2021-03-03 23:24:58.907  INFO 11256 --- [    Test worker] org.apache.catalina.core.StandardEngine  : Starting Servlet engine: [Apache Tomcat/9.0.41]
2021-03-03 23:24:59.065  INFO 11256 --- [    Test worker] o.a.c.c.C.[Tomcat].[localhost].[/]       : Initializing Spring embedded WebApplicationContext
2021-03-03 23:24:59.066  INFO 11256 --- [    Test worker] w.s.c.ServletWebServerApplicationContext : Root WebApplicationContext: initialization completed in 779 ms
2021-03-03 23:24:59.114  INFO 11256 --- [    Test worker] com.zaxxer.hikari.HikariDataSource       : HikariPool-2 - Starting...
2021-03-03 23:24:59.115  INFO 11256 --- [    Test worker] com.zaxxer.hikari.HikariDataSource       : HikariPool-2 - Start completed.
2021-03-03 23:24:59.115  INFO 11256 --- [    Test worker] o.s.b.a.h2.H2ConsoleAutoConfiguration    : H2 console available at '/h2-console'. Database available at 'jdbc:h2:mem:testdb'
2021-03-03 23:24:59.252  INFO 11256 --- [    Test worker] o.hibernate.jpa.internal.util.LogHelper  : HHH000204: Processing PersistenceUnitInfo [name: default]
2021-03-03 23:24:59.260  INFO 11256 --- [    Test worker] org.hibernate.dialect.Dialect            : HHH000400: Using dialect: org.hibernate.dialect.MySQL57Dialect
Hibernate: drop table if exists posts
Hibernate: drop table if exists user
Hibernate: create table posts (id bigint not null auto_increment, created_date datetime(6), modified_date datetime(6), author varchar(255), content TEXT not null, title varchar(500) not null, primary key (id)) engine=InnoDB
Hibernate: create table user (id bigint not null auto_increment, created_date datetime(6), modified_date datetime(6), email varchar(255) not null, name varchar(255) not null, picture varchar(255), role varchar(255) not null, primary key (id)) engine=InnoDB
2021-03-03 23:24:59.320  INFO 11256 --- [    Test worker] o.h.e.t.j.p.i.JtaPlatformInitiator       : HHH000490: Using JtaPlatform implementation: [org.hibernate.engine.transaction.jta.platform.internal.NoJtaPlatform]
2021-03-03 23:24:59.321  INFO 11256 --- [    Test worker] j.LocalContainerEntityManagerFactoryBean : Initialized JPA EntityManagerFactory for persistence unit 'default'
2021-03-03 23:24:59.571  WARN 11256 --- [    Test worker] JpaBaseConfiguration$JpaWebConfiguration : spring.jpa.open-in-view is enabled by default. Therefore, database queries may be performed during view rendering. Explicitly configure spring.jpa.open-in-view to disable this warning
2021-03-03 23:24:59.805  INFO 11256 --- [    Test worker] o.s.s.web.DefaultSecurityFilterChain     : Will secure any request with [org.springframework.security.web.context.request.async.WebAsyncManagerIntegrationFilter@167d9c71, org.springframework.security.web.context.SecurityContextPersistenceFilter@26373439, org.springframework.security.web.header.HeaderWriterFilter@24bf8651, org.springframework.security.web.authentication.logout.LogoutFilter@234b8643, org.springframework.security.oauth2.client.web.OAuth2AuthorizationRequestRedirectFilter@36425b0b, org.springframework.security.oauth2.client.web.OAuth2LoginAuthenticationFilter@6f25c60e, org.springframework.security.web.authentication.ui.DefaultLoginPageGeneratingFilter@77e4a676, org.springframework.security.web.authentication.ui.DefaultLogoutPageGeneratingFilter@7b52d452, org.springframework.security.web.savedrequest.RequestCacheAwareFilter@f089ca5, org.springframework.security.web.servletapi.SecurityContextHolderAwareRequestFilter@57dd1e1b, org.springframework.security.web.authentication.AnonymousAuthenticationFilter@5f6c5230, org.springframework.security.web.session.SessionManagementFilter@684c3bd, org.springframework.security.web.access.ExceptionTranslationFilter@24c1bae0, org.springframework.security.web.access.intercept.FilterSecurityInterceptor@4085b8f4]
2021-03-03 23:24:59.944  INFO 11256 --- [    Test worker] o.s.s.concurrent.ThreadPoolTaskExecutor  : Initializing ExecutorService 'applicationTaskExecutor'
2021-03-03 23:24:59.980  INFO 11256 --- [    Test worker] o.s.b.a.w.s.WelcomePageHandlerMapping    : Adding welcome page template: index
2021-03-03 23:25:00.228  INFO 11256 --- [    Test worker] o.s.b.w.embedded.tomcat.TomcatWebServer  : Tomcat started on port(s): 59288 (http) with context path ''
2021-03-03 23:25:00.231  INFO 11256 --- [    Test worker] s.a.ScheduledAnnotationBeanPostProcessor : No TaskScheduler/ScheduledExecutorService bean found for scheduled processing
2021-03-03 23:25:00.232  INFO 11256 --- [    Test worker] c.a.b.s.web.IndexControllerTeset         : Started IndexControllerTeset in 1.986 seconds (JVM running for 11.149)
2021-03-03 23:25:00.330  INFO 11256 --- [o-auto-1-exec-1] o.a.c.c.C.[Tomcat].[localhost].[/]       : Initializing Spring DispatcherServlet 'dispatcherServlet'
2021-03-03 23:25:00.330  INFO 11256 --- [o-auto-1-exec-1] o.s.web.servlet.DispatcherServlet        : Initializing Servlet 'dispatcherServlet'
2021-03-03 23:25:00.331  INFO 11256 --- [o-auto-1-exec-1] o.s.web.servlet.DispatcherServlet        : Completed initialization in 1 ms
Hibernate: select posts0_.id as id1_0_, posts0_.created_date as created_2_0_, posts0_.modified_date as modified3_0_, posts0_.author as author4_0_, posts0_.content as content5_0_, posts0_.title as title6_0_ from posts posts0_ order by posts0_.id DESC
]]></system-out>
  <system-err><![CDATA[]]></system-err>
</testsuite>
