<?xml version="1.0" encoding="UTF-8"?>
<testsuite name="com.allsser.book.springboot.web.HelloControllerTest" tests="2" skipped="0" failures="0" errors="0" timestamp="2021-02-22T13:40:44" hostname="DESKTOP-DI7T465" time="0.177">
  <properties/>
  <testcase name="hello가_리턴된다()" classname="com.allsser.book.springboot.web.HelloControllerTest" time="0.083"/>
  <testcase name="helloDto가_리턴된다()" classname="com.allsser.book.springboot.web.HelloControllerTest" time="0.093"/>
  <system-out><![CDATA[2021-02-22 22:40:43.755  INFO 584 --- [    Test worker] .b.t.a.w.s.WebMvcTestContextBootstrapper : Neither @ContextConfiguration nor @ContextHierarchy found for test class [com.allsser.book.springboot.web.HelloControllerTest], using SpringBootContextLoader
2021-02-22 22:40:43.756  INFO 584 --- [    Test worker] o.s.t.c.support.AbstractContextLoader    : Could not detect default resource locations for test class [com.allsser.book.springboot.web.HelloControllerTest]: no resource found for suffixes {-context.xml, Context.groovy}.
2021-02-22 22:40:43.756  INFO 584 --- [    Test worker] t.c.s.AnnotationConfigContextLoaderUtils : Could not detect default configuration classes for test class [com.allsser.book.springboot.web.HelloControllerTest]: HelloControllerTest does not declare any static, non-private, non-final, nested classes annotated with @Configuration.
2021-02-22 22:40:43.781  INFO 584 --- [    Test worker] .b.t.c.SpringBootTestContextBootstrapper : Found @SpringBootConfiguration com.allsser.book.springboot.Application for test class com.allsser.book.springboot.web.HelloControllerTest
2021-02-22 22:40:43.782  INFO 584 --- [    Test worker] .b.t.a.w.s.WebMvcTestContextBootstrapper : Loaded default TestExecutionListener class names from location [META-INF/spring.factories]: [org.springframework.security.test.context.support.WithSecurityContextTestExecutionListener, org.springframework.security.test.context.support.ReactorContextTestExecutionListener, org.springframework.boot.test.autoconfigure.restdocs.RestDocsTestExecutionListener, org.springframework.boot.test.autoconfigure.web.client.MockRestServiceServerResetTestExecutionListener, org.springframework.boot.test.autoconfigure.web.servlet.MockMvcPrintOnlyOnFailureTestExecutionListener, org.springframework.boot.test.autoconfigure.web.servlet.WebDriverTestExecutionListener, org.springframework.boot.test.autoconfigure.webservices.client.MockWebServiceServerTestExecutionListener, org.springframework.boot.test.mock.mockito.MockitoTestExecutionListener, org.springframework.boot.test.mock.mockito.ResetMocksTestExecutionListener, org.springframework.test.context.web.ServletTestExecutionListener, org.springframework.test.context.support.DirtiesContextBeforeModesTestExecutionListener, org.springframework.test.context.support.DependencyInjectionTestExecutionListener, org.springframework.test.context.support.DirtiesContextTestExecutionListener, org.springframework.test.context.transaction.TransactionalTestExecutionListener, org.springframework.test.context.jdbc.SqlScriptsTestExecutionListener, org.springframework.test.context.event.EventPublishingTestExecutionListener]
2021-02-22 22:40:43.783  INFO 584 --- [    Test worker] .b.t.a.w.s.WebMvcTestContextBootstrapper : Using TestExecutionListeners: [org.springframework.test.context.web.ServletTestExecutionListener@2126cb1b, org.springframework.test.context.support.DirtiesContextBeforeModesTestExecutionListener@232453ed, org.springframework.boot.test.mock.mockito.MockitoTestExecutionListener@787f0e28, org.springframework.boot.test.autoconfigure.SpringBootDependencyInjectionTestExecutionListener@7bd99d55, org.springframework.test.context.support.DirtiesContextTestExecutionListener@6cb0ff26, org.springframework.test.context.transaction.TransactionalTestExecutionListener@6d0a7266, org.springframework.test.context.jdbc.SqlScriptsTestExecutionListener@6d043fa1, org.springframework.security.test.context.support.WithSecurityContextTestExecutionListener@5a803461, org.springframework.test.context.event.EventPublishingTestExecutionListener@3122a9d8, org.springframework.security.test.context.support.ReactorContextTestExecutionListener@f8574d8, org.springframework.boot.test.autoconfigure.restdocs.RestDocsTestExecutionListener@4330bbbe, org.springframework.boot.test.autoconfigure.web.client.MockRestServiceServerResetTestExecutionListener@18c8ac85, org.springframework.boot.test.autoconfigure.web.servlet.MockMvcPrintOnlyOnFailureTestExecutionListener@3c80ba2d, org.springframework.boot.test.autoconfigure.web.servlet.WebDriverTestExecutionListener@18873ad1, org.springframework.boot.test.autoconfigure.webservices.client.MockWebServiceServerTestExecutionListener@5eac8f34, org.springframework.boot.test.mock.mockito.ResetMocksTestExecutionListener@3ddace0]

  .   ____          _            __ _ _
 /\\ / ___'_ __ _ _(_)_ __  __ _ \ \ \ \
( ( )\___ | '_ | '_| | '_ \/ _` | \ \ \ \
 \\/  ___)| |_)| | | | | || (_| |  ) ) ) )
  '  |____| .__|_| |_|_| |_\__, | / / / /
 =========|_|==============|___/=/_/_/_/
 :: Spring Boot ::                (v2.4.1)

2021-02-22 22:40:43.810  INFO 584 --- [    Test worker] c.a.b.s.web.HelloControllerTest          : Starting HelloControllerTest using Java 1.8.0_211 on DESKTOP-DI7T465 with PID 584 (started by Chan in C:\Users\Chan\Desktop\springboot)
2021-02-22 22:40:43.811  INFO 584 --- [    Test worker] c.a.b.s.web.HelloControllerTest          : No active profile set, falling back to default profiles: default
2021-02-22 22:40:44.215  INFO 584 --- [    Test worker] o.s.s.concurrent.ThreadPoolTaskExecutor  : Initializing ExecutorService 'applicationTaskExecutor'
2021-02-22 22:40:44.256  INFO 584 --- [    Test worker] o.s.b.a.w.s.WelcomePageHandlerMapping    : Adding welcome page template: index
2021-02-22 22:40:44.593  INFO 584 --- [    Test worker] o.s.s.web.DefaultSecurityFilterChain     : Will secure any request with [org.springframework.security.web.context.request.async.WebAsyncManagerIntegrationFilter@fac2d7c, org.springframework.security.web.context.SecurityContextPersistenceFilter@f0fa821, org.springframework.security.web.header.HeaderWriterFilter@54c4effc, org.springframework.security.web.csrf.CsrfFilter@2cfce52, org.springframework.security.web.authentication.logout.LogoutFilter@75033d31, org.springframework.security.oauth2.client.web.OAuth2AuthorizationRequestRedirectFilter@67a0ff3d, org.springframework.security.oauth2.client.web.OAuth2AuthorizationRequestRedirectFilter@58d027bf, org.springframework.security.oauth2.client.web.OAuth2LoginAuthenticationFilter@49939bc3, org.springframework.security.web.authentication.ui.DefaultLoginPageGeneratingFilter@971bcf3, org.springframework.security.web.authentication.ui.DefaultLogoutPageGeneratingFilter@6fe3a8e0, org.springframework.security.web.savedrequest.RequestCacheAwareFilter@744109f3, org.springframework.security.web.servletapi.SecurityContextHolderAwareRequestFilter@709b388, org.springframework.security.web.authentication.AnonymousAuthenticationFilter@7dfab528, org.springframework.security.oauth2.client.web.OAuth2AuthorizationCodeGrantFilter@2596e3af, org.springframework.security.web.session.SessionManagementFilter@28851668, org.springframework.security.web.access.ExceptionTranslationFilter@3e18a5a6, org.springframework.security.web.access.intercept.FilterSecurityInterceptor@52e66d3c]
2021-02-22 22:40:44.683  INFO 584 --- [    Test worker] o.s.b.t.m.w.SpringBootMockServletContext : Initializing Spring TestDispatcherServlet ''
2021-02-22 22:40:44.683  INFO 584 --- [    Test worker] o.s.t.web.servlet.TestDispatcherServlet  : Initializing Servlet ''
2021-02-22 22:40:44.684  INFO 584 --- [    Test worker] o.s.t.web.servlet.TestDispatcherServlet  : Completed initialization in 1 ms
2021-02-22 22:40:44.698  INFO 584 --- [    Test worker] c.a.b.s.web.HelloControllerTest          : Started HelloControllerTest in 0.912 seconds (JVM running for 8.918)
]]></system-out>
  <system-err><![CDATA[]]></system-err>
</testsuite>
