<?xml version="1.0" encoding="UTF-8"?>
<testsuite name="com.allsser.book.springboot.web.HelloControllerTest" tests="2" skipped="0" failures="0" errors="0" timestamp="2021-02-18T09:27:33" hostname="choechanjong-ui-MacBookPro.local" time="0.123">
  <properties/>
  <testcase name="hello가_리턴된다()" classname="com.allsser.book.springboot.web.HelloControllerTest" time="0.04"/>
  <testcase name="helloDto가_리턴된다()" classname="com.allsser.book.springboot.web.HelloControllerTest" time="0.082"/>
  <system-out><![CDATA[2021-02-18 18:27:32.631  INFO 1160 --- [    Test worker] .b.t.a.w.s.WebMvcTestContextBootstrapper : Neither @ContextConfiguration nor @ContextHierarchy found for test class [com.allsser.book.springboot.web.HelloControllerTest], using SpringBootContextLoader
2021-02-18 18:27:32.632  INFO 1160 --- [    Test worker] o.s.t.c.support.AbstractContextLoader    : Could not detect default resource locations for test class [com.allsser.book.springboot.web.HelloControllerTest]: no resource found for suffixes {-context.xml, Context.groovy}.
2021-02-18 18:27:32.633  INFO 1160 --- [    Test worker] t.c.s.AnnotationConfigContextLoaderUtils : Could not detect default configuration classes for test class [com.allsser.book.springboot.web.HelloControllerTest]: HelloControllerTest does not declare any static, non-private, non-final, nested classes annotated with @Configuration.
2021-02-18 18:27:32.645  INFO 1160 --- [    Test worker] .b.t.c.SpringBootTestContextBootstrapper : Found @SpringBootConfiguration com.allsser.book.springboot.Application for test class com.allsser.book.springboot.web.HelloControllerTest
2021-02-18 18:27:32.646  INFO 1160 --- [    Test worker] .b.t.a.w.s.WebMvcTestContextBootstrapper : Loaded default TestExecutionListener class names from location [META-INF/spring.factories]: [org.springframework.security.test.context.support.WithSecurityContextTestExecutionListener, org.springframework.security.test.context.support.ReactorContextTestExecutionListener, org.springframework.boot.test.autoconfigure.restdocs.RestDocsTestExecutionListener, org.springframework.boot.test.autoconfigure.web.client.MockRestServiceServerResetTestExecutionListener, org.springframework.boot.test.autoconfigure.web.servlet.MockMvcPrintOnlyOnFailureTestExecutionListener, org.springframework.boot.test.autoconfigure.web.servlet.WebDriverTestExecutionListener, org.springframework.boot.test.autoconfigure.webservices.client.MockWebServiceServerTestExecutionListener, org.springframework.boot.test.mock.mockito.MockitoTestExecutionListener, org.springframework.boot.test.mock.mockito.ResetMocksTestExecutionListener, org.springframework.test.context.web.ServletTestExecutionListener, org.springframework.test.context.support.DirtiesContextBeforeModesTestExecutionListener, org.springframework.test.context.support.DependencyInjectionTestExecutionListener, org.springframework.test.context.support.DirtiesContextTestExecutionListener, org.springframework.test.context.transaction.TransactionalTestExecutionListener, org.springframework.test.context.jdbc.SqlScriptsTestExecutionListener, org.springframework.test.context.event.EventPublishingTestExecutionListener]
2021-02-18 18:27:32.647  INFO 1160 --- [    Test worker] .b.t.a.w.s.WebMvcTestContextBootstrapper : Using TestExecutionListeners: [org.springframework.test.context.web.ServletTestExecutionListener@53550971, org.springframework.test.context.support.DirtiesContextBeforeModesTestExecutionListener@232328e0, org.springframework.boot.test.mock.mockito.MockitoTestExecutionListener@be95712, org.springframework.boot.test.autoconfigure.SpringBootDependencyInjectionTestExecutionListener@2e3f5f11, org.springframework.test.context.support.DirtiesContextTestExecutionListener@555ac526, org.springframework.test.context.transaction.TransactionalTestExecutionListener@6f048345, org.springframework.test.context.jdbc.SqlScriptsTestExecutionListener@2e941870, org.springframework.security.test.context.support.WithSecurityContextTestExecutionListener@7a871d64, org.springframework.test.context.event.EventPublishingTestExecutionListener@797794e7, org.springframework.security.test.context.support.ReactorContextTestExecutionListener@32223e27, org.springframework.boot.test.autoconfigure.restdocs.RestDocsTestExecutionListener@3c7be78b, org.springframework.boot.test.autoconfigure.web.client.MockRestServiceServerResetTestExecutionListener@7e55a15d, org.springframework.boot.test.autoconfigure.web.servlet.MockMvcPrintOnlyOnFailureTestExecutionListener@3bc0c2dc, org.springframework.boot.test.autoconfigure.web.servlet.WebDriverTestExecutionListener@18b00085, org.springframework.boot.test.autoconfigure.webservices.client.MockWebServiceServerTestExecutionListener@7b94fba7, org.springframework.boot.test.mock.mockito.ResetMocksTestExecutionListener@2898e2c1]

  .   ____          _            __ _ _
 /\\ / ___'_ __ _ _(_)_ __  __ _ \ \ \ \
( ( )\___ | '_ | '_| | '_ \/ _` | \ \ \ \
 \\/  ___)| |_)| | | | | || (_| |  ) ) ) )
  '  |____| .__|_| |_|_| |_\__, | / / / /
 =========|_|==============|___/=/_/_/_/
 :: Spring Boot ::                (v2.4.1)

2021-02-18 18:27:32.689  INFO 1160 --- [    Test worker] c.a.b.s.web.HelloControllerTest          : Starting HelloControllerTest using Java 1.8.0_281 on choechanjong-ui-MacBookPro.local with PID 1160 (started by choichanjong in /Users/choichanjong/IntelliJ)
2021-02-18 18:27:32.691  INFO 1160 --- [    Test worker] c.a.b.s.web.HelloControllerTest          : No active profile set, falling back to default profiles: default
2021-02-18 18:27:32.970  INFO 1160 --- [    Test worker] o.s.s.concurrent.ThreadPoolTaskExecutor  : Initializing ExecutorService 'applicationTaskExecutor'
2021-02-18 18:27:32.998  INFO 1160 --- [    Test worker] o.s.b.a.w.s.WelcomePageHandlerMapping    : Adding welcome page template: index
2021-02-18 18:27:33.192  INFO 1160 --- [    Test worker] o.s.s.web.DefaultSecurityFilterChain     : Will secure any request with [org.springframework.security.web.context.request.async.WebAsyncManagerIntegrationFilter@6e667c8d, org.springframework.security.web.context.SecurityContextPersistenceFilter@17334c61, org.springframework.security.web.header.HeaderWriterFilter@6623da55, org.springframework.security.web.csrf.CsrfFilter@6acbe660, org.springframework.security.web.authentication.logout.LogoutFilter@bdc955f, org.springframework.security.oauth2.client.web.OAuth2AuthorizationRequestRedirectFilter@18f6e8cf, org.springframework.security.oauth2.client.web.OAuth2AuthorizationRequestRedirectFilter@3fa433ef, org.springframework.security.oauth2.client.web.OAuth2LoginAuthenticationFilter@4abf601, org.springframework.security.web.authentication.ui.DefaultLoginPageGeneratingFilter@4e051344, org.springframework.security.web.authentication.ui.DefaultLogoutPageGeneratingFilter@13de87b2, org.springframework.security.web.savedrequest.RequestCacheAwareFilter@5b83d3eb, org.springframework.security.web.servletapi.SecurityContextHolderAwareRequestFilter@238a4bbc, org.springframework.security.web.authentication.AnonymousAuthenticationFilter@3255c91b, org.springframework.security.oauth2.client.web.OAuth2AuthorizationCodeGrantFilter@5b9f56a4, org.springframework.security.web.session.SessionManagementFilter@536ed817, org.springframework.security.web.access.ExceptionTranslationFilter@4830898d, org.springframework.security.web.access.intercept.FilterSecurityInterceptor@3c45862a]
2021-02-18 18:27:33.242  INFO 1160 --- [    Test worker] o.s.b.t.m.w.SpringBootMockServletContext : Initializing Spring TestDispatcherServlet ''
2021-02-18 18:27:33.242  INFO 1160 --- [    Test worker] o.s.t.web.servlet.TestDispatcherServlet  : Initializing Servlet ''
2021-02-18 18:27:33.243  INFO 1160 --- [    Test worker] o.s.t.web.servlet.TestDispatcherServlet  : Completed initialization in 0 ms
2021-02-18 18:27:33.260  INFO 1160 --- [    Test worker] c.a.b.s.web.HelloControllerTest          : Started HelloControllerTest in 0.606 seconds (JVM running for 6.572)
]]></system-out>
  <system-err><![CDATA[]]></system-err>
</testsuite>
