<?xml version="1.0" encoding="UTF-8"?>
<testsuite name="com.allsser.book.springboot.web.HelloControllerTest" tests="2" skipped="0" failures="0" errors="0" timestamp="2021-01-28T08:31:51" hostname="DESKTOP-A9CQPTQ" time="0.329">
  <properties/>
  <testcase name="hello가_리턴된다()" classname="com.allsser.book.springboot.web.HelloControllerTest" time="0.129"/>
  <testcase name="helloDto가_리턴된다()" classname="com.allsser.book.springboot.web.HelloControllerTest" time="0.193"/>
  <system-out><![CDATA[2021-01-28 17:31:49.458  INFO 5816 --- [    Test worker] .b.t.a.w.s.WebMvcTestContextBootstrapper : Neither @ContextConfiguration nor @ContextHierarchy found for test class [com.allsser.book.springboot.web.HelloControllerTest], using SpringBootContextLoader
2021-01-28 17:31:49.474  INFO 5816 --- [    Test worker] o.s.t.c.support.AbstractContextLoader    : Could not detect default resource locations for test class [com.allsser.book.springboot.web.HelloControllerTest]: no resource found for suffixes {-context.xml, Context.groovy}.
2021-01-28 17:31:49.476  INFO 5816 --- [    Test worker] t.c.s.AnnotationConfigContextLoaderUtils : Could not detect default configuration classes for test class [com.allsser.book.springboot.web.HelloControllerTest]: HelloControllerTest does not declare any static, non-private, non-final, nested classes annotated with @Configuration.
2021-01-28 17:31:49.564  INFO 5816 --- [    Test worker] .b.t.c.SpringBootTestContextBootstrapper : Found @SpringBootConfiguration com.allsser.book.springboot.Application for test class com.allsser.book.springboot.web.HelloControllerTest
2021-01-28 17:31:49.570  INFO 5816 --- [    Test worker] .b.t.a.w.s.WebMvcTestContextBootstrapper : Loaded default TestExecutionListener class names from location [META-INF/spring.factories]: [org.springframework.security.test.context.support.WithSecurityContextTestExecutionListener, org.springframework.security.test.context.support.ReactorContextTestExecutionListener, org.springframework.boot.test.autoconfigure.restdocs.RestDocsTestExecutionListener, org.springframework.boot.test.autoconfigure.web.client.MockRestServiceServerResetTestExecutionListener, org.springframework.boot.test.autoconfigure.web.servlet.MockMvcPrintOnlyOnFailureTestExecutionListener, org.springframework.boot.test.autoconfigure.web.servlet.WebDriverTestExecutionListener, org.springframework.boot.test.autoconfigure.webservices.client.MockWebServiceServerTestExecutionListener, org.springframework.boot.test.mock.mockito.MockitoTestExecutionListener, org.springframework.boot.test.mock.mockito.ResetMocksTestExecutionListener, org.springframework.test.context.web.ServletTestExecutionListener, org.springframework.test.context.support.DirtiesContextBeforeModesTestExecutionListener, org.springframework.test.context.support.DependencyInjectionTestExecutionListener, org.springframework.test.context.support.DirtiesContextTestExecutionListener, org.springframework.test.context.transaction.TransactionalTestExecutionListener, org.springframework.test.context.jdbc.SqlScriptsTestExecutionListener, org.springframework.test.context.event.EventPublishingTestExecutionListener]
2021-01-28 17:31:49.572  INFO 5816 --- [    Test worker] .b.t.a.w.s.WebMvcTestContextBootstrapper : Using TestExecutionListeners: [org.springframework.test.context.web.ServletTestExecutionListener@21417b41, org.springframework.test.context.support.DirtiesContextBeforeModesTestExecutionListener@4e2f4a85, org.springframework.boot.test.mock.mockito.MockitoTestExecutionListener@4195df87, org.springframework.boot.test.autoconfigure.SpringBootDependencyInjectionTestExecutionListener@650230df, org.springframework.test.context.support.DirtiesContextTestExecutionListener@4f33c44d, org.springframework.test.context.transaction.TransactionalTestExecutionListener@7b7cd44c, org.springframework.test.context.jdbc.SqlScriptsTestExecutionListener@14fa5543, org.springframework.security.test.context.support.WithSecurityContextTestExecutionListener@608a0bcb, org.springframework.test.context.event.EventPublishingTestExecutionListener@314aba3b, org.springframework.security.test.context.support.ReactorContextTestExecutionListener@2c09c6ea, org.springframework.boot.test.autoconfigure.restdocs.RestDocsTestExecutionListener@6a1fde65, org.springframework.boot.test.autoconfigure.web.client.MockRestServiceServerResetTestExecutionListener@5afb54be, org.springframework.boot.test.autoconfigure.web.servlet.MockMvcPrintOnlyOnFailureTestExecutionListener@3e84a6b8, org.springframework.boot.test.autoconfigure.web.servlet.WebDriverTestExecutionListener@5cd81914, org.springframework.boot.test.autoconfigure.webservices.client.MockWebServiceServerTestExecutionListener@48a0181c, org.springframework.boot.test.mock.mockito.ResetMocksTestExecutionListener@487eeb12]

  .   ____          _            __ _ _
 /\\ / ___'_ __ _ _(_)_ __  __ _ \ \ \ \
( ( )\___ | '_ | '_| | '_ \/ _` | \ \ \ \
 \\/  ___)| |_)| | | | | || (_| |  ) ) ) )
  '  |____| .__|_| |_|_| |_\__, | / / / /
 =========|_|==============|___/=/_/_/_/
 :: Spring Boot ::                (v2.4.1)

2021-01-28 17:31:49.666  INFO 5816 --- [    Test worker] c.a.b.s.web.HelloControllerTest          : Starting HelloControllerTest using Java 1.8.0_211 on DESKTOP-A9CQPTQ with PID 5816 (started by 최찬종 in C:\java\springboot-webservice)
2021-01-28 17:31:49.712  INFO 5816 --- [    Test worker] c.a.b.s.web.HelloControllerTest          : No active profile set, falling back to default profiles: default
2021-01-28 17:31:50.521  INFO 5816 --- [    Test worker] o.s.s.concurrent.ThreadPoolTaskExecutor  : Initializing ExecutorService 'applicationTaskExecutor'
2021-01-28 17:31:50.640  INFO 5816 --- [    Test worker] o.s.b.a.w.s.WelcomePageHandlerMapping    : Adding welcome page template: index
2021-01-28 17:31:51.231  INFO 5816 --- [    Test worker] o.s.s.web.DefaultSecurityFilterChain     : Will secure any request with [org.springframework.security.web.context.request.async.WebAsyncManagerIntegrationFilter@532c65e5, org.springframework.security.web.context.SecurityContextPersistenceFilter@4f549020, org.springframework.security.web.header.HeaderWriterFilter@265cd89e, org.springframework.security.web.csrf.CsrfFilter@58df0e32, org.springframework.security.web.authentication.logout.LogoutFilter@58fff28f, org.springframework.security.oauth2.client.web.OAuth2AuthorizationRequestRedirectFilter@2931ba30, org.springframework.security.oauth2.client.web.OAuth2AuthorizationRequestRedirectFilter@25bc830f, org.springframework.security.oauth2.client.web.OAuth2LoginAuthenticationFilter@4b683545, org.springframework.security.web.authentication.ui.DefaultLoginPageGeneratingFilter@52092597, org.springframework.security.web.authentication.ui.DefaultLogoutPageGeneratingFilter@5c85636f, org.springframework.security.web.savedrequest.RequestCacheAwareFilter@623d1827, org.springframework.security.web.servletapi.SecurityContextHolderAwareRequestFilter@22e5b4d6, org.springframework.security.web.authentication.AnonymousAuthenticationFilter@72e64f57, org.springframework.security.oauth2.client.web.OAuth2AuthorizationCodeGrantFilter@511ffa42, org.springframework.security.web.session.SessionManagementFilter@6d2fcf9, org.springframework.security.web.access.ExceptionTranslationFilter@65e905a8, org.springframework.security.web.access.intercept.FilterSecurityInterceptor@5f426c94]
2021-01-28 17:31:51.361  INFO 5816 --- [    Test worker] o.s.b.t.m.w.SpringBootMockServletContext : Initializing Spring TestDispatcherServlet ''
2021-01-28 17:31:51.363  INFO 5816 --- [    Test worker] o.s.t.web.servlet.TestDispatcherServlet  : Initializing Servlet ''
2021-01-28 17:31:51.364  INFO 5816 --- [    Test worker] o.s.t.web.servlet.TestDispatcherServlet  : Completed initialization in 1 ms
2021-01-28 17:31:51.385  INFO 5816 --- [    Test worker] c.a.b.s.web.HelloControllerTest          : Started HelloControllerTest in 1.808 seconds (JVM running for 15.022)
]]></system-out>
  <system-err><![CDATA[]]></system-err>
</testsuite>
