<?xml version="1.0" encoding="UTF-8"?>
<testsuite name="com.allsser.book.springboot.web.HelloControllerTest" tests="2" skipped="0" failures="0" errors="0" timestamp="2021-02-15T13:26:29" hostname="DESKTOP-DI7T465" time="0.142">
  <properties/>
  <testcase name="hello가_리턴된다()" classname="com.allsser.book.springboot.web.HelloControllerTest" time="0.044"/>
  <testcase name="helloDto가_리턴된다()" classname="com.allsser.book.springboot.web.HelloControllerTest" time="0.097"/>
  <system-out><![CDATA[2021-02-15 22:26:28.758  INFO 5816 --- [    Test worker] .b.t.a.w.s.WebMvcTestContextBootstrapper : Neither @ContextConfiguration nor @ContextHierarchy found for test class [com.allsser.book.springboot.web.HelloControllerTest], using SpringBootContextLoader
2021-02-15 22:26:28.759  INFO 5816 --- [    Test worker] o.s.t.c.support.AbstractContextLoader    : Could not detect default resource locations for test class [com.allsser.book.springboot.web.HelloControllerTest]: no resource found for suffixes {-context.xml, Context.groovy}.
2021-02-15 22:26:28.759  INFO 5816 --- [    Test worker] t.c.s.AnnotationConfigContextLoaderUtils : Could not detect default configuration classes for test class [com.allsser.book.springboot.web.HelloControllerTest]: HelloControllerTest does not declare any static, non-private, non-final, nested classes annotated with @Configuration.
2021-02-15 22:26:28.770  INFO 5816 --- [    Test worker] .b.t.c.SpringBootTestContextBootstrapper : Found @SpringBootConfiguration com.allsser.book.springboot.Application for test class com.allsser.book.springboot.web.HelloControllerTest
2021-02-15 22:26:28.771  INFO 5816 --- [    Test worker] .b.t.a.w.s.WebMvcTestContextBootstrapper : Loaded default TestExecutionListener class names from location [META-INF/spring.factories]: [org.springframework.security.test.context.support.WithSecurityContextTestExecutionListener, org.springframework.security.test.context.support.ReactorContextTestExecutionListener, org.springframework.boot.test.autoconfigure.restdocs.RestDocsTestExecutionListener, org.springframework.boot.test.autoconfigure.web.client.MockRestServiceServerResetTestExecutionListener, org.springframework.boot.test.autoconfigure.web.servlet.MockMvcPrintOnlyOnFailureTestExecutionListener, org.springframework.boot.test.autoconfigure.web.servlet.WebDriverTestExecutionListener, org.springframework.boot.test.autoconfigure.webservices.client.MockWebServiceServerTestExecutionListener, org.springframework.boot.test.mock.mockito.MockitoTestExecutionListener, org.springframework.boot.test.mock.mockito.ResetMocksTestExecutionListener, org.springframework.test.context.web.ServletTestExecutionListener, org.springframework.test.context.support.DirtiesContextBeforeModesTestExecutionListener, org.springframework.test.context.support.DependencyInjectionTestExecutionListener, org.springframework.test.context.support.DirtiesContextTestExecutionListener, org.springframework.test.context.transaction.TransactionalTestExecutionListener, org.springframework.test.context.jdbc.SqlScriptsTestExecutionListener, org.springframework.test.context.event.EventPublishingTestExecutionListener]
2021-02-15 22:26:28.773  INFO 5816 --- [    Test worker] .b.t.a.w.s.WebMvcTestContextBootstrapper : Using TestExecutionListeners: [org.springframework.test.context.web.ServletTestExecutionListener@42dd362b, org.springframework.test.context.support.DirtiesContextBeforeModesTestExecutionListener@1b4ba6a6, org.springframework.boot.test.mock.mockito.MockitoTestExecutionListener@37da2471, org.springframework.boot.test.autoconfigure.SpringBootDependencyInjectionTestExecutionListener@3b86778f, org.springframework.test.context.support.DirtiesContextTestExecutionListener@10c172ba, org.springframework.test.context.transaction.TransactionalTestExecutionListener@56799892, org.springframework.test.context.jdbc.SqlScriptsTestExecutionListener@3066d780, org.springframework.security.test.context.support.WithSecurityContextTestExecutionListener@3854e40c, org.springframework.test.context.event.EventPublishingTestExecutionListener@231b151e, org.springframework.security.test.context.support.ReactorContextTestExecutionListener@39bca4e7, org.springframework.boot.test.autoconfigure.restdocs.RestDocsTestExecutionListener@3f60ae87, org.springframework.boot.test.autoconfigure.web.client.MockRestServiceServerResetTestExecutionListener@208b59e3, org.springframework.boot.test.autoconfigure.web.servlet.MockMvcPrintOnlyOnFailureTestExecutionListener@5bc31b09, org.springframework.boot.test.autoconfigure.web.servlet.WebDriverTestExecutionListener@784170a, org.springframework.boot.test.autoconfigure.webservices.client.MockWebServiceServerTestExecutionListener@3daa85eb, org.springframework.boot.test.mock.mockito.ResetMocksTestExecutionListener@471497fc]

  .   ____          _            __ _ _
 /\\ / ___'_ __ _ _(_)_ __  __ _ \ \ \ \
( ( )\___ | '_ | '_| | '_ \/ _` | \ \ \ \
 \\/  ___)| |_)| | | | | || (_| |  ) ) ) )
  '  |____| .__|_| |_|_| |_\__, | / / / /
 =========|_|==============|___/=/_/_/_/
 :: Spring Boot ::                (v2.4.1)

2021-02-15 22:26:28.798  INFO 5816 --- [    Test worker] c.a.b.s.web.HelloControllerTest          : Starting HelloControllerTest using Java 1.8.0_211 on DESKTOP-DI7T465 with PID 5816 (started by Chan in C:\Users\Chan\Desktop\springboot)
2021-02-15 22:26:28.798  INFO 5816 --- [    Test worker] c.a.b.s.web.HelloControllerTest          : No active profile set, falling back to default profiles: default
2021-02-15 22:26:29.202  INFO 5816 --- [    Test worker] o.s.s.concurrent.ThreadPoolTaskExecutor  : Initializing ExecutorService 'applicationTaskExecutor'
2021-02-15 22:26:29.233  INFO 5816 --- [    Test worker] o.s.b.a.w.s.WelcomePageHandlerMapping    : Adding welcome page template: index
2021-02-15 22:26:29.550  INFO 5816 --- [    Test worker] o.s.s.web.DefaultSecurityFilterChain     : Will secure any request with [org.springframework.security.web.context.request.async.WebAsyncManagerIntegrationFilter@681db32c, org.springframework.security.web.context.SecurityContextPersistenceFilter@46ce75c6, org.springframework.security.web.header.HeaderWriterFilter@2987ee1d, org.springframework.security.web.csrf.CsrfFilter@ec6e9e1, org.springframework.security.web.authentication.logout.LogoutFilter@187bfc8c, org.springframework.security.oauth2.client.web.OAuth2AuthorizationRequestRedirectFilter@5a8c4bcb, org.springframework.security.oauth2.client.web.OAuth2AuthorizationRequestRedirectFilter@295be16b, org.springframework.security.oauth2.client.web.OAuth2LoginAuthenticationFilter@66ee8746, org.springframework.security.web.authentication.ui.DefaultLoginPageGeneratingFilter@641fd50a, org.springframework.security.web.authentication.ui.DefaultLogoutPageGeneratingFilter@66d2ea90, org.springframework.security.web.savedrequest.RequestCacheAwareFilter@17cd7aab, org.springframework.security.web.servletapi.SecurityContextHolderAwareRequestFilter@1ac8949, org.springframework.security.web.authentication.AnonymousAuthenticationFilter@49098917, org.springframework.security.oauth2.client.web.OAuth2AuthorizationCodeGrantFilter@7e2a3bd6, org.springframework.security.web.session.SessionManagementFilter@1037932d, org.springframework.security.web.access.ExceptionTranslationFilter@3bbd5de1, org.springframework.security.web.access.intercept.FilterSecurityInterceptor@7f90070]
2021-02-15 22:26:29.629  INFO 5816 --- [    Test worker] o.s.b.t.m.w.SpringBootMockServletContext : Initializing Spring TestDispatcherServlet ''
2021-02-15 22:26:29.629  INFO 5816 --- [    Test worker] o.s.t.web.servlet.TestDispatcherServlet  : Initializing Servlet ''
2021-02-15 22:26:29.629  INFO 5816 --- [    Test worker] o.s.t.web.servlet.TestDispatcherServlet  : Completed initialization in 0 ms
2021-02-15 22:26:29.644  INFO 5816 --- [    Test worker] c.a.b.s.web.HelloControllerTest          : Started HelloControllerTest in 0.869 seconds (JVM running for 10.866)
]]></system-out>
  <system-err><![CDATA[]]></system-err>
</testsuite>
