<?xml version="1.0" encoding="UTF-8"?>
<testsuite name="com.allsser.book.springboot.web.IndexControllerTeset" tests="1" skipped="0" failures="0" errors="0" timestamp="2021-01-14T13:06:42" hostname="DESKTOP-DI7T465" time="0.298">
  <properties/>
  <testcase name="메인페이지_로딩()" classname="com.allsser.book.springboot.web.IndexControllerTeset" time="0.298"/>
  <system-out><![CDATA[22:06:37.229 [Test worker] DEBUG org.springframework.test.context.BootstrapUtils - Instantiating CacheAwareContextLoaderDelegate from class [org.springframework.test.context.cache.DefaultCacheAwareContextLoaderDelegate]
22:06:37.244 [Test worker] DEBUG org.springframework.test.context.BootstrapUtils - Instantiating BootstrapContext using constructor [public org.springframework.test.context.support.DefaultBootstrapContext(java.lang.Class,org.springframework.test.context.CacheAwareContextLoaderDelegate)]
22:06:37.282 [Test worker] DEBUG org.springframework.test.context.BootstrapUtils - Instantiating TestContextBootstrapper for test class [com.allsser.book.springboot.web.IndexControllerTeset] from class [org.springframework.boot.test.context.SpringBootTestContextBootstrapper]
22:06:37.295 [Test worker] INFO org.springframework.boot.test.context.SpringBootTestContextBootstrapper - Neither @ContextConfiguration nor @ContextHierarchy found for test class [com.allsser.book.springboot.web.IndexControllerTeset], using SpringBootContextLoader
22:06:37.300 [Test worker] DEBUG org.springframework.test.context.support.AbstractContextLoader - Did not detect default resource location for test class [com.allsser.book.springboot.web.IndexControllerTeset]: class path resource [com/allsser/book/springboot/web/IndexControllerTeset-context.xml] does not exist
22:06:37.301 [Test worker] DEBUG org.springframework.test.context.support.AbstractContextLoader - Did not detect default resource location for test class [com.allsser.book.springboot.web.IndexControllerTeset]: class path resource [com/allsser/book/springboot/web/IndexControllerTesetContext.groovy] does not exist
22:06:37.301 [Test worker] INFO org.springframework.test.context.support.AbstractContextLoader - Could not detect default resource locations for test class [com.allsser.book.springboot.web.IndexControllerTeset]: no resource found for suffixes {-context.xml, Context.groovy}.
22:06:37.302 [Test worker] INFO org.springframework.test.context.support.AnnotationConfigContextLoaderUtils - Could not detect default configuration classes for test class [com.allsser.book.springboot.web.IndexControllerTeset]: IndexControllerTeset does not declare any static, non-private, non-final, nested classes annotated with @Configuration.
22:06:37.353 [Test worker] DEBUG org.springframework.test.context.support.ActiveProfilesUtils - Could not find an 'annotation declaring class' for annotation type [org.springframework.test.context.ActiveProfiles] and class [com.allsser.book.springboot.web.IndexControllerTeset]
22:06:37.462 [Test worker] DEBUG org.springframework.context.annotation.ClassPathScanningCandidateComponentProvider - Identified candidate component class: file [C:\Users\Chan\Desktop\springboot\build\classes\java\main\com\allsser\book\springboot\Application.class]
22:06:37.464 [Test worker] INFO org.springframework.boot.test.context.SpringBootTestContextBootstrapper - Found @SpringBootConfiguration com.allsser.book.springboot.Application for test class com.allsser.book.springboot.web.IndexControllerTeset
22:06:37.569 [Test worker] DEBUG org.springframework.boot.test.context.SpringBootTestContextBootstrapper - @TestExecutionListeners is not present for class [com.allsser.book.springboot.web.IndexControllerTeset]: using defaults.
22:06:37.570 [Test worker] INFO org.springframework.boot.test.context.SpringBootTestContextBootstrapper - Loaded default TestExecutionListener class names from location [META-INF/spring.factories]: [org.springframework.security.test.context.support.WithSecurityContextTestExecutionListener, org.springframework.security.test.context.support.ReactorContextTestExecutionListener, org.springframework.boot.test.autoconfigure.restdocs.RestDocsTestExecutionListener, org.springframework.boot.test.autoconfigure.web.client.MockRestServiceServerResetTestExecutionListener, org.springframework.boot.test.autoconfigure.web.servlet.MockMvcPrintOnlyOnFailureTestExecutionListener, org.springframework.boot.test.autoconfigure.web.servlet.WebDriverTestExecutionListener, org.springframework.boot.test.autoconfigure.webservices.client.MockWebServiceServerTestExecutionListener, org.springframework.boot.test.mock.mockito.MockitoTestExecutionListener, org.springframework.boot.test.mock.mockito.ResetMocksTestExecutionListener, org.springframework.test.context.web.ServletTestExecutionListener, org.springframework.test.context.support.DirtiesContextBeforeModesTestExecutionListener, org.springframework.test.context.support.DependencyInjectionTestExecutionListener, org.springframework.test.context.support.DirtiesContextTestExecutionListener, org.springframework.test.context.transaction.TransactionalTestExecutionListener, org.springframework.test.context.jdbc.SqlScriptsTestExecutionListener, org.springframework.test.context.event.EventPublishingTestExecutionListener]
22:06:37.596 [Test worker] INFO org.springframework.boot.test.context.SpringBootTestContextBootstrapper - Using TestExecutionListeners: [org.springframework.test.context.web.ServletTestExecutionListener@746a3e1c, org.springframework.test.context.support.DirtiesContextBeforeModesTestExecutionListener@273c02c, org.springframework.boot.test.mock.mockito.MockitoTestExecutionListener@4458f56e, org.springframework.boot.test.autoconfigure.SpringBootDependencyInjectionTestExecutionListener@14c79344, org.springframework.test.context.support.DirtiesContextTestExecutionListener@3178d51e, org.springframework.test.context.transaction.TransactionalTestExecutionListener@2d9601bd, org.springframework.test.context.jdbc.SqlScriptsTestExecutionListener@2ee662e4, org.springframework.security.test.context.support.WithSecurityContextTestExecutionListener@69389cf, org.springframework.test.context.event.EventPublishingTestExecutionListener@71b47c26, org.springframework.security.test.context.support.ReactorContextTestExecutionListener@6c321044, org.springframework.boot.test.autoconfigure.restdocs.RestDocsTestExecutionListener@71debe64, org.springframework.boot.test.autoconfigure.web.client.MockRestServiceServerResetTestExecutionListener@6b998c61, org.springframework.boot.test.autoconfigure.web.servlet.MockMvcPrintOnlyOnFailureTestExecutionListener@399e9878, org.springframework.boot.test.autoconfigure.web.servlet.WebDriverTestExecutionListener@45521f3f, org.springframework.boot.test.autoconfigure.webservices.client.MockWebServiceServerTestExecutionListener@417ba46f, org.springframework.boot.test.mock.mockito.ResetMocksTestExecutionListener@6626d2a5]
22:06:37.600 [Test worker] DEBUG org.springframework.test.context.support.AbstractDirtiesContextTestExecutionListener - Before test class: context [DefaultTestContext@24daab4a testClass = IndexControllerTeset, testInstance = [null], testMethod = [null], testException = [null], mergedContextConfiguration = [WebMergedContextConfiguration@133aac5f testClass = IndexControllerTeset, locations = '{}', classes = '{class com.allsser.book.springboot.Application}', contextInitializerClasses = '[]', activeProfiles = '{}', propertySourceLocations = '{}', propertySourceProperties = '{org.springframework.boot.test.context.SpringBootTestContextBootstrapper=true, server.port=0}', contextCustomizers = set[org.springframework.boot.test.autoconfigure.actuate.metrics.MetricsExportContextCustomizerFactory$DisableMetricExportContextCustomizer@3ea638c7, org.springframework.boot.test.autoconfigure.properties.PropertyMappingContextCustomizer@0, org.springframework.boot.test.autoconfigure.web.servlet.WebDriverContextCustomizerFactory$Customizer@6d6b2723, org.springframework.boot.test.context.filter.ExcludeFilterContextCustomizer@2080e9dd, org.springframework.boot.test.json.DuplicateJsonObjectContextCustomizerFactory$DuplicateJsonObjectContextCustomizer@38de9ae8, org.springframework.boot.test.mock.mockito.MockitoContextCustomizer@0, org.springframework.boot.test.web.client.TestRestTemplateContextCustomizer@64a9c8a6, org.springframework.boot.test.context.SpringBootTestArgs@1, org.springframework.boot.test.context.SpringBootTestWebEnvironment@78c00fa1], resourceBasePath = 'src/main/webapp', contextLoader = 'org.springframework.boot.test.context.SpringBootContextLoader', parent = [null]], attributes = map['org.springframework.test.context.web.ServletTestExecutionListener.activateListener' -> false]], class annotated with @DirtiesContext [false] with mode [null].
22:06:37.611 [Test worker] DEBUG org.springframework.test.context.support.DependencyInjectionTestExecutionListener - Performing dependency injection for test context [[DefaultTestContext@24daab4a testClass = IndexControllerTeset, testInstance = com.allsser.book.springboot.web.IndexControllerTeset@5406c641, testMethod = [null], testException = [null], mergedContextConfiguration = [WebMergedContextConfiguration@133aac5f testClass = IndexControllerTeset, locations = '{}', classes = '{class com.allsser.book.springboot.Application}', contextInitializerClasses = '[]', activeProfiles = '{}', propertySourceLocations = '{}', propertySourceProperties = '{org.springframework.boot.test.context.SpringBootTestContextBootstrapper=true, server.port=0}', contextCustomizers = set[org.springframework.boot.test.autoconfigure.actuate.metrics.MetricsExportContextCustomizerFactory$DisableMetricExportContextCustomizer@3ea638c7, org.springframework.boot.test.autoconfigure.properties.PropertyMappingContextCustomizer@0, org.springframework.boot.test.autoconfigure.web.servlet.WebDriverContextCustomizerFactory$Customizer@6d6b2723, org.springframework.boot.test.context.filter.ExcludeFilterContextCustomizer@2080e9dd, org.springframework.boot.test.json.DuplicateJsonObjectContextCustomizerFactory$DuplicateJsonObjectContextCustomizer@38de9ae8, org.springframework.boot.test.mock.mockito.MockitoContextCustomizer@0, org.springframework.boot.test.web.client.TestRestTemplateContextCustomizer@64a9c8a6, org.springframework.boot.test.context.SpringBootTestArgs@1, org.springframework.boot.test.context.SpringBootTestWebEnvironment@78c00fa1], resourceBasePath = 'src/main/webapp', contextLoader = 'org.springframework.boot.test.context.SpringBootContextLoader', parent = [null]], attributes = map['org.springframework.test.context.web.ServletTestExecutionListener.activateListener' -> false]]].
22:06:37.634 [Test worker] DEBUG org.springframework.test.context.support.TestPropertySourceUtils - Adding inlined properties to environment: {spring.jmx.enabled=false, org.springframework.boot.test.context.SpringBootTestContextBootstrapper=true, server.port=0}

  .   ____          _            __ _ _
 /\\ / ___'_ __ _ _(_)_ __  __ _ \ \ \ \
( ( )\___ | '_ | '_| | '_ \/ _` | \ \ \ \
 \\/  ___)| |_)| | | | | || (_| |  ) ) ) )
  '  |____| .__|_| |_|_| |_\__, | / / / /
 =========|_|==============|___/=/_/_/_/
 :: Spring Boot ::                (v2.4.1)

2021-01-14 22:06:37.922  INFO 23384 --- [    Test worker] c.a.b.s.web.IndexControllerTeset         : Starting IndexControllerTeset using Java 1.8.0_211 on DESKTOP-DI7T465 with PID 23384 (started by Chan in C:\Users\Chan\Desktop\springboot)
2021-01-14 22:06:37.925  INFO 23384 --- [    Test worker] c.a.b.s.web.IndexControllerTeset         : No active profile set, falling back to default profiles: default
2021-01-14 22:06:38.543  INFO 23384 --- [    Test worker] .s.d.r.c.RepositoryConfigurationDelegate : Bootstrapping Spring Data JPA repositories in DEFAULT mode.
2021-01-14 22:06:38.615  INFO 23384 --- [    Test worker] .s.d.r.c.RepositoryConfigurationDelegate : Finished Spring Data repository scanning in 63 ms. Found 1 JPA repository interfaces.
2021-01-14 22:06:39.294  INFO 23384 --- [    Test worker] o.s.b.w.embedded.tomcat.TomcatWebServer  : Tomcat initialized with port(s): 0 (http)
2021-01-14 22:06:39.336  INFO 23384 --- [    Test worker] o.apache.catalina.core.StandardService   : Starting service [Tomcat]
2021-01-14 22:06:39.337  INFO 23384 --- [    Test worker] org.apache.catalina.core.StandardEngine  : Starting Servlet engine: [Apache Tomcat/9.0.41]
2021-01-14 22:06:39.460  INFO 23384 --- [    Test worker] o.a.c.c.C.[Tomcat].[localhost].[/]       : Initializing Spring embedded WebApplicationContext
2021-01-14 22:06:39.461  INFO 23384 --- [    Test worker] w.s.c.ServletWebServerApplicationContext : Root WebApplicationContext: initialization completed in 1512 ms
2021-01-14 22:06:39.551  INFO 23384 --- [    Test worker] com.zaxxer.hikari.HikariDataSource       : HikariPool-1 - Starting...
2021-01-14 22:06:39.794  INFO 23384 --- [    Test worker] com.zaxxer.hikari.HikariDataSource       : HikariPool-1 - Start completed.
2021-01-14 22:06:39.802  INFO 23384 --- [    Test worker] o.s.b.a.h2.H2ConsoleAutoConfiguration    : H2 console available at '/h2-console'. Database available at 'jdbc:h2:mem:testdb'
2021-01-14 22:06:40.181  INFO 23384 --- [    Test worker] o.hibernate.jpa.internal.util.LogHelper  : HHH000204: Processing PersistenceUnitInfo [name: default]
2021-01-14 22:06:40.251  INFO 23384 --- [    Test worker] org.hibernate.Version                    : HHH000412: Hibernate ORM core version 5.4.25.Final
2021-01-14 22:06:40.448  INFO 23384 --- [    Test worker] o.hibernate.annotations.common.Version   : HCANN000001: Hibernate Commons Annotations {5.1.2.Final}
2021-01-14 22:06:40.593  INFO 23384 --- [    Test worker] org.hibernate.dialect.Dialect            : HHH000400: Using dialect: org.hibernate.dialect.MySQL57Dialect
Hibernate: drop table if exists posts
Hibernate: create table posts (id bigint not null auto_increment, created_date datetime(6), modified_date datetime(6), author varchar(255), content TEXT not null, title varchar(500) not null, primary key (id)) engine=InnoDB
2021-01-14 22:06:41.279  INFO 23384 --- [    Test worker] o.h.e.t.j.p.i.JtaPlatformInitiator       : HHH000490: Using JtaPlatform implementation: [org.hibernate.engine.transaction.jta.platform.internal.NoJtaPlatform]
2021-01-14 22:06:41.289  INFO 23384 --- [    Test worker] j.LocalContainerEntityManagerFactoryBean : Initialized JPA EntityManagerFactory for persistence unit 'default'
2021-01-14 22:06:41.700  WARN 23384 --- [    Test worker] JpaBaseConfiguration$JpaWebConfiguration : spring.jpa.open-in-view is enabled by default. Therefore, database queries may be performed during view rendering. Explicitly configure spring.jpa.open-in-view to disable this warning
2021-01-14 22:06:41.920  INFO 23384 --- [    Test worker] o.s.s.concurrent.ThreadPoolTaskExecutor  : Initializing ExecutorService 'applicationTaskExecutor'
2021-01-14 22:06:42.152  INFO 23384 --- [    Test worker] o.s.b.a.w.s.WelcomePageHandlerMapping    : Adding welcome page template: index
2021-01-14 22:06:42.456  INFO 23384 --- [    Test worker] o.s.b.w.embedded.tomcat.TomcatWebServer  : Tomcat started on port(s): 65522 (http) with context path ''
2021-01-14 22:06:42.464  INFO 23384 --- [    Test worker] c.a.b.s.web.IndexControllerTeset         : Started IndexControllerTeset in 4.828 seconds (JVM running for 6.127)
2021-01-14 22:06:42.644  INFO 23384 --- [o-auto-1-exec-1] o.a.c.c.C.[Tomcat].[localhost].[/]       : Initializing Spring DispatcherServlet 'dispatcherServlet'
2021-01-14 22:06:42.644  INFO 23384 --- [o-auto-1-exec-1] o.s.web.servlet.DispatcherServlet        : Initializing Servlet 'dispatcherServlet'
2021-01-14 22:06:42.645  INFO 23384 --- [o-auto-1-exec-1] o.s.web.servlet.DispatcherServlet        : Completed initialization in 1 ms
]]></system-out>
  <system-err><![CDATA[]]></system-err>
</testsuite>
