<?xml version="1.0" encoding="UTF-8"?>
<testsuite name="com.allsser.book.springboot.web.HelloControllerTest" tests="2" skipped="0" failures="0" errors="0" timestamp="2021-03-03T14:31:39" hostname="DESKTOP-DI7T465" time="0.181">
  <properties/>
  <testcase name="hello가_리턴된다()" classname="com.allsser.book.springboot.web.HelloControllerTest" time="0.087"/>
  <testcase name="helloDto가_리턴된다()" classname="com.allsser.book.springboot.web.HelloControllerTest" time="0.093"/>
  <system-out><![CDATA[2021-03-03 23:31:38.993  INFO 16272 --- [    Test worker] .b.t.a.w.s.WebMvcTestContextBootstrapper : Neither @ContextConfiguration nor @ContextHierarchy found for test class [com.allsser.book.springboot.web.HelloControllerTest], using SpringBootContextLoader
2021-03-03 23:31:38.994  INFO 16272 --- [    Test worker] o.s.t.c.support.AbstractContextLoader    : Could not detect default resource locations for test class [com.allsser.book.springboot.web.HelloControllerTest]: no resource found for suffixes {-context.xml, Context.groovy}.
2021-03-03 23:31:38.994  INFO 16272 --- [    Test worker] t.c.s.AnnotationConfigContextLoaderUtils : Could not detect default configuration classes for test class [com.allsser.book.springboot.web.HelloControllerTest]: HelloControllerTest does not declare any static, non-private, non-final, nested classes annotated with @Configuration.
2021-03-03 23:31:39.019  INFO 16272 --- [    Test worker] .b.t.c.SpringBootTestContextBootstrapper : Found @SpringBootConfiguration com.allsser.book.springboot.Application for test class com.allsser.book.springboot.web.HelloControllerTest
2021-03-03 23:31:39.020  INFO 16272 --- [    Test worker] .b.t.a.w.s.WebMvcTestContextBootstrapper : Loaded default TestExecutionListener class names from location [META-INF/spring.factories]: [org.springframework.security.test.context.support.WithSecurityContextTestExecutionListener, org.springframework.security.test.context.support.ReactorContextTestExecutionListener, org.springframework.boot.test.autoconfigure.restdocs.RestDocsTestExecutionListener, org.springframework.boot.test.autoconfigure.web.client.MockRestServiceServerResetTestExecutionListener, org.springframework.boot.test.autoconfigure.web.servlet.MockMvcPrintOnlyOnFailureTestExecutionListener, org.springframework.boot.test.autoconfigure.web.servlet.WebDriverTestExecutionListener, org.springframework.boot.test.autoconfigure.webservices.client.MockWebServiceServerTestExecutionListener, org.springframework.boot.test.mock.mockito.MockitoTestExecutionListener, org.springframework.boot.test.mock.mockito.ResetMocksTestExecutionListener, org.springframework.test.context.web.ServletTestExecutionListener, org.springframework.test.context.support.DirtiesContextBeforeModesTestExecutionListener, org.springframework.test.context.support.DependencyInjectionTestExecutionListener, org.springframework.test.context.support.DirtiesContextTestExecutionListener, org.springframework.test.context.transaction.TransactionalTestExecutionListener, org.springframework.test.context.jdbc.SqlScriptsTestExecutionListener, org.springframework.test.context.event.EventPublishingTestExecutionListener]
2021-03-03 23:31:39.022  INFO 16272 --- [    Test worker] .b.t.a.w.s.WebMvcTestContextBootstrapper : Using TestExecutionListeners: [org.springframework.test.context.web.ServletTestExecutionListener@1d5b9a3, org.springframework.test.context.support.DirtiesContextBeforeModesTestExecutionListener@6ee9172c, org.springframework.boot.test.mock.mockito.MockitoTestExecutionListener@453da716, org.springframework.boot.test.autoconfigure.SpringBootDependencyInjectionTestExecutionListener@e689f33, org.springframework.test.context.support.DirtiesContextTestExecutionListener@22dc27fc, org.springframework.test.context.transaction.TransactionalTestExecutionListener@4aa14fc, org.springframework.test.context.jdbc.SqlScriptsTestExecutionListener@2c871668, org.springframework.security.test.context.support.WithSecurityContextTestExecutionListener@665c95cc, org.springframework.test.context.event.EventPublishingTestExecutionListener@25fcad3c, org.springframework.security.test.context.support.ReactorContextTestExecutionListener@7125408b, org.springframework.boot.test.autoconfigure.restdocs.RestDocsTestExecutionListener@65852c91, org.springframework.boot.test.autoconfigure.web.client.MockRestServiceServerResetTestExecutionListener@67753718, org.springframework.boot.test.autoconfigure.web.servlet.MockMvcPrintOnlyOnFailureTestExecutionListener@27a0f387, org.springframework.boot.test.autoconfigure.web.servlet.WebDriverTestExecutionListener@7cdadee0, org.springframework.boot.test.autoconfigure.webservices.client.MockWebServiceServerTestExecutionListener@30f7844e, org.springframework.boot.test.mock.mockito.ResetMocksTestExecutionListener@7e74b8bf]

  .   ____          _            __ _ _
 /\\ / ___'_ __ _ _(_)_ __  __ _ \ \ \ \
( ( )\___ | '_ | '_| | '_ \/ _` | \ \ \ \
 \\/  ___)| |_)| | | | | || (_| |  ) ) ) )
  '  |____| .__|_| |_|_| |_\__, | / / / /
 =========|_|==============|___/=/_/_/_/
 :: Spring Boot ::                (v2.4.1)

2021-03-03 23:31:39.048  INFO 16272 --- [    Test worker] c.a.b.s.web.HelloControllerTest          : Starting HelloControllerTest using Java 1.8.0_211 on DESKTOP-DI7T465 with PID 16272 (started by Chan in C:\Users\Chan\Desktop\springboot)
2021-03-03 23:31:39.049  INFO 16272 --- [    Test worker] c.a.b.s.web.HelloControllerTest          : No active profile set, falling back to default profiles: default
2021-03-03 23:31:39.439  INFO 16272 --- [    Test worker] o.s.s.concurrent.ThreadPoolTaskExecutor  : Initializing ExecutorService 'applicationTaskExecutor'
2021-03-03 23:31:39.474  INFO 16272 --- [    Test worker] o.s.b.a.w.s.WelcomePageHandlerMapping    : Adding welcome page template: index
2021-03-03 23:31:39.846  INFO 16272 --- [    Test worker] o.s.s.web.DefaultSecurityFilterChain     : Will secure any request with [org.springframework.security.web.context.request.async.WebAsyncManagerIntegrationFilter@15e9bf7f, org.springframework.security.web.context.SecurityContextPersistenceFilter@6e0e0f72, org.springframework.security.web.header.HeaderWriterFilter@690ebf66, org.springframework.security.web.csrf.CsrfFilter@54f02572, org.springframework.security.web.authentication.logout.LogoutFilter@3aef5ba6, org.springframework.security.oauth2.client.web.OAuth2AuthorizationRequestRedirectFilter@54d5ac46, org.springframework.security.oauth2.client.web.OAuth2AuthorizationRequestRedirectFilter@49f25034, org.springframework.security.oauth2.client.web.OAuth2LoginAuthenticationFilter@458ab43c, org.springframework.security.web.authentication.ui.DefaultLoginPageGeneratingFilter@2362b464, org.springframework.security.web.authentication.ui.DefaultLogoutPageGeneratingFilter@d2b148e, org.springframework.security.web.savedrequest.RequestCacheAwareFilter@2b364e3, org.springframework.security.web.servletapi.SecurityContextHolderAwareRequestFilter@1e5a0e5c, org.springframework.security.web.authentication.AnonymousAuthenticationFilter@57b6dd58, org.springframework.security.oauth2.client.web.OAuth2AuthorizationCodeGrantFilter@1db8ffec, org.springframework.security.web.session.SessionManagementFilter@3c80dc80, org.springframework.security.web.access.ExceptionTranslationFilter@1c2e1ff7, org.springframework.security.web.access.intercept.FilterSecurityInterceptor@1a2aa81f]
2021-03-03 23:31:39.967  INFO 16272 --- [    Test worker] o.s.b.t.m.w.SpringBootMockServletContext : Initializing Spring TestDispatcherServlet ''
2021-03-03 23:31:39.968  INFO 16272 --- [    Test worker] o.s.t.web.servlet.TestDispatcherServlet  : Initializing Servlet ''
2021-03-03 23:31:39.968  INFO 16272 --- [    Test worker] o.s.t.web.servlet.TestDispatcherServlet  : Completed initialization in 0 ms
2021-03-03 23:31:39.986  INFO 16272 --- [    Test worker] c.a.b.s.web.HelloControllerTest          : Started HelloControllerTest in 0.962 seconds (JVM running for 8.711)
]]></system-out>
  <system-err><![CDATA[]]></system-err>
</testsuite>
